{"/opt/lampp/htdocs/Cloud/Project-NL/liars-ask-react-deploy/client/src/AsyncComponent.js": {"path":"/opt/lampp/htdocs/Cloud/Project-NL/liars-ask-react-deploy/client/src/AsyncComponent.js","statementMap":{"0":{"start":{"line":3,"column":23},"end":{"line":18,"column":1}},"1":{"start":{"line":4,"column":4},"end":{"line":17,"column":5}},"2":{"start":{"line":5,"column":16},"end":{"line":7,"column":9}},"3":{"start":{"line":10,"column":12},"end":{"line":10,"column":82}},"4":{"start":{"line":10,"column":40},"end":{"line":10,"column":81}},"5":{"start":{"line":14,"column":22},"end":{"line":14,"column":42}},"6":{"start":{"line":15,"column":12},"end":{"line":15,"column":51}}},"fnMap":{"0":{"name":"(anonymous_0)","decl":{"start":{"line":3,"column":23},"end":{"line":3,"column":24}},"loc":{"start":{"line":3,"column":40},"end":{"line":18,"column":1}},"line":3},"1":{"name":"(anonymous_1)","decl":{"start":{"line":9,"column":8},"end":{"line":9,"column":9}},"loc":{"start":{"line":9,"column":28},"end":{"line":11,"column":9}},"line":9},"2":{"name":"(anonymous_2)","decl":{"start":{"line":10,"column":33},"end":{"line":10,"column":34}},"loc":{"start":{"line":10,"column":40},"end":{"line":10,"column":81}},"line":10},"3":{"name":"(anonymous_3)","decl":{"start":{"line":13,"column":8},"end":{"line":13,"column":9}},"loc":{"start":{"line":13,"column":17},"end":{"line":16,"column":9}},"line":13}},"branchMap":{"0":{"loc":{"start":{"line":15,"column":19},"end":{"line":15,"column":51}},"type":"cond-expr","locations":[{"start":{"line":15,"column":23},"end":{"line":15,"column":44}},{"start":{"line":15,"column":47},"end":{"line":15,"column":51}}],"line":15}},"s":{"0":0,"1":0,"2":0,"3":0,"4":0,"5":0,"6":0},"f":{"0":0,"1":0,"2":0,"3":0},"b":{"0":[0,0]},"hash":"55ff545485a465ab77f763a671d6aca8bb003077"}
,"/opt/lampp/htdocs/Cloud/Project-NL/liars-ask-react-deploy/client/src/MainRouter.js": {"path":"/opt/lampp/htdocs/Cloud/Project-NL/liars-ask-react-deploy/client/src/MainRouter.js","statementMap":{"0":{"start":{"line":7,"column":19},"end":{"line":9,"column":2}},"1":{"start":{"line":8,"column":4},"end":{"line":8,"column":40}},"2":{"start":{"line":13,"column":26},"end":{"line":13,"column":68}},"3":{"start":{"line":14,"column":8},"end":{"line":20,"column":9}},"4":{"start":{"line":15,"column":12},"end":{"line":15,"column":32}},"5":{"start":{"line":16,"column":15},"end":{"line":20,"column":9}},"6":{"start":{"line":17,"column":12},"end":{"line":17,"column":33}},"7":{"start":{"line":19,"column":12},"end":{"line":19,"column":34}}},"fnMap":{"0":{"name":"(anonymous_0)","decl":{"start":{"line":7,"column":34},"end":{"line":7,"column":35}},"loc":{"start":{"line":7,"column":40},"end":{"line":9,"column":1}},"line":7},"1":{"name":"(anonymous_1)","decl":{"start":{"line":12,"column":4},"end":{"line":12,"column":5}},"loc":{"start":{"line":12,"column":13},"end":{"line":21,"column":5}},"line":12}},"branchMap":{"0":{"loc":{"start":{"line":14,"column":8},"end":{"line":20,"column":9}},"type":"if","locations":[{"start":{"line":14,"column":8},"end":{"line":20,"column":9}},{"start":{"line":14,"column":8},"end":{"line":20,"column":9}}],"line":14},"1":{"loc":{"start":{"line":16,"column":15},"end":{"line":20,"column":9}},"type":"if","locations":[{"start":{"line":16,"column":15},"end":{"line":20,"column":9}},{"start":{"line":16,"column":15},"end":{"line":20,"column":9}}],"line":16}},"s":{"0":0,"1":0,"2":0,"3":0,"4":0,"5":0,"6":0,"7":0},"f":{"0":0,"1":0},"b":{"0":[0,0],"1":[0,0]},"hash":"37f7673ebb621a0d51064dfe351d5ddaf0c3a68e"}
,"/opt/lampp/htdocs/Cloud/Project-NL/liars-ask-react-deploy/client/src/PirvateRoute.js": {"path":"/opt/lampp/htdocs/Cloud/Project-NL/liars-ask-react-deploy/client/src/PirvateRoute.js","statementMap":{"0":{"start":{"line":5,"column":21},"end":{"line":23,"column":1}},"1":{"start":{"line":6,"column":4},"end":{"line":22,"column":6}},"2":{"start":{"line":10,"column":16},"end":{"line":19,"column":21}}},"fnMap":{"0":{"name":"(anonymous_0)","decl":{"start":{"line":5,"column":21},"end":{"line":5,"column":22}},"loc":{"start":{"line":5,"column":60},"end":{"line":23,"column":1}},"line":5},"1":{"name":"(anonymous_1)","decl":{"start":{"line":9,"column":20},"end":{"line":9,"column":21}},"loc":{"start":{"line":10,"column":16},"end":{"line":19,"column":21}},"line":10}},"branchMap":{"0":{"loc":{"start":{"line":10,"column":16},"end":{"line":19,"column":21}},"type":"cond-expr","locations":[{"start":{"line":11,"column":20},"end":{"line":11,"column":76}},{"start":{"line":13,"column":24},"end":{"line":18,"column":26}}],"line":10}},"s":{"0":0,"1":0,"2":0},"f":{"0":0,"1":0},"b":{"0":[0,0]},"hash":"6fbaae43ae982d275bd1d184ee43a012126dea17"}
,"/opt/lampp/htdocs/Cloud/Project-NL/liars-ask-react-deploy/client/src/index.js": {"path":"/opt/lampp/htdocs/Cloud/Project-NL/liars-ask-react-deploy/client/src/index.js","statementMap":{"0":{"start":{"line":7,"column":0},"end":{"line":7,"column":27}},"1":{"start":{"line":9,"column":0},"end":{"line":9,"column":82}},"2":{"start":{"line":14,"column":0},"end":{"line":14,"column":25}}},"fnMap":{},"branchMap":{},"s":{"0":0,"1":0,"2":0},"f":{},"b":{},"hash":"bcaa67174c80657448872776b786c1769505aa11"}
,"/opt/lampp/htdocs/Cloud/Project-NL/liars-ask-react-deploy/client/src/serviceWorker.js": {"path":"/opt/lampp/htdocs/Cloud/Project-NL/liars-ask-react-deploy/client/src/serviceWorker.js","statementMap":{"0":{"start":{"line":13,"column":20},"end":{"line":21,"column":1}},"1":{"start":{"line":24,"column":2},"end":{"line":54,"column":3}},"2":{"start":{"line":26,"column":22},"end":{"line":26,"column":75}},"3":{"start":{"line":27,"column":4},"end":{"line":32,"column":5}},"4":{"start":{"line":31,"column":6},"end":{"line":31,"column":13}},"5":{"start":{"line":34,"column":4},"end":{"line":53,"column":7}},"6":{"start":{"line":35,"column":20},"end":{"line":35,"column":65}},"7":{"start":{"line":37,"column":6},"end":{"line":52,"column":7}},"8":{"start":{"line":39,"column":8},"end":{"line":39,"column":47}},"9":{"start":{"line":43,"column":8},"end":{"line":48,"column":11}},"10":{"start":{"line":44,"column":10},"end":{"line":47,"column":12}},"11":{"start":{"line":51,"column":8},"end":{"line":51,"column":39}},"12":{"start":{"line":58,"column":2},"end":{"line":98,"column":7}},"13":{"start":{"line":61,"column":6},"end":{"line":94,"column":8}},"14":{"start":{"line":62,"column":33},"end":{"line":62,"column":56}},"15":{"start":{"line":63,"column":8},"end":{"line":65,"column":9}},"16":{"start":{"line":64,"column":10},"end":{"line":64,"column":17}},"17":{"start":{"line":66,"column":8},"end":{"line":93,"column":10}},"18":{"start":{"line":67,"column":10},"end":{"line":92,"column":11}},"19":{"start":{"line":68,"column":12},"end":{"line":91,"column":13}},"20":{"start":{"line":72,"column":14},"end":{"line":75,"column":16}},"21":{"start":{"line":78,"column":14},"end":{"line":80,"column":15}},"22":{"start":{"line":79,"column":16},"end":{"line":79,"column":46}},"23":{"start":{"line":85,"column":14},"end":{"line":85,"column":64}},"24":{"start":{"line":88,"column":14},"end":{"line":90,"column":15}},"25":{"start":{"line":89,"column":16},"end":{"line":89,"column":47}},"26":{"start":{"line":97,"column":6},"end":{"line":97,"column":72}},"27":{"start":{"line":103,"column":2},"end":{"line":126,"column":7}},"28":{"start":{"line":106,"column":26},"end":{"line":106,"column":62}},"29":{"start":{"line":107,"column":6},"end":{"line":120,"column":7}},"30":{"start":{"line":112,"column":8},"end":{"line":116,"column":11}},"31":{"start":{"line":113,"column":10},"end":{"line":115,"column":13}},"32":{"start":{"line":114,"column":12},"end":{"line":114,"column":37}},"33":{"start":{"line":119,"column":8},"end":{"line":119,"column":39}},"34":{"start":{"line":123,"column":6},"end":{"line":125,"column":8}},"35":{"start":{"line":130,"column":2},"end":{"line":134,"column":3}},"36":{"start":{"line":131,"column":4},"end":{"line":133,"column":7}},"37":{"start":{"line":132,"column":6},"end":{"line":132,"column":32}}},"fnMap":{"0":{"name":"register","decl":{"start":{"line":23,"column":16},"end":{"line":23,"column":24}},"loc":{"start":{"line":23,"column":33},"end":{"line":55,"column":1}},"line":23},"1":{"name":"(anonymous_1)","decl":{"start":{"line":34,"column":36},"end":{"line":34,"column":37}},"loc":{"start":{"line":34,"column":42},"end":{"line":53,"column":5}},"line":34},"2":{"name":"(anonymous_2)","decl":{"start":{"line":43,"column":43},"end":{"line":43,"column":44}},"loc":{"start":{"line":43,"column":49},"end":{"line":48,"column":9}},"line":43},"3":{"name":"registerValidSW","decl":{"start":{"line":57,"column":9},"end":{"line":57,"column":24}},"loc":{"start":{"line":57,"column":40},"end":{"line":99,"column":1}},"line":57},"4":{"name":"(anonymous_4)","decl":{"start":{"line":60,"column":10},"end":{"line":60,"column":11}},"loc":{"start":{"line":60,"column":26},"end":{"line":95,"column":5}},"line":60},"5":{"name":"(anonymous_5)","decl":{"start":{"line":61,"column":35},"end":{"line":61,"column":36}},"loc":{"start":{"line":61,"column":41},"end":{"line":94,"column":7}},"line":61},"6":{"name":"(anonymous_6)","decl":{"start":{"line":66,"column":41},"end":{"line":66,"column":42}},"loc":{"start":{"line":66,"column":47},"end":{"line":93,"column":9}},"line":66},"7":{"name":"(anonymous_7)","decl":{"start":{"line":96,"column":11},"end":{"line":96,"column":12}},"loc":{"start":{"line":96,"column":20},"end":{"line":98,"column":5}},"line":96},"8":{"name":"checkValidServiceWorker","decl":{"start":{"line":101,"column":9},"end":{"line":101,"column":32}},"loc":{"start":{"line":101,"column":48},"end":{"line":127,"column":1}},"line":101},"9":{"name":"(anonymous_9)","decl":{"start":{"line":104,"column":10},"end":{"line":104,"column":11}},"loc":{"start":{"line":104,"column":22},"end":{"line":121,"column":5}},"line":104},"10":{"name":"(anonymous_10)","decl":{"start":{"line":112,"column":43},"end":{"line":112,"column":44}},"loc":{"start":{"line":112,"column":59},"end":{"line":116,"column":9}},"line":112},"11":{"name":"(anonymous_11)","decl":{"start":{"line":113,"column":41},"end":{"line":113,"column":42}},"loc":{"start":{"line":113,"column":47},"end":{"line":115,"column":11}},"line":113},"12":{"name":"(anonymous_12)","decl":{"start":{"line":122,"column":11},"end":{"line":122,"column":12}},"loc":{"start":{"line":122,"column":17},"end":{"line":126,"column":5}},"line":122},"13":{"name":"unregister","decl":{"start":{"line":129,"column":16},"end":{"line":129,"column":26}},"loc":{"start":{"line":129,"column":29},"end":{"line":135,"column":1}},"line":129},"14":{"name":"(anonymous_14)","decl":{"start":{"line":131,"column":39},"end":{"line":131,"column":40}},"loc":{"start":{"line":131,"column":55},"end":{"line":133,"column":5}},"line":131}},"branchMap":{"0":{"loc":{"start":{"line":14,"column":2},"end":{"line":20,"column":5}},"type":"binary-expr","locations":[{"start":{"line":14,"column":2},"end":{"line":14,"column":42}},{"start":{"line":16,"column":4},"end":{"line":16,"column":40}},{"start":{"line":18,"column":4},"end":{"line":20,"column":5}}],"line":14},"1":{"loc":{"start":{"line":24,"column":2},"end":{"line":54,"column":3}},"type":"if","locations":[{"start":{"line":24,"column":2},"end":{"line":54,"column":3}},{"start":{"line":24,"column":2},"end":{"line":54,"column":3}}],"line":24},"2":{"loc":{"start":{"line":24,"column":6},"end":{"line":24,"column":75}},"type":"binary-expr","locations":[{"start":{"line":24,"column":6},"end":{"line":24,"column":43}},{"start":{"line":24,"column":47},"end":{"line":24,"column":75}}],"line":24},"3":{"loc":{"start":{"line":27,"column":4},"end":{"line":32,"column":5}},"type":"if","locations":[{"start":{"line":27,"column":4},"end":{"line":32,"column":5}},{"start":{"line":27,"column":4},"end":{"line":32,"column":5}}],"line":27},"4":{"loc":{"start":{"line":37,"column":6},"end":{"line":52,"column":7}},"type":"if","locations":[{"start":{"line":37,"column":6},"end":{"line":52,"column":7}},{"start":{"line":37,"column":6},"end":{"line":52,"column":7}}],"line":37},"5":{"loc":{"start":{"line":63,"column":8},"end":{"line":65,"column":9}},"type":"if","locations":[{"start":{"line":63,"column":8},"end":{"line":65,"column":9}},{"start":{"line":63,"column":8},"end":{"line":65,"column":9}}],"line":63},"6":{"loc":{"start":{"line":67,"column":10},"end":{"line":92,"column":11}},"type":"if","locations":[{"start":{"line":67,"column":10},"end":{"line":92,"column":11}},{"start":{"line":67,"column":10},"end":{"line":92,"column":11}}],"line":67},"7":{"loc":{"start":{"line":68,"column":12},"end":{"line":91,"column":13}},"type":"if","locations":[{"start":{"line":68,"column":12},"end":{"line":91,"column":13}},{"start":{"line":68,"column":12},"end":{"line":91,"column":13}}],"line":68},"8":{"loc":{"start":{"line":78,"column":14},"end":{"line":80,"column":15}},"type":"if","locations":[{"start":{"line":78,"column":14},"end":{"line":80,"column":15}},{"start":{"line":78,"column":14},"end":{"line":80,"column":15}}],"line":78},"9":{"loc":{"start":{"line":78,"column":18},"end":{"line":78,"column":43}},"type":"binary-expr","locations":[{"start":{"line":78,"column":18},"end":{"line":78,"column":24}},{"start":{"line":78,"column":28},"end":{"line":78,"column":43}}],"line":78},"10":{"loc":{"start":{"line":88,"column":14},"end":{"line":90,"column":15}},"type":"if","locations":[{"start":{"line":88,"column":14},"end":{"line":90,"column":15}},{"start":{"line":88,"column":14},"end":{"line":90,"column":15}}],"line":88},"11":{"loc":{"start":{"line":88,"column":18},"end":{"line":88,"column":44}},"type":"binary-expr","locations":[{"start":{"line":88,"column":18},"end":{"line":88,"column":24}},{"start":{"line":88,"column":28},"end":{"line":88,"column":44}}],"line":88},"12":{"loc":{"start":{"line":107,"column":6},"end":{"line":120,"column":7}},"type":"if","locations":[{"start":{"line":107,"column":6},"end":{"line":120,"column":7}},{"start":{"line":107,"column":6},"end":{"line":120,"column":7}}],"line":107},"13":{"loc":{"start":{"line":108,"column":8},"end":{"line":109,"column":73}},"type":"binary-expr","locations":[{"start":{"line":108,"column":8},"end":{"line":108,"column":31}},{"start":{"line":109,"column":9},"end":{"line":109,"column":28}},{"start":{"line":109,"column":32},"end":{"line":109,"column":72}}],"line":108},"14":{"loc":{"start":{"line":130,"column":2},"end":{"line":134,"column":3}},"type":"if","locations":[{"start":{"line":130,"column":2},"end":{"line":134,"column":3}},{"start":{"line":130,"column":2},"end":{"line":134,"column":3}}],"line":130}},"s":{"0":0,"1":0,"2":0,"3":0,"4":0,"5":0,"6":0,"7":0,"8":0,"9":0,"10":0,"11":0,"12":0,"13":0,"14":0,"15":0,"16":0,"17":0,"18":0,"19":0,"20":0,"21":0,"22":0,"23":0,"24":0,"25":0,"26":0,"27":0,"28":0,"29":0,"30":0,"31":0,"32":0,"33":0,"34":0,"35":0,"36":0,"37":0},"f":{"0":0,"1":0,"2":0,"3":0,"4":0,"5":0,"6":0,"7":0,"8":0,"9":0,"10":0,"11":0,"12":0,"13":0,"14":0},"b":{"0":[0,0,0],"1":[0,0],"2":[0,0],"3":[0,0],"4":[0,0],"5":[0,0],"6":[0,0],"7":[0,0],"8":[0,0],"9":[0,0],"10":[0,0],"11":[0,0],"12":[0,0],"13":[0,0,0],"14":[0,0]},"hash":"1a168734e495701109470aa4e9903c69bfb70849"}
,"/opt/lampp/htdocs/Cloud/Project-NL/liars-ask-react-deploy/client/src/admin/PrivateRouteAdmin.js": {"path":"/opt/lampp/htdocs/Cloud/Project-NL/liars-ask-react-deploy/client/src/admin/PrivateRouteAdmin.js","statementMap":{"0":{"start":{"line":6,"column":26},"end":{"line":40,"column":1}},"1":{"start":{"line":8,"column":28},"end":{"line":8,"column":43}},"2":{"start":{"line":10,"column":4},"end":{"line":26,"column":10}},"3":{"start":{"line":12,"column":24},"end":{"line":12,"column":62}},"4":{"start":{"line":13,"column":12},"end":{"line":13,"column":30}},"5":{"start":{"line":14,"column":12},"end":{"line":21,"column":13}},"6":{"start":{"line":15,"column":16},"end":{"line":15,"column":30}},"7":{"start":{"line":20,"column":16},"end":{"line":20,"column":38}},"8":{"start":{"line":23,"column":8},"end":{"line":23,"column":20}},"9":{"start":{"line":28,"column":4},"end":{"line":39,"column":6}},"10":{"start":{"line":34,"column":20},"end":{"line":34,"column":76}}},"fnMap":{"0":{"name":"(anonymous_0)","decl":{"start":{"line":6,"column":26},"end":{"line":6,"column":27}},"loc":{"start":{"line":6,"column":65},"end":{"line":40,"column":1}},"line":6},"1":{"name":"(anonymous_1)","decl":{"start":{"line":10,"column":15},"end":{"line":10,"column":16}},"loc":{"start":{"line":10,"column":21},"end":{"line":26,"column":5}},"line":10},"2":{"name":"fetchData","decl":{"start":{"line":11,"column":23},"end":{"line":11,"column":32}},"loc":{"start":{"line":11,"column":36},"end":{"line":22,"column":9}},"line":11},"3":{"name":"(anonymous_3)","decl":{"start":{"line":32,"column":21},"end":{"line":32,"column":22}},"loc":{"start":{"line":34,"column":20},"end":{"line":34,"column":76}},"line":34}},"branchMap":{"0":{"loc":{"start":{"line":14,"column":12},"end":{"line":21,"column":13}},"type":"if","locations":[{"start":{"line":14,"column":12},"end":{"line":21,"column":13}},{"start":{"line":14,"column":12},"end":{"line":21,"column":13}}],"line":14},"1":{"loc":{"start":{"line":29,"column":8},"end":{"line":38,"column":21}},"type":"cond-expr","locations":[{"start":{"line":30,"column":8},"end":{"line":37,"column":10}},{"start":{"line":38,"column":10},"end":{"line":38,"column":21}}],"line":29}},"s":{"0":0,"1":0,"2":0,"3":0,"4":0,"5":0,"6":0,"7":0,"8":0,"9":0,"10":0},"f":{"0":0,"1":0,"2":0,"3":0},"b":{"0":[0,0],"1":[0,0]},"hash":"d91fee5111bcd6041f7359000f01aca0ee5f825c"}
,"/opt/lampp/htdocs/Cloud/Project-NL/liars-ask-react-deploy/client/src/admin/RouteAdmin.js": {"path":"/opt/lampp/htdocs/Cloud/Project-NL/liars-ask-react-deploy/client/src/admin/RouteAdmin.js","statementMap":{"0":{"start":{"line":19,"column":19},"end":{"line":44,"column":1}},"1":{"start":{"line":20,"column":4},"end":{"line":43,"column":7}}},"fnMap":{"0":{"name":"(anonymous_0)","decl":{"start":{"line":19,"column":19},"end":{"line":19,"column":20}},"loc":{"start":{"line":19,"column":28},"end":{"line":44,"column":1}},"line":19}},"branchMap":{},"s":{"0":0,"1":0},"f":{"0":0},"b":{},"hash":"4a0b796193346c70bb264ba0db1b17927615c7ba"}
,"/opt/lampp/htdocs/Cloud/Project-NL/liars-ask-react-deploy/client/src/admin/announcements/AddAnnouncement.js": {"path":"/opt/lampp/htdocs/Cloud/Project-NL/liars-ask-react-deploy/client/src/admin/announcements/AddAnnouncement.js","statementMap":{"0":{"start":{"line":9,"column":25},"end":{"line":173,"column":1}},"1":{"start":{"line":10,"column":32},"end":{"line":10,"column":44}},"2":{"start":{"line":11,"column":40},"end":{"line":11,"column":52}},"3":{"start":{"line":13,"column":4},"end":{"line":26,"column":7}},"4":{"start":{"line":14,"column":21},"end":{"line":14,"column":65}},"5":{"start":{"line":15,"column":8},"end":{"line":15,"column":51}},"6":{"start":{"line":16,"column":8},"end":{"line":16,"column":53}},"7":{"start":{"line":18,"column":31},"end":{"line":18,"column":83}},"8":{"start":{"line":19,"column":8},"end":{"line":19,"column":120}},"9":{"start":{"line":21,"column":8},"end":{"line":21,"column":121}},"10":{"start":{"line":22,"column":8},"end":{"line":24,"column":9}},"11":{"start":{"line":23,"column":12},"end":{"line":23,"column":128}},"12":{"start":{"line":28,"column":27},"end":{"line":52,"column":5}},"13":{"start":{"line":29,"column":17},"end":{"line":29,"column":43}},"14":{"start":{"line":30,"column":19},"end":{"line":30,"column":85}},"15":{"start":{"line":31,"column":20},"end":{"line":31,"column":43}},"16":{"start":{"line":32,"column":21},"end":{"line":32,"column":65}},"17":{"start":{"line":33,"column":19},"end":{"line":33,"column":21}},"18":{"start":{"line":34,"column":8},"end":{"line":51,"column":9}},"19":{"start":{"line":35,"column":12},"end":{"line":35,"column":32}},"20":{"start":{"line":36,"column":24},"end":{"line":36,"column":62}},"21":{"start":{"line":37,"column":30},"end":{"line":37,"column":77}},"22":{"start":{"line":39,"column":27},"end":{"line":39,"column":68}},"23":{"start":{"line":40,"column":32},"end":{"line":40,"column":51}},"24":{"start":{"line":41,"column":12},"end":{"line":41,"column":65}},"25":{"start":{"line":41,"column":55},"end":{"line":41,"column":63}},"26":{"start":{"line":43,"column":12},"end":{"line":48,"column":13}},"27":{"start":{"line":44,"column":16},"end":{"line":47,"column":18}},"28":{"start":{"line":46,"column":20},"end":{"line":46,"column":47}},"29":{"start":{"line":50,"column":12},"end":{"line":50,"column":46}},"30":{"start":{"line":55,"column":21},"end":{"line":60,"column":5}},"31":{"start":{"line":56,"column":23},"end":{"line":56,"column":58}},"32":{"start":{"line":57,"column":28},"end":{"line":57,"column":78}},"33":{"start":{"line":57,"column":67},"end":{"line":57,"column":77}},"34":{"start":{"line":58,"column":8},"end":{"line":58,"column":49}},"35":{"start":{"line":59,"column":8},"end":{"line":59,"column":34}},"36":{"start":{"line":62,"column":28},"end":{"line":73,"column":5}},"37":{"start":{"line":64,"column":8},"end":{"line":72,"column":9}},"38":{"start":{"line":65,"column":27},"end":{"line":65,"column":62}},"39":{"start":{"line":66,"column":29},"end":{"line":66,"column":91}},"40":{"start":{"line":67,"column":12},"end":{"line":67,"column":61}},"41":{"start":{"line":68,"column":12},"end":{"line":68,"column":38}},"42":{"start":{"line":69,"column":12},"end":{"line":69,"column":34}},"43":{"start":{"line":75,"column":4},"end":{"line":172,"column":5}},"44":{"start":{"line":137,"column":56},"end":{"line":137,"column":73}},"45":{"start":{"line":138,"column":56},"end":{"line":138,"column":170}},"46":{"start":{"line":138,"column":130},"end":{"line":138,"column":143}},"47":{"start":{"line":145,"column":61},"end":{"line":145,"column":103}}},"fnMap":{"0":{"name":"(anonymous_0)","decl":{"start":{"line":9,"column":25},"end":{"line":9,"column":26}},"loc":{"start":{"line":9,"column":34},"end":{"line":173,"column":1}},"line":9},"1":{"name":"(anonymous_1)","decl":{"start":{"line":13,"column":15},"end":{"line":13,"column":16}},"loc":{"start":{"line":13,"column":21},"end":{"line":26,"column":5}},"line":13},"2":{"name":"(anonymous_2)","decl":{"start":{"line":22,"column":15},"end":{"line":22,"column":16}},"loc":{"start":{"line":22,"column":21},"end":{"line":24,"column":9}},"line":22},"3":{"name":"(anonymous_3)","decl":{"start":{"line":28,"column":27},"end":{"line":28,"column":28}},"loc":{"start":{"line":28,"column":33},"end":{"line":52,"column":5}},"line":28},"4":{"name":"(anonymous_4)","decl":{"start":{"line":41,"column":50},"end":{"line":41,"column":51}},"loc":{"start":{"line":41,"column":55},"end":{"line":41,"column":63}},"line":41},"5":{"name":"(anonymous_5)","decl":{"start":{"line":45,"column":23},"end":{"line":45,"column":24}},"loc":{"start":{"line":45,"column":30},"end":{"line":47,"column":17}},"line":45},"6":{"name":"(anonymous_6)","decl":{"start":{"line":55,"column":21},"end":{"line":55,"column":22}},"loc":{"start":{"line":55,"column":31},"end":{"line":60,"column":5}},"line":55},"7":{"name":"(anonymous_7)","decl":{"start":{"line":57,"column":62},"end":{"line":57,"column":63}},"loc":{"start":{"line":57,"column":67},"end":{"line":57,"column":77}},"line":57},"8":{"name":"(anonymous_8)","decl":{"start":{"line":62,"column":28},"end":{"line":62,"column":29}},"loc":{"start":{"line":62,"column":35},"end":{"line":73,"column":5}},"line":62},"9":{"name":"(anonymous_9)","decl":{"start":{"line":136,"column":75},"end":{"line":136,"column":76}},"loc":{"start":{"line":136,"column":91},"end":{"line":139,"column":53}},"line":136},"10":{"name":"(anonymous_10)","decl":{"start":{"line":138,"column":124},"end":{"line":138,"column":125}},"loc":{"start":{"line":138,"column":130},"end":{"line":138,"column":143}},"line":138},"11":{"name":"(anonymous_11)","decl":{"start":{"line":145,"column":54},"end":{"line":145,"column":55}},"loc":{"start":{"line":145,"column":61},"end":{"line":145,"column":103}},"line":145}},"branchMap":{"0":{"loc":{"start":{"line":30,"column":19},"end":{"line":30,"column":85}},"type":"binary-expr","locations":[{"start":{"line":30,"column":19},"end":{"line":30,"column":50}},{"start":{"line":30,"column":54},"end":{"line":30,"column":85}}],"line":30},"1":{"loc":{"start":{"line":34,"column":8},"end":{"line":51,"column":9}},"type":"if","locations":[{"start":{"line":34,"column":8},"end":{"line":51,"column":9}},{"start":{"line":34,"column":8},"end":{"line":51,"column":9}}],"line":34},"2":{"loc":{"start":{"line":43,"column":12},"end":{"line":48,"column":13}},"type":"if","locations":[{"start":{"line":43,"column":12},"end":{"line":48,"column":13}},{"start":{"line":43,"column":12},"end":{"line":48,"column":13}}],"line":43},"3":{"loc":{"start":{"line":43,"column":15},"end":{"line":43,"column":28}},"type":"binary-expr","locations":[{"start":{"line":43,"column":15},"end":{"line":43,"column":20}},{"start":{"line":43,"column":24},"end":{"line":43,"column":28}}],"line":43},"4":{"loc":{"start":{"line":64,"column":8},"end":{"line":72,"column":9}},"type":"if","locations":[{"start":{"line":64,"column":8},"end":{"line":72,"column":9}},{"start":{"line":64,"column":8},"end":{"line":72,"column":9}}],"line":64},"5":{"loc":{"start":{"line":79,"column":17},"end":{"line":79,"column":104}},"type":"binary-expr","locations":[{"start":{"line":79,"column":17},"end":{"line":79,"column":34}},{"start":{"line":79,"column":39},"end":{"line":79,"column":104}}],"line":79},"6":{"loc":{"start":{"line":138,"column":63},"end":{"line":138,"column":170}},"type":"binary-expr","locations":[{"start":{"line":138,"column":63},"end":{"line":138,"column":73}},{"start":{"line":138,"column":77},"end":{"line":138,"column":170}}],"line":138}},"s":{"0":0,"1":0,"2":0,"3":0,"4":0,"5":0,"6":0,"7":0,"8":0,"9":0,"10":0,"11":0,"12":0,"13":0,"14":0,"15":0,"16":0,"17":0,"18":0,"19":0,"20":0,"21":0,"22":0,"23":0,"24":0,"25":0,"26":0,"27":0,"28":0,"29":0,"30":0,"31":0,"32":0,"33":0,"34":0,"35":0,"36":0,"37":0,"38":0,"39":0,"40":0,"41":0,"42":0,"43":0,"44":0,"45":0,"46":0,"47":0},"f":{"0":0,"1":0,"2":0,"3":0,"4":0,"5":0,"6":0,"7":0,"8":0,"9":0,"10":0,"11":0},"b":{"0":[0,0],"1":[0,0],"2":[0,0],"3":[0,0],"4":[0,0],"5":[0,0],"6":[0,0]},"hash":"61c18e6e000eb4637eecf7c5934705cf2d9a8642"}
,"/opt/lampp/htdocs/Cloud/Project-NL/liars-ask-react-deploy/client/src/admin/announcements/Announcements.js": {"path":"/opt/lampp/htdocs/Cloud/Project-NL/liars-ask-react-deploy/client/src/admin/announcements/Announcements.js","statementMap":{"0":{"start":{"line":9,"column":8},"end":{"line":9,"column":16}},"1":{"start":{"line":10,"column":8},"end":{"line":13,"column":9}},"2":{"start":{"line":16,"column":16},"end":{"line":18,"column":5}},"3":{"start":{"line":17,"column":8},"end":{"line":17,"column":39}},"4":{"start":{"line":21,"column":8},"end":{"line":28,"column":10}},"5":{"start":{"line":23,"column":12},"end":{"line":27,"column":13}},"6":{"start":{"line":24,"column":16},"end":{"line":24,"column":75}},"7":{"start":{"line":26,"column":16},"end":{"line":26,"column":56}},"8":{"start":{"line":32,"column":8},"end":{"line":32,"column":50}},"9":{"start":{"line":36,"column":34},"end":{"line":36,"column":44}},"10":{"start":{"line":37,"column":8},"end":{"line":37,"column":25}},"11":{"start":{"line":38,"column":8},"end":{"line":64,"column":9}}},"fnMap":{"0":{"name":"(anonymous_0)","decl":{"start":{"line":8,"column":4},"end":{"line":8,"column":5}},"loc":{"start":{"line":8,"column":18},"end":{"line":14,"column":5}},"line":8},"1":{"name":"(anonymous_1)","decl":{"start":{"line":16,"column":16},"end":{"line":16,"column":17}},"loc":{"start":{"line":16,"column":22},"end":{"line":18,"column":5}},"line":16},"2":{"name":"(anonymous_2)","decl":{"start":{"line":20,"column":4},"end":{"line":20,"column":5}},"loc":{"start":{"line":20,"column":24},"end":{"line":29,"column":5}},"line":20},"3":{"name":"(anonymous_3)","decl":{"start":{"line":22,"column":15},"end":{"line":22,"column":16}},"loc":{"start":{"line":22,"column":22},"end":{"line":28,"column":9}},"line":22},"4":{"name":"(anonymous_4)","decl":{"start":{"line":31,"column":4},"end":{"line":31,"column":5}},"loc":{"start":{"line":31,"column":48},"end":{"line":33,"column":5}},"line":31},"5":{"name":"(anonymous_5)","decl":{"start":{"line":35,"column":4},"end":{"line":35,"column":5}},"loc":{"start":{"line":35,"column":13},"end":{"line":65,"column":5}},"line":35}},"branchMap":{"0":{"loc":{"start":{"line":23,"column":12},"end":{"line":27,"column":13}},"type":"if","locations":[{"start":{"line":23,"column":12},"end":{"line":27,"column":13}},{"start":{"line":23,"column":12},"end":{"line":27,"column":13}}],"line":23},"1":{"loc":{"start":{"line":42,"column":21},"end":{"line":42,"column":103}},"type":"binary-expr","locations":[{"start":{"line":42,"column":21},"end":{"line":42,"column":35}},{"start":{"line":42,"column":40},"end":{"line":42,"column":103}}],"line":42}},"s":{"0":0,"1":0,"2":0,"3":0,"4":0,"5":0,"6":0,"7":0,"8":0,"9":0,"10":0,"11":0},"f":{"0":0,"1":0,"2":0,"3":0,"4":0,"5":0},"b":{"0":[0,0],"1":[0,0]},"hash":"490ff2d10216f4c3964be07a5c7c1b81e830ff3b"}
,"/opt/lampp/htdocs/Cloud/Project-NL/liars-ask-react-deploy/client/src/admin/announcements/EditAcm.js": {"path":"/opt/lampp/htdocs/Cloud/Project-NL/liars-ask-react-deploy/client/src/admin/announcements/EditAcm.js","statementMap":{"0":{"start":{"line":11,"column":8},"end":{"line":11,"column":16}},"1":{"start":{"line":12,"column":8},"end":{"line":20,"column":9}},"2":{"start":{"line":23,"column":20},"end":{"line":50,"column":5}},"3":{"start":{"line":24,"column":17},"end":{"line":24,"column":30}},"4":{"start":{"line":25,"column":20},"end":{"line":25,"column":43}},"5":{"start":{"line":26,"column":21},"end":{"line":26,"column":65}},"6":{"start":{"line":27,"column":19},"end":{"line":27,"column":21}},"7":{"start":{"line":28,"column":8},"end":{"line":49,"column":9}},"8":{"start":{"line":29,"column":12},"end":{"line":29,"column":32}},"9":{"start":{"line":30,"column":24},"end":{"line":30,"column":40}},"10":{"start":{"line":31,"column":30},"end":{"line":31,"column":77}},"11":{"start":{"line":33,"column":27},"end":{"line":33,"column":68}},"12":{"start":{"line":34,"column":32},"end":{"line":34,"column":51}},"13":{"start":{"line":35,"column":12},"end":{"line":35,"column":65}},"14":{"start":{"line":35,"column":55},"end":{"line":35,"column":63}},"15":{"start":{"line":37,"column":12},"end":{"line":46,"column":13}},"16":{"start":{"line":38,"column":16},"end":{"line":40,"column":17}},"17":{"start":{"line":39,"column":20},"end":{"line":39,"column":37}},"18":{"start":{"line":41,"column":16},"end":{"line":45,"column":18}},"19":{"start":{"line":43,"column":20},"end":{"line":43,"column":37}},"20":{"start":{"line":44,"column":20},"end":{"line":44,"column":60}},"21":{"start":{"line":48,"column":12},"end":{"line":48,"column":46}},"22":{"start":{"line":52,"column":15},"end":{"line":57,"column":5}},"23":{"start":{"line":53,"column":23},"end":{"line":53,"column":58}},"24":{"start":{"line":54,"column":28},"end":{"line":54,"column":78}},"25":{"start":{"line":54,"column":67},"end":{"line":54,"column":77}},"26":{"start":{"line":55,"column":8},"end":{"line":55,"column":49}},"27":{"start":{"line":56,"column":8},"end":{"line":56,"column":50}},"28":{"start":{"line":59,"column":22},"end":{"line":67,"column":5}},"29":{"start":{"line":60,"column":8},"end":{"line":66,"column":9}},"30":{"start":{"line":61,"column":27},"end":{"line":61,"column":62}},"31":{"start":{"line":62,"column":29},"end":{"line":62,"column":91}},"32":{"start":{"line":63,"column":12},"end":{"line":63,"column":61}},"33":{"start":{"line":64,"column":12},"end":{"line":64,"column":54}},"34":{"start":{"line":65,"column":12},"end":{"line":65,"column":34}},"35":{"start":{"line":69,"column":24},"end":{"line":71,"column":5}},"36":{"start":{"line":70,"column":8},"end":{"line":70,"column":39}},"37":{"start":{"line":73,"column":16},"end":{"line":75,"column":5}},"38":{"start":{"line":74,"column":8},"end":{"line":74,"column":39}},"39":{"start":{"line":79,"column":8},"end":{"line":92,"column":10}},"40":{"start":{"line":81,"column":12},"end":{"line":91,"column":13}},"41":{"start":{"line":82,"column":25},"end":{"line":82,"column":27}},"42":{"start":{"line":83,"column":16},"end":{"line":83,"column":54}},"43":{"start":{"line":83,"column":34},"end":{"line":83,"column":52}},"44":{"start":{"line":84,"column":16},"end":{"line":84,"column":133}},"45":{"start":{"line":85,"column":16},"end":{"line":85,"column":78}},"46":{"start":{"line":86,"column":16},"end":{"line":88,"column":17}},"47":{"start":{"line":87,"column":20},"end":{"line":87,"column":75}},"48":{"start":{"line":90,"column":16},"end":{"line":90,"column":48}},"49":{"start":{"line":94,"column":21},"end":{"line":94,"column":65}},"50":{"start":{"line":95,"column":8},"end":{"line":95,"column":51}},"51":{"start":{"line":96,"column":8},"end":{"line":96,"column":53}},"52":{"start":{"line":98,"column":8},"end":{"line":98,"column":126}},"53":{"start":{"line":101,"column":31},"end":{"line":101,"column":83}},"54":{"start":{"line":102,"column":8},"end":{"line":102,"column":120}},"55":{"start":{"line":105,"column":8},"end":{"line":105,"column":129}},"56":{"start":{"line":109,"column":49},"end":{"line":109,"column":59}},"57":{"start":{"line":110,"column":8},"end":{"line":110,"column":27}},"58":{"start":{"line":111,"column":8},"end":{"line":204,"column":9}},"59":{"start":{"line":127,"column":54},"end":{"line":127,"column":92}},"60":{"start":{"line":170,"column":60},"end":{"line":170,"column":179}},"61":{"start":{"line":170,"column":134},"end":{"line":170,"column":152}},"62":{"start":{"line":177,"column":65},"end":{"line":177,"column":112}}},"fnMap":{"0":{"name":"(anonymous_0)","decl":{"start":{"line":10,"column":4},"end":{"line":10,"column":5}},"loc":{"start":{"line":10,"column":18},"end":{"line":21,"column":5}},"line":10},"1":{"name":"(anonymous_1)","decl":{"start":{"line":23,"column":20},"end":{"line":23,"column":21}},"loc":{"start":{"line":23,"column":26},"end":{"line":50,"column":5}},"line":23},"2":{"name":"(anonymous_2)","decl":{"start":{"line":35,"column":50},"end":{"line":35,"column":51}},"loc":{"start":{"line":35,"column":55},"end":{"line":35,"column":63}},"line":35},"3":{"name":"(anonymous_3)","decl":{"start":{"line":42,"column":23},"end":{"line":42,"column":24}},"loc":{"start":{"line":42,"column":30},"end":{"line":45,"column":17}},"line":42},"4":{"name":"(anonymous_4)","decl":{"start":{"line":52,"column":15},"end":{"line":52,"column":16}},"loc":{"start":{"line":52,"column":25},"end":{"line":57,"column":5}},"line":52},"5":{"name":"(anonymous_5)","decl":{"start":{"line":54,"column":62},"end":{"line":54,"column":63}},"loc":{"start":{"line":54,"column":67},"end":{"line":54,"column":77}},"line":54},"6":{"name":"(anonymous_6)","decl":{"start":{"line":59,"column":22},"end":{"line":59,"column":23}},"loc":{"start":{"line":59,"column":29},"end":{"line":67,"column":5}},"line":59},"7":{"name":"(anonymous_7)","decl":{"start":{"line":69,"column":24},"end":{"line":69,"column":25}},"loc":{"start":{"line":69,"column":34},"end":{"line":71,"column":5}},"line":69},"8":{"name":"(anonymous_8)","decl":{"start":{"line":73,"column":16},"end":{"line":73,"column":17}},"loc":{"start":{"line":73,"column":22},"end":{"line":75,"column":5}},"line":73},"9":{"name":"(anonymous_9)","decl":{"start":{"line":77,"column":4},"end":{"line":77,"column":5}},"loc":{"start":{"line":77,"column":24},"end":{"line":99,"column":5}},"line":77},"10":{"name":"(anonymous_10)","decl":{"start":{"line":80,"column":15},"end":{"line":80,"column":16}},"loc":{"start":{"line":80,"column":22},"end":{"line":92,"column":9}},"line":80},"11":{"name":"(anonymous_11)","decl":{"start":{"line":83,"column":29},"end":{"line":83,"column":30}},"loc":{"start":{"line":83,"column":34},"end":{"line":83,"column":52}},"line":83},"12":{"name":"(anonymous_12)","decl":{"start":{"line":100,"column":4},"end":{"line":100,"column":5}},"loc":{"start":{"line":100,"column":25},"end":{"line":103,"column":5}},"line":100},"13":{"name":"(anonymous_13)","decl":{"start":{"line":104,"column":4},"end":{"line":104,"column":5}},"loc":{"start":{"line":104,"column":27},"end":{"line":106,"column":5}},"line":104},"14":{"name":"(anonymous_14)","decl":{"start":{"line":108,"column":4},"end":{"line":108,"column":5}},"loc":{"start":{"line":108,"column":13},"end":{"line":205,"column":5}},"line":108},"15":{"name":"(anonymous_15)","decl":{"start":{"line":127,"column":47},"end":{"line":127,"column":48}},"loc":{"start":{"line":127,"column":54},"end":{"line":127,"column":92}},"line":127},"16":{"name":"(anonymous_16)","decl":{"start":{"line":169,"column":79},"end":{"line":169,"column":80}},"loc":{"start":{"line":169,"column":95},"end":{"line":171,"column":57}},"line":169},"17":{"name":"(anonymous_17)","decl":{"start":{"line":170,"column":128},"end":{"line":170,"column":129}},"loc":{"start":{"line":170,"column":134},"end":{"line":170,"column":152}},"line":170},"18":{"name":"(anonymous_18)","decl":{"start":{"line":177,"column":58},"end":{"line":177,"column":59}},"loc":{"start":{"line":177,"column":65},"end":{"line":177,"column":112}},"line":177}},"branchMap":{"0":{"loc":{"start":{"line":28,"column":8},"end":{"line":49,"column":9}},"type":"if","locations":[{"start":{"line":28,"column":8},"end":{"line":49,"column":9}},{"start":{"line":28,"column":8},"end":{"line":49,"column":9}}],"line":28},"1":{"loc":{"start":{"line":37,"column":12},"end":{"line":46,"column":13}},"type":"if","locations":[{"start":{"line":37,"column":12},"end":{"line":46,"column":13}},{"start":{"line":37,"column":12},"end":{"line":46,"column":13}}],"line":37},"2":{"loc":{"start":{"line":38,"column":16},"end":{"line":40,"column":17}},"type":"if","locations":[{"start":{"line":38,"column":16},"end":{"line":40,"column":17}},{"start":{"line":38,"column":16},"end":{"line":40,"column":17}}],"line":38},"3":{"loc":{"start":{"line":60,"column":8},"end":{"line":66,"column":9}},"type":"if","locations":[{"start":{"line":60,"column":8},"end":{"line":66,"column":9}},{"start":{"line":60,"column":8},"end":{"line":66,"column":9}}],"line":60},"4":{"loc":{"start":{"line":81,"column":12},"end":{"line":91,"column":13}},"type":"if","locations":[{"start":{"line":81,"column":12},"end":{"line":91,"column":13}},{"start":{"line":81,"column":12},"end":{"line":91,"column":13}}],"line":81},"5":{"loc":{"start":{"line":86,"column":16},"end":{"line":88,"column":17}},"type":"if","locations":[{"start":{"line":86,"column":16},"end":{"line":88,"column":17}},{"start":{"line":86,"column":16},"end":{"line":88,"column":17}}],"line":86},"6":{"loc":{"start":{"line":115,"column":21},"end":{"line":115,"column":103}},"type":"binary-expr","locations":[{"start":{"line":115,"column":21},"end":{"line":115,"column":35}},{"start":{"line":115,"column":40},"end":{"line":115,"column":103}}],"line":115},"7":{"loc":{"start":{"line":170,"column":67},"end":{"line":170,"column":179}},"type":"binary-expr","locations":[{"start":{"line":170,"column":67},"end":{"line":170,"column":77}},{"start":{"line":170,"column":81},"end":{"line":170,"column":179}}],"line":170}},"s":{"0":0,"1":0,"2":0,"3":0,"4":0,"5":0,"6":0,"7":0,"8":0,"9":0,"10":0,"11":0,"12":0,"13":0,"14":0,"15":0,"16":0,"17":0,"18":0,"19":0,"20":0,"21":0,"22":0,"23":0,"24":0,"25":0,"26":0,"27":0,"28":0,"29":0,"30":0,"31":0,"32":0,"33":0,"34":0,"35":0,"36":0,"37":0,"38":0,"39":0,"40":0,"41":0,"42":0,"43":0,"44":0,"45":0,"46":0,"47":0,"48":0,"49":0,"50":0,"51":0,"52":0,"53":0,"54":0,"55":0,"56":0,"57":0,"58":0,"59":0,"60":0,"61":0,"62":0},"f":{"0":0,"1":0,"2":0,"3":0,"4":0,"5":0,"6":0,"7":0,"8":0,"9":0,"10":0,"11":0,"12":0,"13":0,"14":0,"15":0,"16":0,"17":0,"18":0},"b":{"0":[0,0],"1":[0,0],"2":[0,0],"3":[0,0],"4":[0,0],"5":[0,0],"6":[0,0],"7":[0,0]},"hash":"0079be0d94636582065e721795b5c51687d28d50"}
,"/opt/lampp/htdocs/Cloud/Project-NL/liars-ask-react-deploy/client/src/admin/announcements/ListItem.js": {"path":"/opt/lampp/htdocs/Cloud/Project-NL/liars-ask-react-deploy/client/src/admin/announcements/ListItem.js","statementMap":{"0":{"start":{"line":12,"column":8},"end":{"line":12,"column":39}},"1":{"start":{"line":15,"column":22},"end":{"line":24,"column":5}},"2":{"start":{"line":16,"column":19},"end":{"line":16,"column":50}},"3":{"start":{"line":17,"column":8},"end":{"line":23,"column":9}},"4":{"start":{"line":19,"column":12},"end":{"line":22,"column":14}},"5":{"start":{"line":21,"column":16},"end":{"line":21,"column":69}},"6":{"start":{"line":27,"column":55},"end":{"line":27,"column":65}},"7":{"start":{"line":28,"column":8},"end":{"line":74,"column":9}},"8":{"start":{"line":34,"column":126},"end":{"line":34,"column":150}},"9":{"start":{"line":65,"column":28},"end":{"line":65,"column":64}}},"fnMap":{"0":{"name":"(anonymous_0)","decl":{"start":{"line":11,"column":4},"end":{"line":11,"column":5}},"loc":{"start":{"line":11,"column":48},"end":{"line":13,"column":5}},"line":11},"1":{"name":"(anonymous_1)","decl":{"start":{"line":15,"column":22},"end":{"line":15,"column":23}},"loc":{"start":{"line":15,"column":28},"end":{"line":24,"column":5}},"line":15},"2":{"name":"(anonymous_2)","decl":{"start":{"line":20,"column":19},"end":{"line":20,"column":20}},"loc":{"start":{"line":20,"column":26},"end":{"line":22,"column":13}},"line":20},"3":{"name":"(anonymous_3)","decl":{"start":{"line":26,"column":4},"end":{"line":26,"column":5}},"loc":{"start":{"line":26,"column":13},"end":{"line":75,"column":5}},"line":26},"4":{"name":"(anonymous_4)","decl":{"start":{"line":34,"column":120},"end":{"line":34,"column":121}},"loc":{"start":{"line":34,"column":126},"end":{"line":34,"column":150}},"line":34},"5":{"name":"(anonymous_5)","decl":{"start":{"line":64,"column":42},"end":{"line":64,"column":43}},"loc":{"start":{"line":64,"column":52},"end":{"line":66,"column":25}},"line":64}},"branchMap":{"0":{"loc":{"start":{"line":17,"column":8},"end":{"line":23,"column":9}},"type":"if","locations":[{"start":{"line":17,"column":8},"end":{"line":23,"column":9}},{"start":{"line":17,"column":8},"end":{"line":23,"column":9}}],"line":17},"1":{"loc":{"start":{"line":31,"column":20},"end":{"line":31,"column":111}},"type":"binary-expr","locations":[{"start":{"line":31,"column":20},"end":{"line":31,"column":31}},{"start":{"line":31,"column":35},"end":{"line":31,"column":111}}],"line":31},"2":{"loc":{"start":{"line":60,"column":28},"end":{"line":60,"column":81}},"type":"cond-expr","locations":[{"start":{"line":60,"column":48},"end":{"line":60,"column":74}},{"start":{"line":60,"column":77},"end":{"line":60,"column":81}}],"line":60},"3":{"loc":{"start":{"line":64,"column":24},"end":{"line":66,"column":26}},"type":"binary-expr","locations":[{"start":{"line":64,"column":24},"end":{"line":64,"column":28}},{"start":{"line":64,"column":32},"end":{"line":66,"column":26}}],"line":64}},"s":{"0":0,"1":0,"2":0,"3":0,"4":0,"5":0,"6":0,"7":0,"8":0,"9":0},"f":{"0":0,"1":0,"2":0,"3":0,"4":0,"5":0},"b":{"0":[0,0],"1":[0,0],"2":[0,0],"3":[0,0]},"hash":"c37592befd65d3b28ffb51299af0aba41bc922b5"}
,"/opt/lampp/htdocs/Cloud/Project-NL/liars-ask-react-deploy/client/src/admin/announcements/ListWrapper.js": {"path":"/opt/lampp/htdocs/Cloud/Project-NL/liars-ask-react-deploy/client/src/admin/announcements/ListWrapper.js","statementMap":{"0":{"start":{"line":4,"column":20},"end":{"line":22,"column":1}},"1":{"start":{"line":5,"column":28},"end":{"line":5,"column":40}},"2":{"start":{"line":7,"column":4},"end":{"line":9,"column":21}},"3":{"start":{"line":8,"column":8},"end":{"line":8,"column":28}},"4":{"start":{"line":11,"column":4},"end":{"line":21,"column":5}},"5":{"start":{"line":16,"column":24},"end":{"line":16,"column":144}}},"fnMap":{"0":{"name":"(anonymous_0)","decl":{"start":{"line":4,"column":20},"end":{"line":4,"column":21}},"loc":{"start":{"line":4,"column":29},"end":{"line":22,"column":1}},"line":4},"1":{"name":"(anonymous_1)","decl":{"start":{"line":7,"column":15},"end":{"line":7,"column":16}},"loc":{"start":{"line":7,"column":21},"end":{"line":9,"column":5}},"line":7},"2":{"name":"(anonymous_2)","decl":{"start":{"line":15,"column":38},"end":{"line":15,"column":39}},"loc":{"start":{"line":15,"column":50},"end":{"line":17,"column":21}},"line":15}},"branchMap":{"0":{"loc":{"start":{"line":15,"column":20},"end":{"line":17,"column":22}},"type":"binary-expr","locations":[{"start":{"line":15,"column":20},"end":{"line":15,"column":24}},{"start":{"line":15,"column":28},"end":{"line":17,"column":22}}],"line":15}},"s":{"0":0,"1":0,"2":0,"3":0,"4":0,"5":0},"f":{"0":0,"1":0,"2":0},"b":{"0":[0,0]},"hash":"77233fe845ceb61368a94629bcbaed1ed1bed148"}
,"/opt/lampp/htdocs/Cloud/Project-NL/liars-ask-react-deploy/client/src/admin/components/Content.js": {"path":"/opt/lampp/htdocs/Cloud/Project-NL/liars-ask-react-deploy/client/src/admin/components/Content.js","statementMap":{"0":{"start":{"line":3,"column":16},"end":{"line":26,"column":1}},"1":{"start":{"line":4,"column":4},"end":{"line":25,"column":5}}},"fnMap":{"0":{"name":"(anonymous_0)","decl":{"start":{"line":3,"column":16},"end":{"line":3,"column":17}},"loc":{"start":{"line":3,"column":27},"end":{"line":26,"column":1}},"line":3}},"branchMap":{},"s":{"0":0,"1":0},"f":{"0":0},"b":{},"hash":"cb376c655ed0c04cc1af152a71f81d52a46121f2"}
,"/opt/lampp/htdocs/Cloud/Project-NL/liars-ask-react-deploy/client/src/admin/components/Footer.js": {"path":"/opt/lampp/htdocs/Cloud/Project-NL/liars-ask-react-deploy/client/src/admin/components/Footer.js","statementMap":{"0":{"start":{"line":3,"column":15},"end":{"line":171,"column":1}},"1":{"start":{"line":5,"column":4},"end":{"line":170,"column":5}}},"fnMap":{"0":{"name":"(anonymous_0)","decl":{"start":{"line":3,"column":15},"end":{"line":3,"column":16}},"loc":{"start":{"line":3,"column":24},"end":{"line":171,"column":1}},"line":3}},"branchMap":{},"s":{"0":0,"1":0},"f":{"0":0},"b":{},"hash":"424236ab5a37b723c91b77b591a8c09db9d09cf3"}
,"/opt/lampp/htdocs/Cloud/Project-NL/liars-ask-react-deploy/client/src/admin/components/Header.js": {"path":"/opt/lampp/htdocs/Cloud/Project-NL/liars-ask-react-deploy/client/src/admin/components/Header.js","statementMap":{"0":{"start":{"line":13,"column":8},"end":{"line":13,"column":16}},"1":{"start":{"line":15,"column":8},"end":{"line":23,"column":9}},"2":{"start":{"line":28,"column":16},"end":{"line":30,"column":5}},"3":{"start":{"line":29,"column":8},"end":{"line":29,"column":129}},"4":{"start":{"line":33,"column":8},"end":{"line":33,"column":82}},"5":{"start":{"line":34,"column":8},"end":{"line":43,"column":9}},"6":{"start":{"line":35,"column":22},"end":{"line":35,"column":48}},"7":{"start":{"line":36,"column":24},"end":{"line":36,"column":47}},"8":{"start":{"line":37,"column":12},"end":{"line":40,"column":14}},"9":{"start":{"line":39,"column":16},"end":{"line":39,"column":53}},"10":{"start":{"line":41,"column":12},"end":{"line":41,"column":72}},"11":{"start":{"line":46,"column":23},"end":{"line":65,"column":5}},"12":{"start":{"line":47,"column":27},"end":{"line":47,"column":74}},"13":{"start":{"line":48,"column":23},"end":{"line":48,"column":62}},"14":{"start":{"line":50,"column":29},"end":{"line":50,"column":39}},"15":{"start":{"line":52,"column":8},"end":{"line":61,"column":9}},"16":{"start":{"line":53,"column":12},"end":{"line":53,"column":57}},"17":{"start":{"line":54,"column":12},"end":{"line":54,"column":53}},"18":{"start":{"line":58,"column":12},"end":{"line":58,"column":60}},"19":{"start":{"line":59,"column":12},"end":{"line":59,"column":56}},"20":{"start":{"line":62,"column":8},"end":{"line":64,"column":11}},"21":{"start":{"line":63,"column":12},"end":{"line":63,"column":54}},"22":{"start":{"line":67,"column":25},"end":{"line":78,"column":5}},"23":{"start":{"line":68,"column":31},"end":{"line":68,"column":41}},"24":{"start":{"line":69,"column":8},"end":{"line":73,"column":9}},"25":{"start":{"line":70,"column":12},"end":{"line":70,"column":71}},"26":{"start":{"line":72,"column":12},"end":{"line":72,"column":70}},"27":{"start":{"line":75,"column":8},"end":{"line":77,"column":10}},"28":{"start":{"line":76,"column":12},"end":{"line":76,"column":60}},"29":{"start":{"line":80,"column":27},"end":{"line":103,"column":5}},"30":{"start":{"line":81,"column":33},"end":{"line":81,"column":43}},"31":{"start":{"line":83,"column":8},"end":{"line":89,"column":9}},"32":{"start":{"line":84,"column":12},"end":{"line":84,"column":80}},"33":{"start":{"line":87,"column":12},"end":{"line":87,"column":79}},"34":{"start":{"line":91,"column":8},"end":{"line":93,"column":10}},"35":{"start":{"line":92,"column":12},"end":{"line":92,"column":64}},"36":{"start":{"line":96,"column":8},"end":{"line":102,"column":10}},"37":{"start":{"line":97,"column":12},"end":{"line":101,"column":13}},"38":{"start":{"line":98,"column":16},"end":{"line":98,"column":83}},"39":{"start":{"line":105,"column":23},"end":{"line":126,"column":5}},"40":{"start":{"line":106,"column":29},"end":{"line":106,"column":39}},"41":{"start":{"line":108,"column":8},"end":{"line":114,"column":9}},"42":{"start":{"line":109,"column":12},"end":{"line":109,"column":76}},"43":{"start":{"line":112,"column":12},"end":{"line":112,"column":75}},"44":{"start":{"line":116,"column":8},"end":{"line":118,"column":10}},"45":{"start":{"line":117,"column":12},"end":{"line":117,"column":56}},"46":{"start":{"line":119,"column":8},"end":{"line":125,"column":10}},"47":{"start":{"line":120,"column":12},"end":{"line":124,"column":13}},"48":{"start":{"line":121,"column":16},"end":{"line":121,"column":79}},"49":{"start":{"line":128,"column":25},"end":{"line":144,"column":5}},"50":{"start":{"line":129,"column":32},"end":{"line":129,"column":42}},"51":{"start":{"line":130,"column":8},"end":{"line":134,"column":9}},"52":{"start":{"line":131,"column":12},"end":{"line":131,"column":79}},"53":{"start":{"line":133,"column":12},"end":{"line":133,"column":78}},"54":{"start":{"line":136,"column":8},"end":{"line":136,"column":65}},"55":{"start":{"line":137,"column":8},"end":{"line":143,"column":10}},"56":{"start":{"line":138,"column":12},"end":{"line":142,"column":13}},"57":{"start":{"line":139,"column":16},"end":{"line":139,"column":82}},"58":{"start":{"line":146,"column":20},"end":{"line":152,"column":5}},"59":{"start":{"line":147,"column":8},"end":{"line":151,"column":10}},"60":{"start":{"line":149,"column":12},"end":{"line":149,"column":50}},"61":{"start":{"line":150,"column":12},"end":{"line":150,"column":45}},"62":{"start":{"line":155,"column":46},"end":{"line":155,"column":56}},"63":{"start":{"line":156,"column":8},"end":{"line":297,"column":9}},"64":{"start":{"line":275,"column":48},"end":{"line":282,"column":53}}},"fnMap":{"0":{"name":"(anonymous_0)","decl":{"start":{"line":12,"column":4},"end":{"line":12,"column":5}},"loc":{"start":{"line":12,"column":18},"end":{"line":26,"column":5}},"line":12},"1":{"name":"(anonymous_1)","decl":{"start":{"line":28,"column":16},"end":{"line":28,"column":17}},"loc":{"start":{"line":28,"column":22},"end":{"line":30,"column":5}},"line":28},"2":{"name":"(anonymous_2)","decl":{"start":{"line":32,"column":4},"end":{"line":32,"column":5}},"loc":{"start":{"line":32,"column":25},"end":{"line":44,"column":5}},"line":32},"3":{"name":"(anonymous_3)","decl":{"start":{"line":38,"column":19},"end":{"line":38,"column":20}},"loc":{"start":{"line":38,"column":26},"end":{"line":40,"column":13}},"line":38},"4":{"name":"(anonymous_4)","decl":{"start":{"line":46,"column":23},"end":{"line":46,"column":24}},"loc":{"start":{"line":46,"column":29},"end":{"line":65,"column":5}},"line":46},"5":{"name":"(anonymous_5)","decl":{"start":{"line":62,"column":23},"end":{"line":62,"column":24}},"loc":{"start":{"line":62,"column":51},"end":{"line":64,"column":9}},"line":62},"6":{"name":"(anonymous_6)","decl":{"start":{"line":67,"column":25},"end":{"line":67,"column":26}},"loc":{"start":{"line":67,"column":31},"end":{"line":78,"column":5}},"line":67},"7":{"name":"(anonymous_7)","decl":{"start":{"line":75,"column":23},"end":{"line":75,"column":24}},"loc":{"start":{"line":75,"column":50},"end":{"line":77,"column":9}},"line":75},"8":{"name":"(anonymous_8)","decl":{"start":{"line":80,"column":27},"end":{"line":80,"column":28}},"loc":{"start":{"line":80,"column":33},"end":{"line":103,"column":5}},"line":80},"9":{"name":"(anonymous_9)","decl":{"start":{"line":91,"column":23},"end":{"line":91,"column":24}},"loc":{"start":{"line":91,"column":50},"end":{"line":93,"column":9}},"line":91},"10":{"name":"(anonymous_10)","decl":{"start":{"line":96,"column":66},"end":{"line":96,"column":67}},"loc":{"start":{"line":96,"column":72},"end":{"line":102,"column":9}},"line":96},"11":{"name":"(anonymous_11)","decl":{"start":{"line":105,"column":23},"end":{"line":105,"column":24}},"loc":{"start":{"line":105,"column":29},"end":{"line":126,"column":5}},"line":105},"12":{"name":"(anonymous_12)","decl":{"start":{"line":116,"column":23},"end":{"line":116,"column":24}},"loc":{"start":{"line":116,"column":50},"end":{"line":118,"column":9}},"line":116},"13":{"name":"(anonymous_13)","decl":{"start":{"line":119,"column":66},"end":{"line":119,"column":67}},"loc":{"start":{"line":119,"column":72},"end":{"line":125,"column":9}},"line":119},"14":{"name":"(anonymous_14)","decl":{"start":{"line":128,"column":25},"end":{"line":128,"column":26}},"loc":{"start":{"line":128,"column":31},"end":{"line":144,"column":5}},"line":128},"15":{"name":"(anonymous_15)","decl":{"start":{"line":137,"column":66},"end":{"line":137,"column":67}},"loc":{"start":{"line":137,"column":72},"end":{"line":143,"column":9}},"line":137},"16":{"name":"(anonymous_16)","decl":{"start":{"line":146,"column":20},"end":{"line":146,"column":21}},"loc":{"start":{"line":146,"column":26},"end":{"line":152,"column":5}},"line":146},"17":{"name":"(anonymous_17)","decl":{"start":{"line":148,"column":15},"end":{"line":148,"column":16}},"loc":{"start":{"line":148,"column":22},"end":{"line":151,"column":9}},"line":148},"18":{"name":"(anonymous_18)","decl":{"start":{"line":154,"column":4},"end":{"line":154,"column":5}},"loc":{"start":{"line":154,"column":13},"end":{"line":298,"column":5}},"line":154},"19":{"name":"(anonymous_19)","decl":{"start":{"line":274,"column":90},"end":{"line":274,"column":91}},"loc":{"start":{"line":274,"column":102},"end":{"line":283,"column":45}},"line":274}},"branchMap":{"0":{"loc":{"start":{"line":34,"column":8},"end":{"line":43,"column":9}},"type":"if","locations":[{"start":{"line":34,"column":8},"end":{"line":43,"column":9}},{"start":{"line":34,"column":8},"end":{"line":43,"column":9}}],"line":34},"1":{"loc":{"start":{"line":52,"column":8},"end":{"line":61,"column":9}},"type":"if","locations":[{"start":{"line":52,"column":8},"end":{"line":61,"column":9}},{"start":{"line":52,"column":8},"end":{"line":61,"column":9}}],"line":52},"2":{"loc":{"start":{"line":69,"column":8},"end":{"line":73,"column":9}},"type":"if","locations":[{"start":{"line":69,"column":8},"end":{"line":73,"column":9}},{"start":{"line":69,"column":8},"end":{"line":73,"column":9}}],"line":69},"3":{"loc":{"start":{"line":83,"column":8},"end":{"line":89,"column":9}},"type":"if","locations":[{"start":{"line":83,"column":8},"end":{"line":89,"column":9}},{"start":{"line":83,"column":8},"end":{"line":89,"column":9}}],"line":83},"4":{"loc":{"start":{"line":108,"column":8},"end":{"line":114,"column":9}},"type":"if","locations":[{"start":{"line":108,"column":8},"end":{"line":114,"column":9}},{"start":{"line":108,"column":8},"end":{"line":114,"column":9}}],"line":108},"5":{"loc":{"start":{"line":130,"column":8},"end":{"line":134,"column":9}},"type":"if","locations":[{"start":{"line":130,"column":8},"end":{"line":134,"column":9}},{"start":{"line":130,"column":8},"end":{"line":134,"column":9}}],"line":130},"6":{"loc":{"start":{"line":234,"column":82},"end":{"line":234,"column":98}},"type":"binary-expr","locations":[{"start":{"line":234,"column":82},"end":{"line":234,"column":87}},{"start":{"line":234,"column":91},"end":{"line":234,"column":98}}],"line":234},"7":{"loc":{"start":{"line":274,"column":44},"end":{"line":283,"column":77}},"type":"cond-expr","locations":[{"start":{"line":274,"column":71},"end":{"line":283,"column":46}},{"start":{"line":283,"column":49},"end":{"line":283,"column":77}}],"line":274},"8":{"loc":{"start":{"line":277,"column":151},"end":{"line":277,"column":169}},"type":"binary-expr","locations":[{"start":{"line":277,"column":151},"end":{"line":277,"column":160}},{"start":{"line":277,"column":164},"end":{"line":277,"column":169}}],"line":277},"9":{"loc":{"start":{"line":279,"column":61},"end":{"line":279,"column":136}},"type":"cond-expr","locations":[{"start":{"line":279,"column":88},"end":{"line":279,"column":122}},{"start":{"line":279,"column":125},"end":{"line":279,"column":136}}],"line":279}},"s":{"0":0,"1":0,"2":0,"3":0,"4":0,"5":0,"6":0,"7":0,"8":0,"9":0,"10":0,"11":0,"12":0,"13":0,"14":0,"15":0,"16":0,"17":0,"18":0,"19":0,"20":0,"21":0,"22":0,"23":0,"24":0,"25":0,"26":0,"27":0,"28":0,"29":0,"30":0,"31":0,"32":0,"33":0,"34":0,"35":0,"36":0,"37":0,"38":0,"39":0,"40":0,"41":0,"42":0,"43":0,"44":0,"45":0,"46":0,"47":0,"48":0,"49":0,"50":0,"51":0,"52":0,"53":0,"54":0,"55":0,"56":0,"57":0,"58":0,"59":0,"60":0,"61":0,"62":0,"63":0,"64":0},"f":{"0":0,"1":0,"2":0,"3":0,"4":0,"5":0,"6":0,"7":0,"8":0,"9":0,"10":0,"11":0,"12":0,"13":0,"14":0,"15":0,"16":0,"17":0,"18":0,"19":0},"b":{"0":[0,0],"1":[0,0],"2":[0,0],"3":[0,0],"4":[0,0],"5":[0,0],"6":[0,0],"7":[0,0],"8":[0,0],"9":[0,0]},"hash":"fe3c16339a7fe7a3de3c4c2ab476d3475d081d07"}
,"/opt/lampp/htdocs/Cloud/Project-NL/liars-ask-react-deploy/client/src/admin/components/LeftSidebar.js": {"path":"/opt/lampp/htdocs/Cloud/Project-NL/liars-ask-react-deploy/client/src/admin/components/LeftSidebar.js","statementMap":{"0":{"start":{"line":7,"column":8},"end":{"line":7,"column":16}},"1":{"start":{"line":8,"column":8},"end":{"line":10,"column":9}},"2":{"start":{"line":14,"column":23},"end":{"line":14,"column":65}},"3":{"start":{"line":15,"column":8},"end":{"line":15,"column":53}},"4":{"start":{"line":15,"column":35},"end":{"line":15,"column":53}},"5":{"start":{"line":16,"column":8},"end":{"line":16,"column":106}},"6":{"start":{"line":16,"column":71},"end":{"line":16,"column":104}},"7":{"start":{"line":17,"column":8},"end":{"line":19,"column":9}},"8":{"start":{"line":18,"column":12},"end":{"line":18,"column":74}},"9":{"start":{"line":22,"column":23},"end":{"line":22,"column":65}},"10":{"start":{"line":23,"column":8},"end":{"line":23,"column":53}},"11":{"start":{"line":23,"column":35},"end":{"line":23,"column":53}},"12":{"start":{"line":24,"column":8},"end":{"line":24,"column":106}},"13":{"start":{"line":24,"column":71},"end":{"line":24,"column":104}},"14":{"start":{"line":25,"column":8},"end":{"line":27,"column":9}},"15":{"start":{"line":26,"column":12},"end":{"line":26,"column":74}},"16":{"start":{"line":31,"column":8},"end":{"line":76,"column":9}}},"fnMap":{"0":{"name":"(anonymous_0)","decl":{"start":{"line":6,"column":4},"end":{"line":6,"column":5}},"loc":{"start":{"line":6,"column":18},"end":{"line":11,"column":5}},"line":6},"1":{"name":"(anonymous_1)","decl":{"start":{"line":13,"column":4},"end":{"line":13,"column":5}},"loc":{"start":{"line":13,"column":25},"end":{"line":20,"column":5}},"line":13},"2":{"name":"(anonymous_2)","decl":{"start":{"line":16,"column":65},"end":{"line":16,"column":66}},"loc":{"start":{"line":16,"column":71},"end":{"line":16,"column":104}},"line":16},"3":{"name":"(anonymous_3)","decl":{"start":{"line":21,"column":4},"end":{"line":21,"column":5}},"loc":{"start":{"line":21,"column":26},"end":{"line":28,"column":5}},"line":21},"4":{"name":"(anonymous_4)","decl":{"start":{"line":24,"column":65},"end":{"line":24,"column":66}},"loc":{"start":{"line":24,"column":71},"end":{"line":24,"column":104}},"line":24},"5":{"name":"(anonymous_5)","decl":{"start":{"line":30,"column":4},"end":{"line":30,"column":5}},"loc":{"start":{"line":30,"column":13},"end":{"line":77,"column":5}},"line":30}},"branchMap":{"0":{"loc":{"start":{"line":15,"column":8},"end":{"line":15,"column":53}},"type":"if","locations":[{"start":{"line":15,"column":8},"end":{"line":15,"column":53}},{"start":{"line":15,"column":8},"end":{"line":15,"column":53}}],"line":15},"1":{"loc":{"start":{"line":17,"column":8},"end":{"line":19,"column":9}},"type":"if","locations":[{"start":{"line":17,"column":8},"end":{"line":19,"column":9}},{"start":{"line":17,"column":8},"end":{"line":19,"column":9}}],"line":17},"2":{"loc":{"start":{"line":23,"column":8},"end":{"line":23,"column":53}},"type":"if","locations":[{"start":{"line":23,"column":8},"end":{"line":23,"column":53}},{"start":{"line":23,"column":8},"end":{"line":23,"column":53}}],"line":23},"3":{"loc":{"start":{"line":25,"column":8},"end":{"line":27,"column":9}},"type":"if","locations":[{"start":{"line":25,"column":8},"end":{"line":27,"column":9}},{"start":{"line":25,"column":8},"end":{"line":27,"column":9}}],"line":25}},"s":{"0":0,"1":0,"2":0,"3":0,"4":0,"5":0,"6":0,"7":0,"8":0,"9":0,"10":0,"11":0,"12":0,"13":0,"14":0,"15":0,"16":0},"f":{"0":0,"1":0,"2":0,"3":0,"4":0,"5":0},"b":{"0":[0,0],"1":[0,0],"2":[0,0],"3":[0,0]},"hash":"14de07c910494f4f1223a6f4e119a12837ca261e"}
,"/opt/lampp/htdocs/Cloud/Project-NL/liars-ask-react-deploy/client/src/admin/components/Notify.js": {"path":"/opt/lampp/htdocs/Cloud/Project-NL/liars-ask-react-deploy/client/src/admin/components/Notify.js","statementMap":{"0":{"start":{"line":6,"column":10},"end":{"line":19,"column":5}},"1":{"start":{"line":7,"column":22},"end":{"line":7,"column":55}},"2":{"start":{"line":8,"column":8},"end":{"line":18,"column":9}},"3":{"start":{"line":9,"column":12},"end":{"line":12,"column":21}},"4":{"start":{"line":11,"column":16},"end":{"line":11,"column":45}},"5":{"start":{"line":14,"column":12},"end":{"line":17,"column":21}},"6":{"start":{"line":15,"column":16},"end":{"line":15,"column":47}},"7":{"start":{"line":16,"column":16},"end":{"line":16,"column":48}},"8":{"start":{"line":22,"column":8},"end":{"line":27,"column":9}},"9":{"start":{"line":23,"column":12},"end":{"line":23,"column":66}},"10":{"start":{"line":24,"column":12},"end":{"line":24,"column":79}},"11":{"start":{"line":25,"column":12},"end":{"line":25,"column":23}},"12":{"start":{"line":26,"column":12},"end":{"line":26,"column":37}},"13":{"start":{"line":28,"column":8},"end":{"line":34,"column":9}}},"fnMap":{"0":{"name":"(anonymous_0)","decl":{"start":{"line":6,"column":10},"end":{"line":6,"column":11}},"loc":{"start":{"line":6,"column":16},"end":{"line":19,"column":5}},"line":6},"1":{"name":"(anonymous_1)","decl":{"start":{"line":9,"column":24},"end":{"line":9,"column":25}},"loc":{"start":{"line":9,"column":30},"end":{"line":12,"column":13}},"line":9},"2":{"name":"(anonymous_2)","decl":{"start":{"line":14,"column":24},"end":{"line":14,"column":25}},"loc":{"start":{"line":14,"column":30},"end":{"line":17,"column":13}},"line":14},"3":{"name":"(anonymous_3)","decl":{"start":{"line":21,"column":4},"end":{"line":21,"column":5}},"loc":{"start":{"line":21,"column":13},"end":{"line":35,"column":5}},"line":21}},"branchMap":{"0":{"loc":{"start":{"line":8,"column":8},"end":{"line":18,"column":9}},"type":"if","locations":[{"start":{"line":8,"column":8},"end":{"line":18,"column":9}},{"start":{"line":8,"column":8},"end":{"line":18,"column":9}}],"line":8},"1":{"loc":{"start":{"line":22,"column":8},"end":{"line":27,"column":9}},"type":"if","locations":[{"start":{"line":22,"column":8},"end":{"line":27,"column":9}},{"start":{"line":22,"column":8},"end":{"line":27,"column":9}}],"line":22}},"s":{"0":0,"1":0,"2":0,"3":0,"4":0,"5":0,"6":0,"7":0,"8":0,"9":0,"10":0,"11":0,"12":0,"13":0},"f":{"0":0,"1":0,"2":0,"3":0},"b":{"0":[0,0],"1":[0,0]},"hash":"9c47ec00ea8512c4c58ed4f202281df2f001150c"}
,"/opt/lampp/htdocs/Cloud/Project-NL/liars-ask-react-deploy/client/src/admin/components/SingleTag.js": {"path":"/opt/lampp/htdocs/Cloud/Project-NL/liars-ask-react-deploy/client/src/admin/components/SingleTag.js","statementMap":{"0":{"start":{"line":3,"column":18},"end":{"line":21,"column":1}},"1":{"start":{"line":4,"column":4},"end":{"line":20,"column":5}}},"fnMap":{"0":{"name":"(anonymous_0)","decl":{"start":{"line":3,"column":18},"end":{"line":3,"column":19}},"loc":{"start":{"line":3,"column":27},"end":{"line":21,"column":1}},"line":3}},"branchMap":{"0":{"loc":{"start":{"line":7,"column":17},"end":{"line":7,"column":46}},"type":"binary-expr","locations":[{"start":{"line":7,"column":17},"end":{"line":7,"column":30}},{"start":{"line":7,"column":34},"end":{"line":7,"column":46}}],"line":7},"1":{"loc":{"start":{"line":9,"column":137},"end":{"line":9,"column":158}},"type":"binary-expr","locations":[{"start":{"line":9,"column":137},"end":{"line":9,"column":153}},{"start":{"line":9,"column":157},"end":{"line":9,"column":158}}],"line":9},"2":{"loc":{"start":{"line":11,"column":17},"end":{"line":11,"column":43}},"type":"binary-expr","locations":[{"start":{"line":11,"column":17},"end":{"line":11,"column":37}},{"start":{"line":11,"column":41},"end":{"line":11,"column":43}}],"line":11}},"s":{"0":0,"1":0},"f":{"0":0},"b":{"0":[0,0],"1":[0,0],"2":[0,0]},"hash":"72a102c612e71d1abd6e6faf3dae564d76761047"}
,"/opt/lampp/htdocs/Cloud/Project-NL/liars-ask-react-deploy/client/src/admin/components/Tags.js": {"path":"/opt/lampp/htdocs/Cloud/Project-NL/liars-ask-react-deploy/client/src/admin/components/Tags.js","statementMap":{"0":{"start":{"line":3,"column":13},"end":{"line":16,"column":1}},"1":{"start":{"line":4,"column":4},"end":{"line":15,"column":5}}},"fnMap":{"0":{"name":"(anonymous_0)","decl":{"start":{"line":3,"column":13},"end":{"line":3,"column":14}},"loc":{"start":{"line":3,"column":22},"end":{"line":16,"column":1}},"line":3}},"branchMap":{"0":{"loc":{"start":{"line":8,"column":16},"end":{"line":11,"column":20}},"type":"binary-expr","locations":[{"start":{"line":8,"column":16},"end":{"line":8,"column":36}},{"start":{"line":9,"column":16},"end":{"line":11,"column":20}}],"line":8}},"s":{"0":0,"1":0},"f":{"0":0},"b":{"0":[0,0]},"hash":"5ee75122ce55b2c1d040c1bf76d843ca57f71044"}
,"/opt/lampp/htdocs/Cloud/Project-NL/liars-ask-react-deploy/client/src/admin/controllers/userController.js": {"path":"/opt/lampp/htdocs/Cloud/Project-NL/liars-ask-react-deploy/client/src/admin/controllers/userController.js","statementMap":{"0":{"start":{"line":2,"column":26},"end":{"line":17,"column":1}},"1":{"start":{"line":3,"column":4},"end":{"line":16,"column":7}},"2":{"start":{"line":12,"column":8},"end":{"line":12,"column":26}},"3":{"start":{"line":15,"column":8},"end":{"line":15,"column":41}},"4":{"start":{"line":19,"column":26},"end":{"line":34,"column":1}},"5":{"start":{"line":20,"column":4},"end":{"line":33,"column":6}},"6":{"start":{"line":29,"column":8},"end":{"line":29,"column":26}},"7":{"start":{"line":32,"column":8},"end":{"line":32,"column":41}},"8":{"start":{"line":36,"column":28},"end":{"line":39,"column":1}},"9":{"start":{"line":37,"column":4},"end":{"line":37,"column":61}},"10":{"start":{"line":38,"column":4},"end":{"line":38,"column":15}},"11":{"start":{"line":41,"column":31},"end":{"line":46,"column":1}},"12":{"start":{"line":42,"column":4},"end":{"line":44,"column":5}},"13":{"start":{"line":43,"column":8},"end":{"line":43,"column":62}},"14":{"start":{"line":45,"column":4},"end":{"line":45,"column":17}},"15":{"start":{"line":48,"column":30},"end":{"line":63,"column":1}},"16":{"start":{"line":49,"column":4},"end":{"line":62,"column":6}},"17":{"start":{"line":58,"column":8},"end":{"line":58,"column":26}},"18":{"start":{"line":61,"column":8},"end":{"line":61,"column":40}},"19":{"start":{"line":65,"column":29},"end":{"line":80,"column":1}},"20":{"start":{"line":66,"column":4},"end":{"line":79,"column":6}},"21":{"start":{"line":75,"column":8},"end":{"line":75,"column":26}},"22":{"start":{"line":78,"column":8},"end":{"line":78,"column":39}},"23":{"start":{"line":82,"column":26},"end":{"line":96,"column":1}},"24":{"start":{"line":83,"column":4},"end":{"line":95,"column":6}},"25":{"start":{"line":91,"column":8},"end":{"line":91,"column":26}},"26":{"start":{"line":94,"column":8},"end":{"line":94,"column":36}},"27":{"start":{"line":98,"column":24},"end":{"line":112,"column":1}},"28":{"start":{"line":99,"column":4},"end":{"line":111,"column":6}},"29":{"start":{"line":107,"column":8},"end":{"line":107,"column":26}},"30":{"start":{"line":110,"column":8},"end":{"line":110,"column":39}}},"fnMap":{"0":{"name":"(anonymous_0)","decl":{"start":{"line":2,"column":26},"end":{"line":2,"column":27}},"loc":{"start":{"line":2,"column":40},"end":{"line":17,"column":1}},"line":2},"1":{"name":"(anonymous_1)","decl":{"start":{"line":11,"column":11},"end":{"line":11,"column":12}},"loc":{"start":{"line":11,"column":18},"end":{"line":13,"column":5}},"line":11},"2":{"name":"(anonymous_2)","decl":{"start":{"line":14,"column":12},"end":{"line":14,"column":13}},"loc":{"start":{"line":14,"column":19},"end":{"line":16,"column":5}},"line":14},"3":{"name":"(anonymous_3)","decl":{"start":{"line":19,"column":26},"end":{"line":19,"column":27}},"loc":{"start":{"line":19,"column":40},"end":{"line":34,"column":1}},"line":19},"4":{"name":"(anonymous_4)","decl":{"start":{"line":28,"column":11},"end":{"line":28,"column":12}},"loc":{"start":{"line":28,"column":18},"end":{"line":30,"column":5}},"line":28},"5":{"name":"(anonymous_5)","decl":{"start":{"line":31,"column":12},"end":{"line":31,"column":13}},"loc":{"start":{"line":31,"column":19},"end":{"line":33,"column":5}},"line":31},"6":{"name":"(anonymous_6)","decl":{"start":{"line":36,"column":28},"end":{"line":36,"column":29}},"loc":{"start":{"line":36,"column":48},"end":{"line":39,"column":1}},"line":36},"7":{"name":"(anonymous_7)","decl":{"start":{"line":41,"column":31},"end":{"line":41,"column":32}},"loc":{"start":{"line":41,"column":37},"end":{"line":46,"column":1}},"line":41},"8":{"name":"(anonymous_8)","decl":{"start":{"line":48,"column":30},"end":{"line":48,"column":31}},"loc":{"start":{"line":48,"column":44},"end":{"line":63,"column":1}},"line":48},"9":{"name":"(anonymous_9)","decl":{"start":{"line":57,"column":11},"end":{"line":57,"column":12}},"loc":{"start":{"line":57,"column":18},"end":{"line":59,"column":5}},"line":57},"10":{"name":"(anonymous_10)","decl":{"start":{"line":60,"column":12},"end":{"line":60,"column":13}},"loc":{"start":{"line":60,"column":19},"end":{"line":62,"column":5}},"line":60},"11":{"name":"(anonymous_11)","decl":{"start":{"line":65,"column":29},"end":{"line":65,"column":30}},"loc":{"start":{"line":65,"column":43},"end":{"line":80,"column":1}},"line":65},"12":{"name":"(anonymous_12)","decl":{"start":{"line":74,"column":11},"end":{"line":74,"column":12}},"loc":{"start":{"line":74,"column":18},"end":{"line":76,"column":5}},"line":74},"13":{"name":"(anonymous_13)","decl":{"start":{"line":77,"column":12},"end":{"line":77,"column":13}},"loc":{"start":{"line":77,"column":19},"end":{"line":79,"column":5}},"line":77},"14":{"name":"(anonymous_14)","decl":{"start":{"line":82,"column":26},"end":{"line":82,"column":27}},"loc":{"start":{"line":82,"column":32},"end":{"line":96,"column":1}},"line":82},"15":{"name":"(anonymous_15)","decl":{"start":{"line":90,"column":11},"end":{"line":90,"column":12}},"loc":{"start":{"line":90,"column":18},"end":{"line":92,"column":5}},"line":90},"16":{"name":"(anonymous_16)","decl":{"start":{"line":93,"column":12},"end":{"line":93,"column":13}},"loc":{"start":{"line":93,"column":19},"end":{"line":95,"column":5}},"line":93},"17":{"name":"(anonymous_17)","decl":{"start":{"line":98,"column":24},"end":{"line":98,"column":25}},"loc":{"start":{"line":98,"column":30},"end":{"line":112,"column":1}},"line":98},"18":{"name":"(anonymous_18)","decl":{"start":{"line":106,"column":11},"end":{"line":106,"column":12}},"loc":{"start":{"line":106,"column":18},"end":{"line":108,"column":5}},"line":106},"19":{"name":"(anonymous_19)","decl":{"start":{"line":109,"column":12},"end":{"line":109,"column":13}},"loc":{"start":{"line":109,"column":19},"end":{"line":111,"column":5}},"line":109}},"branchMap":{"0":{"loc":{"start":{"line":42,"column":4},"end":{"line":44,"column":5}},"type":"if","locations":[{"start":{"line":42,"column":4},"end":{"line":44,"column":5}},{"start":{"line":42,"column":4},"end":{"line":44,"column":5}}],"line":42}},"s":{"0":0,"1":0,"2":0,"3":0,"4":0,"5":0,"6":0,"7":0,"8":0,"9":0,"10":0,"11":0,"12":0,"13":0,"14":0,"15":0,"16":0,"17":0,"18":0,"19":0,"20":0,"21":0,"22":0,"23":0,"24":0,"25":0,"26":0,"27":0,"28":0,"29":0,"30":0},"f":{"0":0,"1":0,"2":0,"3":0,"4":0,"5":0,"6":0,"7":0,"8":0,"9":0,"10":0,"11":0,"12":0,"13":0,"14":0,"15":0,"16":0,"17":0,"18":0,"19":0},"b":{"0":[0,0]},"hash":"4a970bd5fc7fe7607d8c7929984fa05f75f36f98"}
,"/opt/lampp/htdocs/Cloud/Project-NL/liars-ask-react-deploy/client/src/admin/editor/Mde.js": {"path":"/opt/lampp/htdocs/Cloud/Project-NL/liars-ask-react-deploy/client/src/admin/editor/Mde.js","statementMap":{"0":{"start":{"line":6,"column":18},"end":{"line":11,"column":2}},"1":{"start":{"line":14,"column":28},"end":{"line":14,"column":46}},"2":{"start":{"line":15,"column":40},"end":{"line":15,"column":63}},"3":{"start":{"line":16,"column":2},"end":{"line":28,"column":4}},"4":{"start":{"line":24,"column":10},"end":{"line":24,"column":55}}},"fnMap":{"0":{"name":"Mde","decl":{"start":{"line":13,"column":24},"end":{"line":13,"column":27}},"loc":{"start":{"line":13,"column":35},"end":{"line":29,"column":1}},"line":13},"1":{"name":"(anonymous_1)","decl":{"start":{"line":23,"column":33},"end":{"line":23,"column":34}},"loc":{"start":{"line":24,"column":10},"end":{"line":24,"column":55}},"line":24}},"branchMap":{"0":{"loc":{"start":{"line":19,"column":15},"end":{"line":19,"column":35}},"type":"binary-expr","locations":[{"start":{"line":19,"column":15},"end":{"line":19,"column":26}},{"start":{"line":19,"column":30},"end":{"line":19,"column":35}}],"line":19}},"s":{"0":0,"1":0,"2":0,"3":0,"4":0},"f":{"0":0,"1":0},"b":{"0":[0,0]},"hash":"93ae98547470dd0256f5200958e6a01099a4801e"}
,"/opt/lampp/htdocs/Cloud/Project-NL/liars-ask-react-deploy/client/src/admin/request/RequestUpgrade.js": {"path":"/opt/lampp/htdocs/Cloud/Project-NL/liars-ask-react-deploy/client/src/admin/request/RequestUpgrade.js","statementMap":{"0":{"start":{"line":14,"column":8},"end":{"line":14,"column":16}},"1":{"start":{"line":15,"column":8},"end":{"line":18,"column":9}},"2":{"start":{"line":21,"column":16},"end":{"line":23,"column":5}},"3":{"start":{"line":22,"column":8},"end":{"line":22,"column":39}},"4":{"start":{"line":26,"column":8},"end":{"line":30,"column":39}},"5":{"start":{"line":28,"column":12},"end":{"line":28,"column":42}},"6":{"start":{"line":30,"column":22},"end":{"line":30,"column":38}},"7":{"start":{"line":34,"column":26},"end":{"line":63,"column":5}},"8":{"start":{"line":35,"column":22},"end":{"line":35,"column":76}},"9":{"start":{"line":36,"column":8},"end":{"line":62,"column":9}},"10":{"start":{"line":37,"column":12},"end":{"line":60,"column":13}},"11":{"start":{"line":38,"column":29},"end":{"line":38,"column":83}},"12":{"start":{"line":39,"column":16},"end":{"line":42,"column":17}},"13":{"start":{"line":40,"column":20},"end":{"line":40,"column":60}},"14":{"start":{"line":41,"column":20},"end":{"line":41,"column":63}},"15":{"start":{"line":44,"column":37},"end":{"line":44,"column":59}},"16":{"start":{"line":45,"column":27},"end":{"line":45,"column":90}},"17":{"start":{"line":46,"column":28},"end":{"line":46,"column":51}},"18":{"start":{"line":48,"column":16},"end":{"line":57,"column":18}},"19":{"start":{"line":50,"column":20},"end":{"line":55,"column":21}},"20":{"start":{"line":51,"column":24},"end":{"line":51,"column":67}},"21":{"start":{"line":52,"column":24},"end":{"line":52,"column":67}},"22":{"start":{"line":53,"column":24},"end":{"line":53,"column":125}},"23":{"start":{"line":54,"column":24},"end":{"line":54,"column":126}},"24":{"start":{"line":56,"column":20},"end":{"line":56,"column":60}},"25":{"start":{"line":59,"column":16},"end":{"line":59,"column":33}},"26":{"start":{"line":65,"column":26},"end":{"line":93,"column":5}},"27":{"start":{"line":66,"column":22},"end":{"line":66,"column":76}},"28":{"start":{"line":67,"column":8},"end":{"line":92,"column":9}},"29":{"start":{"line":68,"column":12},"end":{"line":91,"column":13}},"30":{"start":{"line":69,"column":29},"end":{"line":69,"column":83}},"31":{"start":{"line":70,"column":16},"end":{"line":73,"column":17}},"32":{"start":{"line":71,"column":20},"end":{"line":71,"column":60}},"33":{"start":{"line":72,"column":20},"end":{"line":72,"column":63}},"34":{"start":{"line":75,"column":37},"end":{"line":75,"column":59}},"35":{"start":{"line":76,"column":27},"end":{"line":76,"column":90}},"36":{"start":{"line":77,"column":28},"end":{"line":77,"column":51}},"37":{"start":{"line":79,"column":16},"end":{"line":88,"column":18}},"38":{"start":{"line":81,"column":20},"end":{"line":86,"column":21}},"39":{"start":{"line":82,"column":24},"end":{"line":82,"column":67}},"40":{"start":{"line":83,"column":24},"end":{"line":83,"column":67}},"41":{"start":{"line":84,"column":24},"end":{"line":84,"column":122}},"42":{"start":{"line":85,"column":24},"end":{"line":85,"column":126}},"43":{"start":{"line":87,"column":20},"end":{"line":87,"column":60}},"44":{"start":{"line":90,"column":16},"end":{"line":90,"column":33}},"45":{"start":{"line":96,"column":24},"end":{"line":96,"column":42}},"46":{"start":{"line":97,"column":28},"end":{"line":97,"column":38}},"47":{"start":{"line":98,"column":8},"end":{"line":194,"column":9}},"48":{"start":{"line":123,"column":54},"end":{"line":123,"column":160}},"49":{"start":{"line":124,"column":36},"end":{"line":173,"column":37}},"50":{"start":{"line":134,"column":128},"end":{"line":134,"column":177}},"51":{"start":{"line":140,"column":128},"end":{"line":140,"column":177}}},"fnMap":{"0":{"name":"(anonymous_0)","decl":{"start":{"line":13,"column":4},"end":{"line":13,"column":5}},"loc":{"start":{"line":13,"column":19},"end":{"line":19,"column":5}},"line":13},"1":{"name":"(anonymous_1)","decl":{"start":{"line":21,"column":16},"end":{"line":21,"column":17}},"loc":{"start":{"line":21,"column":22},"end":{"line":23,"column":5}},"line":21},"2":{"name":"(anonymous_2)","decl":{"start":{"line":25,"column":4},"end":{"line":25,"column":5}},"loc":{"start":{"line":25,"column":25},"end":{"line":31,"column":5}},"line":25},"3":{"name":"(anonymous_3)","decl":{"start":{"line":27,"column":15},"end":{"line":27,"column":16}},"loc":{"start":{"line":27,"column":23},"end":{"line":29,"column":9}},"line":27},"4":{"name":"(anonymous_4)","decl":{"start":{"line":30,"column":15},"end":{"line":30,"column":16}},"loc":{"start":{"line":30,"column":22},"end":{"line":30,"column":38}},"line":30},"5":{"name":"(anonymous_5)","decl":{"start":{"line":34,"column":26},"end":{"line":34,"column":27}},"loc":{"start":{"line":34,"column":54},"end":{"line":63,"column":5}},"line":34},"6":{"name":"(anonymous_6)","decl":{"start":{"line":49,"column":23},"end":{"line":49,"column":24}},"loc":{"start":{"line":49,"column":30},"end":{"line":57,"column":17}},"line":49},"7":{"name":"(anonymous_7)","decl":{"start":{"line":65,"column":26},"end":{"line":65,"column":27}},"loc":{"start":{"line":65,"column":54},"end":{"line":93,"column":5}},"line":65},"8":{"name":"(anonymous_8)","decl":{"start":{"line":80,"column":23},"end":{"line":80,"column":24}},"loc":{"start":{"line":80,"column":30},"end":{"line":88,"column":17}},"line":80},"9":{"name":"(anonymous_9)","decl":{"start":{"line":95,"column":4},"end":{"line":95,"column":5}},"loc":{"start":{"line":95,"column":13},"end":{"line":195,"column":5}},"line":95},"10":{"name":"(anonymous_10)","decl":{"start":{"line":122,"column":45},"end":{"line":122,"column":46}},"loc":{"start":{"line":122,"column":56},"end":{"line":174,"column":33}},"line":122},"11":{"name":"(anonymous_11)","decl":{"start":{"line":134,"column":122},"end":{"line":134,"column":123}},"loc":{"start":{"line":134,"column":128},"end":{"line":134,"column":177}},"line":134},"12":{"name":"(anonymous_12)","decl":{"start":{"line":140,"column":122},"end":{"line":140,"column":123}},"loc":{"start":{"line":140,"column":128},"end":{"line":140,"column":177}},"line":140}},"branchMap":{"0":{"loc":{"start":{"line":36,"column":8},"end":{"line":62,"column":9}},"type":"if","locations":[{"start":{"line":36,"column":8},"end":{"line":62,"column":9}},{"s
[...]
,"/opt/lampp/htdocs/Cloud/Project-NL/liars-ask-react-deploy/client/src/controllers/tagController.js": {"path":"/opt/lampp/htdocs/Cloud/Project-NL/liars-ask-react-deploy/client/src/controllers/tagController.js","statementMap":{"0":{"start":{"line":2,"column":26},"end":{"line":18,"column":1}},"1":{"start":{"line":3,"column":4},"end":{"line":17,"column":6}},"2":{"start":{"line":13,"column":8},"end":{"line":13,"column":26}},"3":{"start":{"line":16,"column":8},"end":{"line":16,"column":42}},"4":{"start":{"line":20,"column":23},"end":{"line":34,"column":1}},"5":{"start":{"line":21,"column":4},"end":{"line":33,"column":6}},"6":{"start":{"line":29,"column":8},"end":{"line":29,"column":26}},"7":{"start":{"line":32,"column":8},"end":{"line":32,"column":38}}},"fnMap":{"0":{"name":"(anonymous_0)","decl":{"start":{"line":2,"column":26},"end":{"line":2,"column":27}},"loc":{"start":{"line":2,"column":46},"end":{"line":18,"column":1}},"line":2},"1":{"name":"(anonymous_1)","decl":{"start":{"line":12,"column":11},"end":{"line":12,"column":12}},"loc":{"start":{"line":12,"column":18},"end":{"line":14,"column":5}},"line":12},"2":{"name":"(anonymous_2)","decl":{"start":{"line":15,"column":12},"end":{"line":15,"column":13}},"loc":{"start":{"line":15,"column":21},"end":{"line":17,"column":5}},"line":15},"3":{"name":"(anonymous_3)","decl":{"start":{"line":20,"column":23},"end":{"line":20,"column":24}},"loc":{"start":{"line":20,"column":29},"end":{"line":34,"column":1}},"line":20},"4":{"name":"(anonymous_4)","decl":{"start":{"line":28,"column":11},"end":{"line":28,"column":12}},"loc":{"start":{"line":28,"column":18},"end":{"line":30,"column":5}},"line":28},"5":{"name":"(anonymous_5)","decl":{"start":{"line":31,"column":12},"end":{"line":31,"column":13}},"loc":{"start":{"line":31,"column":21},"end":{"line":33,"column":5}},"line":31}},"branchMap":{},"s":{"0":0,"1":0,"2":0,"3":0,"4":0,"5":0,"6":0,"7":0},"f":{"0":0,"1":0,"2":0,"3":0,"4":0,"5":0},"b":{},"hash":"021cdc4e80ea54f99ff4622952716f3adb54002e"}
,"/opt/lampp/htdocs/Cloud/Project-NL/liars-ask-react-deploy/client/src/controllers/userController.js": {"path":"/opt/lampp/htdocs/Cloud/Project-NL/liars-ask-react-deploy/client/src/controllers/userController.js","statementMap":{"0":{"start":{"line":1,"column":24},"end":{"line":15,"column":1}},"1":{"start":{"line":2,"column":4},"end":{"line":14,"column":6}},"2":{"start":{"line":10,"column":8},"end":{"line":10,"column":26}},"3":{"start":{"line":13,"column":8},"end":{"line":13,"column":39}},"4":{"start":{"line":17,"column":29},"end":{"line":31,"column":1}},"5":{"start":{"line":18,"column":4},"end":{"line":30,"column":6}},"6":{"start":{"line":26,"column":8},"end":{"line":26,"column":26}},"7":{"start":{"line":29,"column":8},"end":{"line":29,"column":39}},"8":{"start":{"line":33,"column":29},"end":{"line":48,"column":1}},"9":{"start":{"line":34,"column":4},"end":{"line":47,"column":7}},"10":{"start":{"line":43,"column":8},"end":{"line":43,"column":26}},"11":{"start":{"line":46,"column":8},"end":{"line":46,"column":53}},"12":{"start":{"line":50,"column":27},"end":{"line":64,"column":1}},"13":{"start":{"line":51,"column":4},"end":{"line":63,"column":7}},"14":{"start":{"line":59,"column":8},"end":{"line":59,"column":26}},"15":{"start":{"line":62,"column":8},"end":{"line":62,"column":53}},"16":{"start":{"line":67,"column":26},"end":{"line":82,"column":1}},"17":{"start":{"line":68,"column":4},"end":{"line":81,"column":7}},"18":{"start":{"line":77,"column":8},"end":{"line":77,"column":26}},"19":{"start":{"line":80,"column":8},"end":{"line":80,"column":41}},"20":{"start":{"line":84,"column":26},"end":{"line":99,"column":1}},"21":{"start":{"line":85,"column":4},"end":{"line":98,"column":6}},"22":{"start":{"line":94,"column":8},"end":{"line":94,"column":26}},"23":{"start":{"line":97,"column":8},"end":{"line":97,"column":41}},"24":{"start":{"line":101,"column":28},"end":{"line":104,"column":1}},"25":{"start":{"line":102,"column":4},"end":{"line":102,"column":61}},"26":{"start":{"line":103,"column":4},"end":{"line":103,"column":15}},"27":{"start":{"line":106,"column":31},"end":{"line":111,"column":1}},"28":{"start":{"line":107,"column":4},"end":{"line":109,"column":5}},"29":{"start":{"line":108,"column":8},"end":{"line":108,"column":62}},"30":{"start":{"line":110,"column":4},"end":{"line":110,"column":17}},"31":{"start":{"line":113,"column":30},"end":{"line":128,"column":1}},"32":{"start":{"line":114,"column":4},"end":{"line":127,"column":6}},"33":{"start":{"line":123,"column":8},"end":{"line":123,"column":26}},"34":{"start":{"line":126,"column":8},"end":{"line":126,"column":40}},"35":{"start":{"line":130,"column":29},"end":{"line":145,"column":1}},"36":{"start":{"line":131,"column":4},"end":{"line":144,"column":6}},"37":{"start":{"line":140,"column":8},"end":{"line":140,"column":26}},"38":{"start":{"line":143,"column":8},"end":{"line":143,"column":39}},"39":{"start":{"line":147,"column":26},"end":{"line":161,"column":1}},"40":{"start":{"line":148,"column":4},"end":{"line":160,"column":6}},"41":{"start":{"line":156,"column":8},"end":{"line":156,"column":26}},"42":{"start":{"line":159,"column":8},"end":{"line":159,"column":36}},"43":{"start":{"line":163,"column":26},"end":{"line":179,"column":1}},"44":{"start":{"line":164,"column":4},"end":{"line":164,"column":25}},"45":{"start":{"line":165,"column":4},"end":{"line":178,"column":6}},"46":{"start":{"line":174,"column":8},"end":{"line":174,"column":26}},"47":{"start":{"line":177,"column":8},"end":{"line":177,"column":40}},"48":{"start":{"line":181,"column":24},"end":{"line":195,"column":1}},"49":{"start":{"line":182,"column":4},"end":{"line":194,"column":6}},"50":{"start":{"line":190,"column":8},"end":{"line":190,"column":26}},"51":{"start":{"line":193,"column":8},"end":{"line":193,"column":33}},"52":{"start":{"line":197,"column":29},"end":{"line":211,"column":1}},"53":{"start":{"line":198,"column":4},"end":{"line":210,"column":6}},"54":{"start":{"line":206,"column":8},"end":{"line":206,"column":26}},"55":{"start":{"line":209,"column":8},"end":{"line":209,"column":38}},"56":{"start":{"line":213,"column":35},"end":{"line":229,"column":1}},"57":{"start":{"line":214,"column":4},"end":{"line":228,"column":6}},"58":{"start":{"line":224,"column":8},"end":{"line":224,"column":26}},"59":{"start":{"line":227,"column":8},"end":{"line":227,"column":45}}},"fnMap":{"0":{"name":"(anonymous_0)","decl":{"start":{"line":1,"column":24},"end":{"line":1,"column":25}},"loc":{"start":{"line":1,"column":33},"end":{"line":15,"column":1}},"line":1},"1":{"name":"(anonymous_1)","decl":{"start":{"line":9,"column":11},"end":{"line":9,"column":12}},"loc":{"start":{"line":9,"column":18},"end":{"line":11,"column":5}},"line":9},"2":{"name":"(anonymous_2)","decl":{"start":{"line":12,"column":12},"end":{"line":12,"column":13}},"loc":{"start":{"line":12,"column":19},"end":{"line":14,"column":5}},"line":12},"3":{"name":"(anonymous_3)","decl":{"start":{"line":17,"column":29},"end":{"line":17,"column":30}},"loc":{"start":{"line":17,"column":38},"end":{"line":31,"column":1}},"line":17},"4":{"name":"(anonymous_4)","decl":{"start":{"line":25,"column":11},"end":{"line":25,"column":12}},"loc":{"start":{"line":25,"column":18},"end":{"line":27,"column":5}},"line":25},"5":{"name":"(anonymous_5)","decl":{"start":{"line":28,"column":12},"end":{"line":28,"column":13}},"loc":{"start":{"line":28,"column":19},"end":{"line":30,"column":5}},"line":28},"6":{"name":"(anonymous_6)","decl":{"start":{"line":33,"column":29},"end":{"line":33,"column":30}},"loc":{"start":{"line":33,"column":44},"end":{"line":48,"column":1}},"line":33},"7":{"name":"(anonymous_7)","decl":{"start":{"line":42,"column":11},"end":{"line":42,"column":12}},"loc":{"start":{"line":42,"column":18},"end":{"line":44,"column":5}},"line":42},"8":{"name":"(anonymous_8)","decl":{"start":{"line":45,"column":12},"end":{"line":45,"column":13}},"loc":{"start":{"line":45,"column":19},"end":{"line":47,"column":5}},"line":45},"9":{"name":"(anonymous_9)","decl":{"start":{"line":50,"column":27},"end":{"line":50,"column":28}},"loc":{"start":{"line":50,"column":35},"end":{"line":64,"column":1}},"line":50},"10":{"name":"(anonymous_10)","decl":{"start":{"line":58,"column":11},"end":{"line":58,"column":12}},"loc":{"start":{"line":58,"column":18},"end":{"line":60,"column":5}},"line":58},"11":{"name":"(anonymous_11)","decl":{"start":{"line":61,"column":12},"end":{"line":61,"column":13}},"loc":{"start":{"line":61,"column":19},"end":{"line":63,"column":5}},"line":61},"12":{"name":"(anonymous_12)","decl":{"start":{"line":67,"column":26},"end":{"line":67,"column":27}},"loc":{"start":{"line":67,"column":40},"end":{"line":82,"column":1}},"line":67},"13":{"name":"(anonymous_13)","decl":{"start":{"line":76,"column":11},"end":{"line":76,"column":12}},"loc":{"start":{"line":76,"column":18},"end":{"line":78,"column":5}},"line":76},"14":{"name":"(anonymous_14)","decl":{"start":{"line":79,"column":12},"end":{"line":79,"column":13}},"loc":{"start":{"line":79,"column":19},"end":{"line":81,"column":5}},"line":79},"15":{"name":"(anonymous_15)","decl":{"start":{"line":84,"column":26},"end":{"line":84,"column":27}},"loc":{"start":{"line":84,"column":40},"end":{"line":99,"column":1}},"line":84},"16":{"name":"(anonymous_16)","decl":{"start":{"line":93,"column":11},"end":{"line":93,"column":12}},"loc":{"start":{"line":93,"column":18},"end":{"line":95,"column":5}},"line":93},"17":{"name":"(anonymous_17)","decl":{"start":{"line":96,"column":12},"end":{"line":96,"column":13}},"loc":{"start":{"line":96,"column":19},"end":{"line":98,"column":5}},"line":96},"18":{"name":"(anonymous_18)","decl":{"start":{"line":101,"column":28},"end":{"line":101,"column":29}},"loc":{"start":{"line":101,"column":48},"end":{"line":104,"column":1}},"line":101},"19":{"name":"(anonymous_19)","decl":{"start":{"line":106,"column":31},"end":{"line":106,"column":32}},"loc":{"start":{"line":106,"column":37},"end":{"line":111,"column":1}},"line":106},"20":{"name":"(anonymous_20)","decl":{"start":{"line":113,"column":30},"end":{"line":113,"column":31}},"loc":{"start":{"line":113,"column":44},"end":{"line":128,"column":1}},"line":113},"21":{"name":"(anonymous_21)","decl":{"start":{"line":122,"column":11},"end":{"line":122,"column":12}},"loc":{"start":{"line":122,"column":18},"end":{"line":124,"column":5}},"line":122},"22":{"name":"(anonymous_22)","decl":{"start":{"line":125,"column":12},"end":{"line":125,"column":13}},"loc":{"start":{"line":125,"column":19},"end":{"line":127,"column":5}},"line":125},"23":{"name":"(anonymous_23)","decl":{"start":{"line":130,"column":29},"end":{"line":130,"column":30}},"loc":{"start":{"line":130,"column":50},"end":{"line":145,"column":1}},"line":130},"24":{"name":"(anonymous_24)","decl":{"start":{"line":139,"column":11},"end":{"line":139,"column":12}},"loc":{"start":{"line":139,"column":18},"end":{"line":141,"column":5}},"line":139},"25":{"name":"(anonymous_25)","decl":{"start":{"line":142,"column":12},"end":{"line":142,"column":13}},"loc":{"start":{"line":142,"column":19},"end":{"line":144,"column":5}},"line":142},"26":{"name":"(anonymous_26)","decl":{"start":{"line":147,"column":26},"end":{"line":147,"column":27}},"loc":{"start":{"line":147,"column":32},"end":{"line":161,"column":1}},"line":147},"27":{"name":"(anonymous_27)","decl":{"start":{"line":155,"column":11},"end":{"line":155,"column":12}},"loc":{"start":{"line":155,"column":18},"end":{"line":157,"column":5}},"line":155},"28":{"name":"(anonymous_28)","decl":{"start":{"line":158,"column":12},"end":{"line":158,"column":13}},"loc":{"start":{"line":158,"column":19},"end":{"line":160,"column":5}},"line":158},"29":{"name":"(anonymous_29)","decl":{"start":{"line":163,"column":26},"end":{"line":163,"column":27}},"loc":{"start":{"line":163,"column":40},"end":{"line":179,"column":1}},"line":163},"30":{"name":"(anonymous_30)","decl":{"start":{"line":173,"column":11},"end":{"line":173,"column":12}},"loc":{"start":{"line":173,"column":18},"end":{"line":175,"column":5}},"line":173},"31":{"name":"(anonymous_31)","decl":{"start":{"line":176,"column":12},"end":{"line":176,"column":13}},"loc":{"start":{"line":176,"column":19},"end":{"line":178,"column":5}},"line":176},"32":{"name":"(anonymous_32)","decl":{"start":{"line":181,"column":24},"end":{"line":181,"column":25}},"loc":{"start":{"line":181,"column":39},"end":{"line":195,"column":1}},"line":181},"33":{"name":"(anonymous_33)","decl":{"start":{"line":189,"column":11},"end":{"line":189,"column":12}},"loc":{"start":{"line":189,"column":18},"end":{"line":191,"column":5}},"line":189},"34":{"name":"(anonymous_34)","decl":{"start":{"line":192,"column":12},"end":{"line":192,"column":13}},"loc":{"start":{"line":192,"column":19},"end":{"line":194,"column":5}},"line":192},"35":{"name":"(anonymous_35)","decl":{"start":{"line":197,"column":29},"end":{"line":197,"column":30}},"loc":{"start":{"line":197,"column":35},"end":{"line":211,"column":1}},"line":197},"36":{"name":"(anonymous_36)","decl":{"start":{"line":205,"column":11},"end":{"line":205,"column":12}},"loc":{"start":{"line":205,"column":18},"end":{"line":207,"column":5}},"line":205},"37":{"name":"(anonymous_37)","decl":{"start":{"line":208,"column":12},"end":{"line":208,"column":13}},"loc":{"start":{"line":208,"column":19},"end":{"line":210,"column":5}},"line":208},"38":{"name":"(anonymous_38)","decl":{"start":{"line":213,"column":35},"end":{"line":213,"column":36}},"loc":{"start":{"line":213,"column":56},"end":{"line":229,"column":1}},"line":213},"39":{"name":"(anonymous_39)","decl":{"start":{"line":223,"column":11},"end":{"line":223,"column":12}},"loc":{"start":{"line":223,"column":18},"end":{"line":225,"column":5}},"line":223},"40":{"name":"(anonymous_40)","decl":{"start":{"line":226,"column":12},"end":{"line":226,"column":13}},"loc":{"start":{"line":226,"column":19},"end":{"line":228,"column":5}},"line":226}},"branchMap":{"0":{"loc":{"start":{"line":107,"column":4},"end":{"line":109,"column":5}},"type":"if","locations":[{"start":{"line":107,"column":4},"end":{"line":109,"column":5}},{"start":{"line":107,"column":4},"end":{"line":109,"column":5}}],"line":107}},"s":{"0":1,"1":0,"2":0,"3":0,"4":1,"5":0,"6":0,"7":0,"8":1,"9":0,"10":0,"11":0,"12":1,"13":0,"14":0,"15":0,"16":1,"17":0,"18":0,"19":0,"20":1,"21":0,"22":0,"23":0,"24":1,"25":0,"26":0,"27":1,"28":0,"29":0,"30":0,"31":1,"32":0,"33":0,"34":0,"35":1,"36":0,"37":0,"38":0,"39":1,"40":0,"41":0,"42":0,"43":1,"44":0,"45":0,"46":0,"47":0,"48":1,"49":0,"50":0,"51":0,"52":1,"53":0,"54":0,"55":0,"56":1,"57":0,"58":0,"59":0},"f":{"0":0,"1":0,"2":0,"3":0,"4":0,"5":0,"6":0,"7":0,"8":0,"9":0,"10":0,"11":0,"12":0,"13":0,"14":0,"15":0,"16":0,"17":0,"18":0,"19":0,"20":0,"21":0,"22":0,"23":0,"24":0,"25":0,"26":0,"27":0,"28":0,"29":0,"30":0,"31":0,"32":0,"33":0,"34":0,"35":0,"36":0,"37":0,"38":0,"39":0,"40":0},"b":{"0":[0,0]},"_coverageSchema":"43e27e138ebf9cfc5966b082cf9a028302ed4184","hash":"c863864178aa34868a5583b9214e16235b2c17f4"}
,"/opt/lampp/htdocs/Cloud/Project-NL/liars-ask-react-deploy/client/src/controllers/voteController.js": {"path":"/opt/lampp/htdocs/Cloud/Project-NL/liars-ask-react-deploy/client/src/controllers/voteController.js","statementMap":{"0":{"start":{"line":2,"column":28},"end":{"line":18,"column":1}},"1":{"start":{"line":3,"column":4},"end":{"line":17,"column":7}},"2":{"start":{"line":13,"column":8},"end":{"line":13,"column":26}},"3":{"start":{"line":16,"column":8},"end":{"line":16,"column":48}},"4":{"start":{"line":21,"column":30},"end":{"line":37,"column":1}},"5":{"start":{"line":22,"column":4},"end":{"line":36,"column":7}},"6":{"start":{"line":32,"column":8},"end":{"line":32,"column":26}},"7":{"start":{"line":35,"column":8},"end":{"line":35,"column":50}}},"fnMap":{"0":{"name":"(anonymous_0)","decl":{"start":{"line":2,"column":28},"end":{"line":2,"column":29}},"loc":{"start":{"line":2,"column":54},"end":{"line":18,"column":1}},"line":2},"1":{"name":"(anonymous_1)","decl":{"start":{"line":12,"column":11},"end":{"line":12,"column":12}},"loc":{"start":{"line":12,"column":18},"end":{"line":14,"column":5}},"line":12},"2":{"name":"(anonymous_2)","decl":{"start":{"line":15,"column":12},"end":{"line":15,"column":13}},"loc":{"start":{"line":15,"column":19},"end":{"line":17,"column":5}},"line":15},"3":{"name":"(anonymous_3)","decl":{"start":{"line":21,"column":30},"end":{"line":21,"column":31}},"loc":{"start":{"line":21,"column":56},"end":{"line":37,"column":1}},"line":21},"4":{"name":"(anonymous_4)","decl":{"start":{"line":31,"column":11},"end":{"line":31,"column":12}},"loc":{"start":{"line":31,"column":18},"end":{"line":33,"column":5}},"line":31},"5":{"name":"(anonymous_5)","decl":{"start":{"line":34,"column":12},"end":{"line":34,"column":13}},"loc":{"start":{"line":34,"column":19},"end":{"line":36,"column":5}},"line":34}},"branchMap":{},"s":{"0":0,"1":0,"2":0,"3":0,"4":0,"5":0,"6":0,"7":0},"f":{"0":0,"1":0,"2":0,"3":0,"4":0,"5":0},"b":{},"hash":"3c7d5ec56c51fa9d7ed60cff381ee6e266089b06"}
,"/opt/lampp/htdocs/Cloud/Project-NL/liars-ask-react-deploy/client/src/utilities/helper.js": {"path":"/opt/lampp/htdocs/Cloud/Project-NL/liars-ask-react-deploy/client/src/utilities/helper.js","statementMap":{"0":{"start":{"line":1,"column":24},"end":{"line":22,"column":1}},"1":{"start":{"line":4,"column":4},"end":{"line":20,"column":5}},"2":{"start":{"line":5,"column":22},"end":{"line":5,"column":26}},"3":{"start":{"line":6,"column":19},"end":{"line":6,"column":28}},"4":{"start":{"line":7,"column":8},"end":{"line":7,"column":37}},"5":{"start":{"line":9,"column":20},"end":{"line":12,"column":9}},"6":{"start":{"line":10,"column":12},"end":{"line":10,"column":27}},"7":{"start":{"line":11,"column":12},"end":{"line":11,"column":51}},"8":{"start":{"line":11,"column":27},"end":{"line":11,"column":51}},"9":{"start":{"line":14,"column":8},"end":{"line":14,"column":30}},"10":{"start":{"line":15,"column":22},"end":{"line":15,"column":43}},"11":{"start":{"line":17,"column":8},"end":{"line":17,"column":33}},"12":{"start":{"line":19,"column":8},"end":{"line":19,"column":44}},"13":{"start":{"line":19,"column":20},"end":{"line":19,"column":44}}},"fnMap":{"0":{"name":"(anonymous_0)","decl":{"start":{"line":1,"column":24},"end":{"line":1,"column":25}},"loc":{"start":{"line":1,"column":50},"end":{"line":22,"column":1}},"line":1},"1":{"name":"executedFn","decl":{"start":{"line":4,"column":20},"end":{"line":4,"column":30}},"loc":{"start":{"line":4,"column":33},"end":{"line":20,"column":5}},"line":4},"2":{"name":"(anonymous_2)","decl":{"start":{"line":9,"column":20},"end":{"line":9,"column":21}},"loc":{"start":{"line":9,"column":32},"end":{"line":12,"column":9}},"line":9}},"branchMap":{"0":{"loc":{"start":{"line":11,"column":12},"end":{"line":11,"column":51}},"type":"if","locations":[{"start":{"line":11,"column":12},"end":{"line":11,"column":51}},{"start":{"line":11,"column":12},"end":{"line":11,"column":51}}],"line":11},"1":{"loc":{"start":{"line":15,"column":22},"end":{"line":15,"column":43}},"type":"binary-expr","locations":[{"start":{"line":15,"column":22},"end":{"line":15,"column":31}},{"start":{"line":15,"column":35},"end":{"line":15,"column":43}}],"line":15},"2":{"loc":{"start":{"line":19,"column":8},"end":{"line":19,"column":44}},"type":"if","locations":[{"start":{"line":19,"column":8},"end":{"line":19,"column":44}},{"start":{"line":19,"column":8},"end":{"line":19,"column":44}}],"line":19}},"s":{"0":0,"1":0,"2":0,"3":0,"4":0,"5":0,"6":0,"7":0,"8":0,"9":0,"10":0,"11":0,"12":0,"13":0},"f":{"0":0,"1":0,"2":0},"b":{"0":[0,0],"1":[0,0],"2":[0,0]},"hash":"5abcfe230b89ad7dfedf04b97004d684934b16ac"}
}
