TN:
SF:/opt/lampp/htdocs/Cloud/Project-NL/liars-ask-react-deploy/client/src/AsyncComponent.js
FN:3,(anonymous_0)
FN:9,(anonymous_1)
FN:10,(anonymous_2)
FN:13,(anonymous_3)
FNF:4
FNH:0
FNDA:0,(anonymous_0)
FNDA:0,(anonymous_1)
FNDA:0,(anonymous_2)
FNDA:0,(anonymous_3)
DA:3,0
DA:4,0
DA:5,0
DA:10,0
DA:14,0
DA:15,0
LF:6
LH:0
BRDA:15,0,0,0
BRDA:15,0,1,0
BRF:2
BRH:0
end_of_record
TN:
SF:/opt/lampp/htdocs/Cloud/Project-NL/liars-ask-react-deploy/client/src/MainRouter.js
FN:7,(anonymous_0)
FN:12,(anonymous_1)
FNF:2
FNH:0
FNDA:0,(anonymous_0)
FNDA:0,(anonymous_1)
DA:7,0
DA:8,0
DA:13,0
DA:14,0
DA:15,0
DA:16,0
DA:17,0
DA:19,0
LF:8
LH:0
BRDA:14,0,0,0
BRDA:14,0,1,0
BRDA:16,1,0,0
BRDA:16,1,1,0
BRF:4
BRH:0
end_of_record
TN:
SF:/opt/lampp/htdocs/Cloud/Project-NL/liars-ask-react-deploy/client/src/PirvateRoute.js
FN:5,(anonymous_0)
FN:9,(anonymous_1)
FNF:2
FNH:0
FNDA:0,(anonymous_0)
FNDA:0,(anonymous_1)
DA:5,0
DA:6,0
DA:10,0
LF:3
LH:0
BRDA:10,0,0,0
BRDA:10,0,1,0
BRF:2
BRH:0
end_of_record
TN:
SF:/opt/lampp/htdocs/Cloud/Project-NL/liars-ask-react-deploy/client/src/index.js
FNF:0
FNH:0
DA:7,0
DA:9,0
DA:14,0
LF:3
LH:0
BRF:0
BRH:0
end_of_record
TN:
SF:/opt/lampp/htdocs/Cloud/Project-NL/liars-ask-react-deploy/client/src/serviceWorker.js
FN:23,register
FN:34,(anonymous_1)
FN:43,(anonymous_2)
FN:57,registerValidSW
FN:60,(anonymous_4)
FN:61,(anonymous_5)
FN:66,(anonymous_6)
FN:96,(anonymous_7)
FN:101,checkValidServiceWorker
FN:104,(anonymous_9)
FN:112,(anonymous_10)
FN:113,(anonymous_11)
FN:122,(anonymous_12)
FN:129,unregister
FN:131,(anonymous_14)
FNF:15
FNH:0
FNDA:0,register
FNDA:0,(anonymous_1)
FNDA:0,(anonymous_2)
FNDA:0,registerValidSW
FNDA:0,(anonymous_4)
FNDA:0,(anonymous_5)
FNDA:0,(anonymous_6)
FNDA:0,(anonymous_7)
FNDA:0,checkValidServiceWorker
FNDA:0,(anonymous_9)
FNDA:0,(anonymous_10)
FNDA:0,(anonymous_11)
FNDA:0,(anonymous_12)
FNDA:0,unregister
FNDA:0,(anonymous_14)
DA:13,0
DA:24,0
DA:26,0
DA:27,0
DA:31,0
DA:34,0
DA:35,0
DA:37,0
DA:39,0
DA:43,0
DA:44,0
DA:51,0
DA:58,0
DA:61,0
DA:62,0
DA:63,0
DA:64,0
DA:66,0
DA:67,0
DA:68,0
DA:72,0
DA:78,0
DA:79,0
DA:85,0
DA:88,0
DA:89,0
DA:97,0
DA:103,0
DA:106,0
DA:107,0
DA:112,0
DA:113,0
DA:114,0
DA:119,0
DA:123,0
DA:130,0
DA:131,0
DA:132,0
LF:38
LH:0
BRDA:14,0,0,0
BRDA:14,0,1,0
BRDA:14,0,2,0
BRDA:24,1,0,0
BRDA:24,1,1,0
BRDA:24,2,0,0
BRDA:24,2,1,0
BRDA:27,3,0,0
BRDA:27,3,1,0
BRDA:37,4,0,0
BRDA:37,4,1,0
BRDA:63,5,0,0
BRDA:63,5,1,0
BRDA:67,6,0,0
BRDA:67,6,1,0
BRDA:68,7,0,0
BRDA:68,7,1,0
BRDA:78,8,0,0
BRDA:78,8,1,0
BRDA:78,9,0,0
BRDA:78,9,1,0
BRDA:88,10,0,0
BRDA:88,10,1,0
BRDA:88,11,0,0
BRDA:88,11,1,0
BRDA:107,12,0,0
BRDA:107,12,1,0
BRDA:108,13,0,0
BRDA:108,13,1,0
BRDA:108,13,2,0
BRDA:130,14,0,0
BRDA:130,14,1,0
BRF:32
BRH:0
end_of_record
TN:
SF:/opt/lampp/htdocs/Cloud/Project-NL/liars-ask-react-deploy/client/src/admin/PrivateRouteAdmin.js
FN:6,(anonymous_0)
FN:10,(anonymous_1)
FN:11,fetchData
FN:32,(anonymous_3)
FNF:4
FNH:0
FNDA:0,(anonymous_0)
FNDA:0,(anonymous_1)
FNDA:0,fetchData
FNDA:0,(anonymous_3)
DA:6,0
DA:8,0
DA:10,0
DA:12,0
DA:13,0
DA:14,0
DA:15,0
DA:20,0
DA:23,0
DA:28,0
DA:34,0
LF:11
LH:0
BRDA:14,0,0,0
BRDA:14,0,1,0
BRDA:29,1,0,0
BRDA:29,1,1,0
BRF:4
BRH:0
end_of_record
TN:
SF:/opt/lampp/htdocs/Cloud/Project-NL/liars-ask-react-deploy/client/src/admin/RouteAdmin.js
FN:19,(anonymous_0)
FNF:1
FNH:0
FNDA:0,(anonymous_0)
DA:19,0
DA:20,0
LF:2
LH:0
BRF:0
BRH:0
end_of_record
TN:
SF:/opt/lampp/htdocs/Cloud/Project-NL/liars-ask-react-deploy/client/src/admin/announcements/AddAnnouncement.js
FN:9,(anonymous_0)
FN:13,(anonymous_1)
FN:22,(anonymous_2)
FN:28,(anonymous_3)
FN:41,(anonymous_4)
FN:45,(anonymous_5)
FN:55,(anonymous_6)
FN:57,(anonymous_7)
FN:62,(anonymous_8)
FN:136,(anonymous_9)
FN:138,(anonymous_10)
FN:145,(anonymous_11)
FNF:12
FNH:0
FNDA:0,(anonymous_0)
FNDA:0,(anonymous_1)
FNDA:0,(anonymous_2)
FNDA:0,(anonymous_3)
FNDA:0,(anonymous_4)
FNDA:0,(anonymous_5)
FNDA:0,(anonymous_6)
FNDA:0,(anonymous_7)
FNDA:0,(anonymous_8)
FNDA:0,(anonymous_9)
FNDA:0,(anonymous_10)
FNDA:0,(anonymous_11)
DA:9,0
DA:10,0
DA:11,0
DA:13,0
DA:14,0
DA:15,0
DA:16,0
DA:18,0
DA:19,0
DA:21,0
DA:22,0
DA:23,0
DA:28,0
DA:29,0
DA:30,0
DA:31,0
DA:32,0
DA:33,0
DA:34,0
DA:35,0
DA:36,0
DA:37,0
DA:39,0
DA:40,0
DA:41,0
DA:43,0
DA:44,0
DA:46,0
DA:50,0
DA:55,0
DA:56,0
DA:57,0
DA:58,0
DA:59,0
DA:62,0
DA:64,0
DA:65,0
DA:66,0
DA:67,0
DA:68,0
DA:69,0
DA:75,0
DA:137,0
DA:138,0
DA:145,0
LF:45
LH:0
BRDA:30,0,0,0
BRDA:30,0,1,0
BRDA:34,1,0,0
BRDA:34,1,1,0
BRDA:43,2,0,0
BRDA:43,2,1,0
BRDA:43,3,0,0
BRDA:43,3,1,0
BRDA:64,4,0,0
BRDA:64,4,1,0
BRDA:79,5,0,0
BRDA:79,5,1,0
BRDA:138,6,0,0
BRDA:138,6,1,0
BRF:14
BRH:0
end_of_record
TN:
SF:/opt/lampp/htdocs/Cloud/Project-NL/liars-ask-react-deploy/client/src/admin/announcements/Announcements.js
FN:8,(anonymous_0)
FN:16,(anonymous_1)
FN:20,(anonymous_2)
FN:22,(anonymous_3)
FN:31,(anonymous_4)
FN:35,(anonymous_5)
FNF:6
FNH:0
FNDA:0,(anonymous_0)
FNDA:0,(anonymous_1)
FNDA:0,(anonymous_2)
FNDA:0,(anonymous_3)
FNDA:0,(anonymous_4)
FNDA:0,(anonymous_5)
DA:9,0
DA:10,0
DA:16,0
DA:17,0
DA:21,0
DA:23,0
DA:24,0
DA:26,0
DA:32,0
DA:36,0
DA:37,0
DA:38,0
LF:12
LH:0
BRDA:23,0,0,0
BRDA:23,0,1,0
BRDA:42,1,0,0
BRDA:42,1,1,0
BRF:4
BRH:0
end_of_record
TN:
SF:/opt/lampp/htdocs/Cloud/Project-NL/liars-ask-react-deploy/client/src/admin/announcements/EditAcm.js
FN:10,(anonymous_0)
FN:23,(anonymous_1)
FN:35,(anonymous_2)
FN:42,(anonymous_3)
FN:52,(anonymous_4)
FN:54,(anonymous_5)
FN:59,(anonymous_6)
FN:69,(anonymous_7)
FN:73,(anonymous_8)
FN:77,(anonymous_9)
FN:80,(anonymous_10)
FN:83,(anonymous_11)
FN:100,(anonymous_12)
FN:104,(anonymous_13)
FN:108,(anonymous_14)
FN:127,(anonymous_15)
FN:169,(anonymous_16)
FN:170,(anonymous_17)
FN:177,(anonymous_18)
FNF:19
FNH:0
FNDA:0,(anonymous_0)
FNDA:0,(anonymous_1)
FNDA:0,(anonymous_2)
FNDA:0,(anonymous_3)
FNDA:0,(anonymous_4)
FNDA:0,(anonymous_5)
FNDA:0,(anonymous_6)
FNDA:0,(anonymous_7)
FNDA:0,(anonymous_8)
FNDA:0,(anonymous_9)
FNDA:0,(anonymous_10)
FNDA:0,(anonymous_11)
FNDA:0,(anonymous_12)
FNDA:0,(anonymous_13)
FNDA:0,(anonymous_14)
FNDA:0,(anonymous_15)
FNDA:0,(anonymous_16)
FNDA:0,(anonymous_17)
FNDA:0,(anonymous_18)
DA:11,0
DA:12,0
DA:23,0
DA:24,0
DA:25,0
DA:26,0
DA:27,0
DA:28,0
DA:29,0
DA:30,0
DA:31,0
DA:33,0
DA:34,0
DA:35,0
DA:37,0
DA:38,0
DA:39,0
DA:41,0
DA:43,0
DA:44,0
DA:48,0
DA:52,0
DA:53,0
DA:54,0
DA:55,0
DA:56,0
DA:59,0
DA:60,0
DA:61,0
DA:62,0
DA:63,0
DA:64,0
DA:65,0
DA:69,0
DA:70,0
DA:73,0
DA:74,0
DA:79,0
DA:81,0
DA:82,0
DA:83,0
DA:84,0
DA:85,0
DA:86,0
DA:87,0
DA:90,0
DA:94,0
DA:95,0
DA:96,0
DA:98,0
DA:101,0
DA:102,0
DA:105,0
DA:109,0
DA:110,0
DA:111,0
DA:127,0
DA:170,0
DA:177,0
LF:59
LH:0
BRDA:28,0,0,0
BRDA:28,0,1,0
BRDA:37,1,0,0
BRDA:37,1,1,0
BRDA:38,2,0,0
BRDA:38,2,1,0
BRDA:60,3,0,0
BRDA:60,3,1,0
BRDA:81,4,0,0
BRDA:81,4,1,0
BRDA:86,5,0,0
BRDA:86,5,1,0
BRDA:115,6,0,0
BRDA:115,6,1,0
BRDA:170,7,0,0
BRDA:170,7,1,0
BRF:16
BRH:0
end_of_record
TN:
SF:/opt/lampp/htdocs/Cloud/Project-NL/liars-ask-react-deploy/client/src/admin/announcements/ListItem.js
FN:11,(anonymous_0)
FN:15,(anonymous_1)
FN:20,(anonymous_2)
FN:26,(anonymous_3)
FN:34,(anonymous_4)
FN:64,(anonymous_5)
FNF:6
FNH:0
FNDA:0,(anonymous_0)
FNDA:0,(anonymous_1)
FNDA:0,(anonymous_2)
FNDA:0,(anonymous_3)
FNDA:0,(anonymous_4)
FNDA:0,(anonymous_5)
DA:12,0
DA:15,0
DA:16,0
DA:17,0
DA:19,0
DA:21,0
DA:27,0
DA:28,0
DA:34,0
DA:65,0
LF:10
LH:0
BRDA:17,0,0,0
BRDA:17,0,1,0
BRDA:31,1,0,0
BRDA:31,1,1,0
BRDA:60,2,0,0
BRDA:60,2,1,0
BRDA:64,3,0,0
BRDA:64,3,1,0
BRF:8
BRH:0
end_of_record
TN:
SF:/opt/lampp/htdocs/Cloud/Project-NL/liars-ask-react-deploy/client/src/admin/announcements/ListWrapper.js
FN:4,(anonymous_0)
FN:7,(anonymous_1)
FN:15,(anonymous_2)
FNF:3
FNH:0
FNDA:0,(anonymous_0)
FNDA:0,(anonymous_1)
FNDA:0,(anonymous_2)
DA:4,0
DA:5,0
DA:7,0
DA:8,0
DA:11,0
DA:16,0
LF:6
LH:0
BRDA:15,0,0,0
BRDA:15,0,1,0
BRF:2
BRH:0
end_of_record
TN:
SF:/opt/lampp/htdocs/Cloud/Project-NL/liars-ask-react-deploy/client/src/admin/components/Content.js
FN:3,(anonymous_0)
FNF:1
FNH:0
FNDA:0,(anonymous_0)
DA:3,0
DA:4,0
LF:2
LH:0
BRF:0
BRH:0
end_of_record
TN:
SF:/opt/lampp/htdocs/Cloud/Project-NL/liars-ask-react-deploy/client/src/admin/components/Footer.js
FN:3,(anonymous_0)
FNF:1
FNH:0
FNDA:0,(anonymous_0)
DA:3,0
DA:5,0
LF:2
LH:0
BRF:0
BRH:0
end_of_record
TN:
SF:/opt/lampp/htdocs/Cloud/Project-NL/liars-ask-react-deploy/client/src/admin/components/Header.js
FN:12,(anonymous_0)
FN:28,(anonymous_1)
FN:32,(anonymous_2)
FN:38,(anonymous_3)
FN:46,(anonymous_4)
FN:62,(anonymous_5)
FN:67,(anonymous_6)
FN:75,(anonymous_7)
FN:80,(anonymous_8)
FN:91,(anonymous_9)
FN:96,(anonymous_10)
FN:105,(anonymous_11)
FN:116,(anonymous_12)
FN:119,(anonymous_13)
FN:128,(anonymous_14)
FN:137,(anonymous_15)
FN:146,(anonymous_16)
FN:148,(anonymous_17)
FN:154,(anonymous_18)
FN:274,(anonymous_19)
FNF:20
FNH:0
FNDA:0,(anonymous_0)
FNDA:0,(anonymous_1)
FNDA:0,(anonymous_2)
FNDA:0,(anonymous_3)
FNDA:0,(anonymous_4)
FNDA:0,(anonymous_5)
FNDA:0,(anonymous_6)
FNDA:0,(anonymous_7)
FNDA:0,(anonymous_8)
FNDA:0,(anonymous_9)
FNDA:0,(anonymous_10)
FNDA:0,(anonymous_11)
FNDA:0,(anonymous_12)
FNDA:0,(anonymous_13)
FNDA:0,(anonymous_14)
FNDA:0,(anonymous_15)
FNDA:0,(anonymous_16)
FNDA:0,(anonymous_17)
FNDA:0,(anonymous_18)
FNDA:0,(anonymous_19)
DA:13,0
DA:15,0
DA:28,0
DA:29,0
DA:33,0
DA:34,0
DA:35,0
DA:36,0
DA:37,0
DA:39,0
DA:41,0
DA:46,0
DA:47,0
DA:48,0
DA:50,0
DA:52,0
DA:53,0
DA:54,0
DA:58,0
DA:59,0
DA:62,0
DA:63,0
DA:67,0
DA:68,0
DA:69,0
DA:70,0
DA:72,0
DA:75,0
DA:76,0
DA:80,0
DA:81,0
DA:83,0
DA:84,0
DA:87,0
DA:91,0
DA:92,0
DA:96,0
DA:97,0
DA:98,0
DA:105,0
DA:106,0
DA:108,0
DA:109,0
DA:112,0
DA:116,0
DA:117,0
DA:119,0
DA:120,0
DA:121,0
DA:128,0
DA:129,0
DA:130,0
DA:131,0
DA:133,0
DA:136,0
DA:137,0
DA:138,0
DA:139,0
DA:146,0
DA:147,0
DA:149,0
DA:150,0
DA:155,0
DA:156,0
DA:275,0
LF:65
LH:0
BRDA:34,0,0,0
BRDA:34,0,1,0
BRDA:52,1,0,0
BRDA:52,1,1,0
BRDA:69,2,0,0
BRDA:69,2,1,0
BRDA:83,3,0,0
BRDA:83,3,1,0
BRDA:108,4,0,0
BRDA:108,4,1,0
BRDA:130,5,0,0
BRDA:130,5,1,0
BRDA:234,6,0,0
BRDA:234,6,1,0
BRDA:274,7,0,0
BRDA:274,7,1,0
BRDA:277,8,0,0
BRDA:277,8,1,0
BRDA:279,9,0,0
BRDA:279,9,1,0
BRF:20
BRH:0
end_of_record
TN:
SF:/opt/lampp/htdocs/Cloud/Project-NL/liars-ask-react-deploy/client/src/admin/components/LeftSidebar.js
FN:6,(anonymous_0)
FN:13,(anonymous_1)
FN:16,(anonymous_2)
FN:21,(anonymous_3)
FN:24,(anonymous_4)
FN:30,(anonymous_5)
FNF:6
FNH:0
FNDA:0,(anonymous_0)
FNDA:0,(anonymous_1)
FNDA:0,(anonymous_2)
FNDA:0,(anonymous_3)
FNDA:0,(anonymous_4)
FNDA:0,(anonymous_5)
DA:7,0
DA:8,0
DA:14,0
DA:15,0
DA:16,0
DA:17,0
DA:18,0
DA:22,0
DA:23,0
DA:24,0
DA:25,0
DA:26,0
DA:31,0
LF:13
LH:0
BRDA:15,0,0,0
BRDA:15,0,1,0
BRDA:17,1,0,0
BRDA:17,1,1,0
BRDA:23,2,0,0
BRDA:23,2,1,0
BRDA:25,3,0,0
BRDA:25,3,1,0
BRF:8
BRH:0
end_of_record
TN:
SF:/opt/lampp/htdocs/Cloud/Project-NL/liars-ask-react-deploy/client/src/admin/components/Notify.js
FN:6,(anonymous_0)
FN:9,(anonymous_1)
FN:14,(anonymous_2)
FN:21,(anonymous_3)
FNF:4
FNH:0
FNDA:0,(anonymous_0)
FNDA:0,(anonymous_1)
FNDA:0,(anonymous_2)
FNDA:0,(anonymous_3)
DA:6,0
DA:7,0
DA:8,0
DA:9,0
DA:11,0
DA:14,0
DA:15,0
DA:16,0
DA:22,0
DA:23,0
DA:24,0
DA:25,0
DA:26,0
DA:28,0
LF:14
LH:0
BRDA:8,0,0,0
BRDA:8,0,1,0
BRDA:22,1,0,0
BRDA:22,1,1,0
BRF:4
BRH:0
end_of_record
TN:
SF:/opt/lampp/htdocs/Cloud/Project-NL/liars-ask-react-deploy/client/src/admin/components/SingleTag.js
FN:3,(anonymous_0)
FNF:1
FNH:0
FNDA:0,(anonymous_0)
DA:3,0
DA:4,0
LF:2
LH:0
BRDA:7,0,0,0
BRDA:7,0,1,0
BRDA:9,1,0,0
BRDA:9,1,1,0
BRDA:11,2,0,0
BRDA:11,2,1,0
BRF:6
BRH:0
end_of_record
TN:
SF:/opt/lampp/htdocs/Cloud/Project-NL/liars-ask-react-deploy/client/src/admin/components/Tags.js
FN:3,(anonymous_0)
FNF:1
FNH:0
FNDA:0,(anonymous_0)
DA:3,0
DA:4,0
LF:2
LH:0
BRDA:8,0,0,0
BRDA:8,0,1,0
BRF:2
BRH:0
end_of_record
TN:
SF:/opt/lampp/htdocs/Cloud/Project-NL/liars-ask-react-deploy/client/src/admin/controllers/userController.js
FN:2,(anonymous_0)
FN:11,(anonymous_1)
FN:14,(anonymous_2)
FN:19,(anonymous_3)
FN:28,(anonymous_4)
FN:31,(anonymous_5)
FN:36,(anonymous_6)
FN:41,(anonymous_7)
FN:48,(anonymous_8)
FN:57,(anonymous_9)
FN:60,(anonymous_10)
FN:65,(anonymous_11)
FN:74,(anonymous_12)
FN:77,(anonymous_13)
FN:82,(anonymous_14)
FN:90,(anonymous_15)
FN:93,(anonymous_16)
FN:98,(anonymous_17)
FN:106,(anonymous_18)
FN:109,(anonymous_19)
FNF:20
FNH:0
FNDA:0,(anonymous_0)
FNDA:0,(anonymous_1)
FNDA:0,(anonymous_2)
FNDA:0,(anonymous_3)
FNDA:0,(anonymous_4)
FNDA:0,(anonymous_5)
FNDA:0,(anonymous_6)
FNDA:0,(anonymous_7)
FNDA:0,(anonymous_8)
FNDA:0,(anonymous_9)
FNDA:0,(anonymous_10)
FNDA:0,(anonymous_11)
FNDA:0,(anonymous_12)
FNDA:0,(anonymous_13)
FNDA:0,(anonymous_14)
FNDA:0,(anonymous_15)
FNDA:0,(anonymous_16)
FNDA:0,(anonymous_17)
FNDA:0,(anonymous_18)
FNDA:0,(anonymous_19)
DA:2,0
DA:3,0
DA:12,0
DA:15,0
DA:19,0
DA:20,0
DA:29,0
DA:32,0
DA:36,0
DA:37,0
DA:38,0
DA:41,0
DA:42,0
DA:43,0
DA:45,0
DA:48,0
DA:49,0
DA:58,0
DA:61,0
DA:65,0
DA:66,0
DA:75,0
DA:78,0
DA:82,0
DA:83,0
DA:91,0
DA:94,0
DA:98,0
DA:99,0
DA:107,0
DA:110,0
LF:31
LH:0
BRDA:42,0,0,0
BRDA:42,0,1,0
BRF:2
BRH:0
end_of_record
TN:
SF:/opt/lampp/htdocs/Cloud/Project-NL/liars-ask-react-deploy/client/src/admin/editor/Mde.js
FN:13,Mde
FN:23,(anonymous_1)
FNF:2
FNH:0
FNDA:0,Mde
FNDA:0,(anonymous_1)
DA:6,0
DA:14,0
DA:15,0
DA:16,0
DA:24,0
LF:5
LH:0
BRDA:19,0,0,0
BRDA:19,0,1,0
BRF:2
BRH:0
end_of_record
TN:
SF:/opt/lampp/htdocs/Cloud/Project-NL/liars-ask-react-deploy/client/src/admin/request/RequestUpgrade.js
FN:13,(anonymous_0)
FN:21,(anonymous_1)
FN:25,(anonymous_2)
FN:27,(anonymous_3)
FN:30,(anonymous_4)
FN:34,(anonymous_5)
FN:49,(anonymous_6)
FN:65,(anonymous_7)
FN:80,(anonymous_8)
FN:95,(anonymous_9)
FN:122,(anonymous_10)
FN:134,(anonymous_11)
FN:140,(anonymous_12)
FNF:13
FNH:0
FNDA:0,(anonymous_0)
FNDA:0,(anonymous_1)
FNDA:0,(anonymous_2)
FNDA:0,(anonymous_3)
FNDA:0,(anonymous_4)
FNDA:0,(anonymous_5)
FNDA:0,(anonymous_6)
FNDA:0,(anonymous_7)
FNDA:0,(anonymous_8)
FNDA:0,(anonymous_9)
FNDA:0,(anonymous_10)
FNDA:0,(anonymous_11)
FNDA:0,(anonymous_12)
DA:14,0
DA:15,0
DA:21,0
DA:22,0
DA:26,0
DA:28,0
DA:30,0
DA:34,0
DA:35,0
DA:36,0
DA:37,0
DA:38,0
DA:39,0
DA:40,0
DA:41,0
DA:44,0
DA:45,0
DA:46,0
DA:48,0
DA:50,0
DA:51,0
DA:52,0
DA:53,0
DA:54,0
DA:56,0
DA:59,0
DA:65,0
DA:66,0
DA:67,0
DA:68,0
DA:69,0
DA:70,0
DA:71,0
DA:72,0
DA:75,0
DA:76,0
DA:77,0
DA:79,0
DA:81,0
DA:82,0
DA:83,0
DA:84,0
DA:85,0
DA:87,0
DA:90,0
DA:96,0
DA:97,0
DA:98,0
DA:123,0
DA:124,0
DA:134,0
DA:140,0
LF:52
LH:0
BRDA:36,0,0,0
BRDA:36,0,1,0
BRDA:39,1,0,0
BRDA:39,1,1,0
BRDA:45,2,0,0
BRDA:45,2,1,0
BRDA:50,3,0,0
BRDA:50,3,1,0
BRDA:67,4,0,0
BRDA:67,4,1,0
BRDA:70,5,0,0
BRDA:70,5,1,0
BRDA:76,6,0,0
BRDA:76,6,1,0
BRDA:81,7,0,0
BRDA:81,7,1,0
BRDA:101,8,0,0
BRDA:101,8,1,0
BRDA:123,9,0,0
BRDA:123,9,1,0
BRDA:123,10,0,0
BRDA:123,10,1,0
BRDA:123,11,0,0
BRDA:123,11,1,0
BRDA:126,12,0,0
BRDA:126,12,1,0
BRDA:133,13,0,0
BRDA:133,13,1,0
BRDA:145,14,0,0
BRDA:145,14,1,0
BRDA:145,15,0,0
BRDA:145,15,1,0
BRF:32
BRH:0
end_of_record
TN:
SF:/opt/lampp/htdocs/Cloud/Project-NL/liars-ask-react-deploy/client/src/admin/tags/AddTag.js
FN:8,(anonymous_0)
FN:11,(anonymous_1)
FN:17,(anonymous_2)
FN:27,(anonymous_3)
FNF:4
FNH:0
FNDA:0,(anonymous_0)
FNDA:0,(anonymous_1)
FNDA:0,(anonymous_2)
FNDA:0,(anonymous_3)
DA:8,0
DA:9,0
DA:11,0
DA:12,0
DA:13,0
DA:14,0
DA:17,0
DA:18,0
DA:19,0
DA:20,0
DA:21,0
DA:22,0
DA:25,0
DA:26,0
DA:28,0
DA:31,0
DA:36,0
LF:17
LH:0
BRDA:21,0,0,0
BRDA:21,0,1,0
BRDA:25,1,0,0
BRDA:25,1,1,0
BRDA:40,2,0,0
BRDA:40,2,1,0
BRF:6
BRH:0
end_of_record
TN:
SF:/opt/lampp/htdocs/Cloud/Project-NL/liars-ask-react-deploy/client/src/admin/tags/EditTag.js
FN:6,(anonymous_0)
FN:8,(anonymous_1)
FNF:2
FNH:0
FNDA:0,(anonymous_0)
FNDA:0,(anonymous_1)
DA:6,0
DA:8,0
DA:9,0
DA:10,0
DA:11,0
DA:14,0
LF:6
LH:0
BRF:0
BRH:0
end_of_record
TN:
SF:/opt/lampp/htdocs/Cloud/Project-NL/liars-ask-react-deploy/client/src/admin/tags/Tags.js
FN:7,(anonymous_0)
FN:14,(anonymous_1)
FN:16,(anonymous_2)
FN:21,(anonymous_3)
FN:49,(anonymous_4)
FNF:5
FNH:0
FNDA:0,(anonymous_0)
FNDA:0,(anonymous_1)
FNDA:0,(anonymous_2)
FNDA:0,(anonymous_3)
FNDA:0,(anonymous_4)
DA:8,0
DA:9,0
DA:15,0
DA:17,0
DA:22,0
DA:23,0
DA:50,0
LF:7
LH:0
BRF:0
BRH:0
end_of_record
TN:
SF:/opt/lampp/htdocs/Cloud/Project-NL/liars-ask-react-deploy/client/src/admin/users/AddUser.js
FN:6,(anonymous_0)
FN:8,(anonymous_1)
FNF:2
FNH:0
FNDA:0,(anonymous_0)
FNDA:0,(anonymous_1)
DA:6,0
DA:8,0
DA:9,0
DA:10,0
DA:11,0
DA:14,0
DA:15,0
LF:7
LH:0
BRF:0
BRH:0
end_of_record
TN:
SF:/opt/lampp/htdocs/Cloud/Project-NL/liars-ask-react-deploy/client/src/admin/users/DebounceFind.js
FN:3,useDebounce
FN:7,(anonymous_1)
FN:8,(anonymous_2)
FN:13,(anonymous_3)
FN:21,DebounceFind
FN:35,(anonymous_5)
FNF:6
FNH:0
FNDA:0,useDebounce
FNDA:0,(anonymous_1)
FNDA:0,(anonymous_2)
FNDA:0,(anonymous_3)
FNDA:0,DebounceFind
FNDA:0,(anonymous_5)
DA:4,0
DA:7,0
DA:8,0
DA:10,0
DA:13,0
DA:14,0
DA:22,0
DA:24,0
DA:31,0
DA:35,0
LF:10
LH:0
BRDA:4,0,0,0
BRDA:4,0,1,0
BRF:2
BRH:0
end_of_record
TN:
SF:/opt/lampp/htdocs/Cloud/Project-NL/liars-ask-react-deploy/client/src/admin/users/UserInfo.js
FN:8,(anonymous_0)
FN:15,(anonymous_1)
FN:19,(anonymous_2)
FN:22,(anonymous_3)
FN:25,(anonymous_4)
FN:30,(anonymous_5)
FN:60,(anonymous_6)
FN:62,(anonymous_7)
FNF:8
FNH:0
FNDA:0,(anonymous_0)
FNDA:0,(anonymous_1)
FNDA:0,(anonymous_2)
FNDA:0,(anonymous_3)
FNDA:0,(anonymous_4)
FNDA:0,(anonymous_5)
FNDA:0,(anonymous_6)
FNDA:0,(anonymous_7)
DA:9,0
DA:10,0
DA:15,0
DA:16,0
DA:19,0
DA:20,0
DA:21,0
DA:23,0
DA:26,0
DA:31,0
DA:32,0
DA:33,0
DA:34,0
DA:35,0
DA:60,0
DA:63,0
DA:64,0
LF:17
LH:0
BRDA:38,0,0,0
BRDA:38,0,1,0
BRDA:41,1,0,0
BRDA:41,1,1,0
BRDA:46,2,0,0
BRDA:46,2,1,0
BRDA:63,3,0,0
BRDA:63,3,1,0
BRF:8
BRH:0
end_of_record
TN:
SF:/opt/lampp/htdocs/Cloud/Project-NL/liars-ask-react-deploy/client/src/admin/users/UsersComponent.js
FN:9,(anonymous_0)
FN:18,(anonymous_1)
FN:23,(anonymous_2)
FN:26,(anonymous_3)
FN:35,(anonymous_4)
FN:38,(anonymous_5)
FN:47,(anonymous_6)
FN:75,(anonymous_7)
FNF:8
FNH:0
FNDA:0,(anonymous_0)
FNDA:0,(anonymous_1)
FNDA:0,(anonymous_2)
FNDA:0,(anonymous_3)
FNDA:0,(anonymous_4)
FNDA:0,(anonymous_5)
FNDA:0,(anonymous_6)
FNDA:0,(anonymous_7)
DA:10,0
DA:11,0
DA:19,0
DA:24,0
DA:27,0
DA:35,0
DA:36,0
DA:37,0
DA:39,0
DA:40,0
DA:48,0
DA:49,0
DA:76,0
LF:13
LH:0
BRDA:39,0,0,0
BRDA:39,0,1,0
BRDA:74,1,0,0
BRDA:74,1,1,0
BRDA:74,2,0,0
BRDA:74,2,1,0
BRF:6
BRH:0
end_of_record
TN:
SF:/opt/lampp/htdocs/Cloud/Project-NL/liars-ask-react-deploy/client/src/client/AuthRoute.js
FN:7,(anonymous_0)
FNF:1
FNH:0
FNDA:0,(anonymous_0)
DA:7,0
DA:8,0
LF:2
LH:0
BRF:0
BRH:0
end_of_record
TN:
SF:/opt/lampp/htdocs/Cloud/Project-NL/liars-ask-react-deploy/client/src/client/RouteClient.js
FN:33,(anonymous_0)
FNF:1
FNH:0
FNDA:0,(anonymous_0)
DA:33,0
DA:34,0
LF:2
LH:0
BRF:0
BRH:0
end_of_record
TN:
SF:/opt/lampp/htdocs/Cloud/Project-NL/liars-ask-react-deploy/client/src/client/announcements/AddAnnouncement.js
FN:9,(anonymous_0)
FN:13,(anonymous_1)
FN:22,(anonymous_2)
FN:28,(anonymous_3)
FN:41,(anonymous_4)
FN:45,(anonymous_5)
FN:55,(anonymous_6)
FN:57,(anonymous_7)
FN:62,(anonymous_8)
FN:136,(anonymous_9)
FN:138,(anonymous_10)
FN:145,(anonymous_11)
FNF:12
FNH:0
FNDA:0,(anonymous_0)
FNDA:0,(anonymous_1)
FNDA:0,(anonymous_2)
FNDA:0,(anonymous_3)
FNDA:0,(anonymous_4)
FNDA:0,(anonymous_5)
FNDA:0,(anonymous_6)
FNDA:0,(anonymous_7)
FNDA:0,(anonymous_8)
FNDA:0,(anonymous_9)
FNDA:0,(anonymous_10)
FNDA:0,(anonymous_11)
DA:9,0
DA:10,0
DA:11,0
DA:13,0
DA:14,0
DA:15,0
DA:16,0
DA:18,0
DA:19,0
DA:21,0
DA:22,0
DA:23,0
DA:28,0
DA:29,0
DA:30,0
DA:31,0
DA:32,0
DA:33,0
DA:34,0
DA:35,0
DA:36,0
DA:37,0
DA:39,0
DA:40,0
DA:41,0
DA:43,0
DA:44,0
DA:46,0
DA:50,0
DA:55,0
DA:56,0
DA:57,0
DA:58,0
DA:59,0
DA:62,0
DA:64,0
DA:65,0
DA:66,0
DA:67,0
DA:68,0
DA:69,0
DA:75,0
DA:137,0
DA:138,0
DA:145,0
LF:45
LH:0
BRDA:30,0,0,0
BRDA:30,0,1,0
BRDA:34,1,0,0
BRDA:34,1,1,0
BRDA:43,2,0,0
BRDA:43,2,1,0
BRDA:43,3,0,0
BRDA:43,3,1,0
BRDA:64,4,0,0
BRDA:64,4,1,0
BRDA:79,5,0,0
BRDA:79,5,1,0
BRDA:138,6,0,0
BRDA:138,6,1,0
BRF:14
BRH:0
end_of_record
TN:
SF:/opt/lampp/htdocs/Cloud/Project-NL/liars-ask-react-deploy/client/src/client/announcements/ListItem.js
FN:8,(anonymous_0)
FN:12,(anonymous_1)
FN:49,(anonymous_2)
FNF:3
FNH:0
FNDA:0,(anonymous_0)
FNDA:0,(anonymous_1)
FNDA:0,(anonymous_2)
DA:9,0
DA:13,0
DA:14,0
DA:50,0
LF:4
LH:0
BRDA:17,0,0,0
BRDA:17,0,1,0
BRDA:45,1,0,0
BRDA:45,1,1,0
BRDA:49,2,0,0
BRDA:49,2,1,0
BRF:6
BRH:0
end_of_record
TN:
SF:/opt/lampp/htdocs/Cloud/Project-NL/liars-ask-react-deploy/client/src/client/announcements/ListWrapper.js
FN:7,(anonymous_0)
FN:14,(anonymous_1)
FN:18,(anonymous_2)
FN:27,(anonymous_3)
FNF:4
FNH:0
FNDA:0,(anonymous_0)
FNDA:0,(anonymous_1)
FNDA:0,(anonymous_2)
FNDA:0,(anonymous_3)
DA:8,0
DA:9,0
DA:15,0
DA:19,0
DA:20,0
DA:21,0
DA:23,0
DA:28,0
LF:8
LH:0
BRDA:20,0,0,0
BRDA:20,0,1,0
BRDA:27,1,0,0
BRDA:27,1,1,0
BRF:4
BRH:0
end_of_record
TN:
SF:/opt/lampp/htdocs/Cloud/Project-NL/liars-ask-react-deploy/client/src/client/announcements/SingleAcm.js
FN:9,(anonymous_0)
FN:16,(anonymous_1)
FN:23,(anonymous_2)
FN:33,(anonymous_3)
FNF:4
FNH:0
FNDA:0,(anonymous_0)
FNDA:0,(anonymous_1)
FNDA:0,(anonymous_2)
FNDA:0,(anonymous_3)
DA:10,0
DA:11,0
DA:18,0
DA:19,0
DA:22,0
DA:24,0
DA:25,0
DA:27,0
DA:34,0
DA:35,0
DA:36,0
DA:38,0
LF:12
LH:0
BRDA:24,0,0,0
BRDA:24,0,1,0
BRDA:35,1,0,0
BRDA:35,1,1,0
BRF:4
BRH:0
end_of_record
TN:
SF:/opt/lampp/htdocs/Cloud/Project-NL/liars-ask-react-deploy/client/src/client/announcements/announcements.js
FN:19,(anonymous_0)
FN:27,(anonymous_1)
FN:31,(anonymous_2)
FN:33,(anonymous_3)
FN:42,(anonymous_4)
FN:46,(anonymous_5)
FNF:6
FNH:0
FNDA:0,(anonymous_0)
FNDA:0,(anonymous_1)
FNDA:0,(anonymous_2)
FNDA:0,(anonymous_3)
FNDA:0,(anonymous_4)
FNDA:0,(anonymous_5)
DA:20,0
DA:21,0
DA:27,0
DA:28,0
DA:32,0
DA:34,0
DA:35,0
DA:37,0
DA:43,0
DA:47,0
DA:48,0
LF:11
LH:0
BRDA:34,0,0,0
BRDA:34,0,1,0
BRDA:53,1,0,0
BRDA:53,1,1,0
BRF:4
BRH:0
end_of_record
TN:
SF:/opt/lampp/htdocs/Cloud/Project-NL/liars-ask-react-deploy/client/src/client/asks/Asks.js
FN:14,(anonymous_0)
FN:24,(anonymous_1)
FN:39,(anonymous_2)
FN:43,(anonymous_3)
FN:46,(anonymous_4)
FN:62,(anonymous_5)
FN:64,(anonymous_6)
FN:69,(anonymous_7)
FN:79,(anonymous_8)
FN:83,(anonymous_9)
FN:91,(anonymous_10)
FN:95,(anonymous_11)
FN:99,(anonymous_12)
FN:160,(anonymous_13)
FN:161,(anonymous_14)
FN:168,(anonymous_15)
FNF:16
FNH:0
FNDA:0,(anonymous_0)
FNDA:0,(anonymous_1)
FNDA:0,(anonymous_2)
FNDA:0,(anonymous_3)
FNDA:0,(anonymous_4)
FNDA:0,(anonymous_5)
FNDA:0,(anonymous_6)
FNDA:0,(anonymous_7)
FNDA:0,(anonymous_8)
FNDA:0,(anonymous_9)
FNDA:0,(anonymous_10)
FNDA:0,(anonymous_11)
FNDA:0,(anonymous_12)
FNDA:0,(anonymous_13)
FNDA:0,(anonymous_14)
FNDA:0,(anonymous_15)
DA:15,0
DA:16,0
DA:24,0
DA:25,0
DA:26,0
DA:27,0
DA:28,0
DA:29,0
DA:30,0
DA:31,0
DA:33,0
DA:34,0
DA:35,0
DA:37,0
DA:38,0
DA:39,0
DA:41,0
DA:42,0
DA:44,0
DA:47,0
DA:51,0
DA:53,0
DA:55,0
DA:56,0
DA:57,0
DA:62,0
DA:63,0
DA:64,0
DA:65,0
DA:66,0
DA:69,0
DA:70,0
DA:71,0
DA:72,0
DA:73,0
DA:74,0
DA:75,0
DA:79,0
DA:80,0
DA:85,0
DA:86,0
DA:87,0
DA:89,0
DA:92,0
DA:93,0
DA:96,0
DA:100,0
DA:101,0
DA:161,0
DA:168,0
LF:50
LH:0
BRDA:33,0,0,0
BRDA:33,0,1,0
BRDA:41,1,0,0
BRDA:41,1,1,0
BRDA:70,2,0,0
BRDA:70,2,1,0
BRDA:105,3,0,0
BRDA:105,3,1,0
BRDA:161,4,0,0
BRDA:161,4,1,0
BRF:10
BRH:0
end_of_record
TN:
SF:/opt/lampp/htdocs/Cloud/Project-NL/liars-ask-react-deploy/client/src/client/asks/ButtonGuild.js
FN:5,(anonymous_0)
FN:12,(anonymous_1)
FN:13,(anonymous_2)
FN:34,(anonymous_3)
FN:38,(anonymous_4)
FN:46,(anonymous_5)
FNF:6
FNH:0
FNDA:0,(anonymous_0)
FNDA:0,(anonymous_1)
FNDA:0,(anonymous_2)
FNDA:0,(anonymous_3)
FNDA:0,(anonymous_4)
FNDA:0,(anonymous_5)
DA:6,0
DA:7,0
DA:12,0
DA:13,0
DA:17,0
DA:18,0
DA:19,0
DA:20,0
DA:21,0
DA:22,0
DA:23,0
DA:24,0
DA:25,0
DA:26,0
DA:27,0
DA:30,0
DA:31,0
DA:32,0
DA:33,0
DA:34,0
DA:35,0
DA:38,0
DA:39,0
DA:47,0
LF:24
LH:0
BRDA:21,0,0,0
BRDA:21,0,1,0
BRDA:22,1,0,0
BRDA:22,1,1,0
BRDA:49,2,0,0
BRDA:49,2,1,0
BRF:6
BRH:0
end_of_record
TN:
SF:/opt/lampp/htdocs/Cloud/Project-NL/liars-ask-react-deploy/client/src/client/asks/EditQuestion.js
FN:9,(anonymous_0)
FN:20,(anonymous_1)
FN:32,(anonymous_2)
FN:39,(anonymous_3)
FN:53,(anonymous_4)
FN:55,(anonymous_5)
FN:60,(anonymous_6)
FN:70,(anonymous_7)
FN:74,(anonymous_8)
FN:78,(anonymous_9)
FN:82,(anonymous_10)
FN:87,(anonymous_11)
FN:103,(anonymous_12)
FN:107,(anonymous_13)
FN:111,(anonymous_14)
FN:129,(anonymous_15)
FN:171,(anonymous_16)
FN:172,(anonymous_17)
FN:179,(anonymous_18)
FNF:19
FNH:0
FNDA:0,(anonymous_0)
FNDA:0,(anonymous_1)
FNDA:0,(anonymous_2)
FNDA:0,(anonymous_3)
FNDA:0,(anonymous_4)
FNDA:0,(anonymous_5)
FNDA:0,(anonymous_6)
FNDA:0,(anonymous_7)
FNDA:0,(anonymous_8)
FNDA:0,(anonymous_9)
FNDA:0,(anonymous_10)
FNDA:0,(anonymous_11)
FNDA:0,(anonymous_12)
FNDA:0,(anonymous_13)
FNDA:0,(anonymous_14)
FNDA:0,(anonymous_15)
FNDA:0,(anonymous_16)
FNDA:0,(anonymous_17)
FNDA:0,(anonymous_18)
DA:10,0
DA:11,0
DA:20,0
DA:21,0
DA:22,0
DA:23,0
DA:24,0
DA:25,0
DA:26,0
DA:27,0
DA:28,0
DA:30,0
DA:31,0
DA:32,0
DA:34,0
DA:35,0
DA:36,0
DA:38,0
DA:40,0
DA:41,0
DA:45,0
DA:48,0
DA:53,0
DA:54,0
DA:55,0
DA:56,0
DA:57,0
DA:60,0
DA:61,0
DA:62,0
DA:63,0
DA:64,0
DA:65,0
DA:66,0
DA:70,0
DA:71,0
DA:74,0
DA:75,0
DA:80,0
DA:81,0
DA:83,0
DA:84,0
DA:86,0
DA:87,0
DA:88,0
DA:89,0
DA:94,0
DA:95,0
DA:96,0
DA:98,0
DA:100,0
DA:104,0
DA:105,0
DA:108,0
DA:112,0
DA:113,0
DA:129,0
DA:172,0
DA:179,0
LF:59
LH:0
BRDA:26,0,0,0
BRDA:26,0,1,0
BRDA:34,1,0,0
BRDA:34,1,1,0
BRDA:35,2,0,0
BRDA:35,2,1,0
BRDA:61,3,0,0
BRDA:61,3,1,0
BRDA:83,4,0,0
BRDA:83,4,1,0
BRDA:117,5,0,0
BRDA:117,5,1,0
BRDA:172,6,0,0
BRDA:172,6,1,0
BRF:14
BRH:0
end_of_record
TN:
SF:/opt/lampp/htdocs/Cloud/Project-NL/liars-ask-react-deploy/client/src/client/asks/Example.js
FN:40,(anonymous_0)
FN:41,(anonymous_1)
FNF:2
FNH:0
FNDA:0,(anonymous_0)
FNDA:0,(anonymous_1)
DA:9,0
DA:11,0
DA:12,0
DA:38,0
DA:40,0
DA:41,0
DA:42,0
DA:43,0
DA:44,0
DA:46,0
DA:47,0
DA:51,0
LF:12
LH:0
BRF:0
BRH:0
end_of_record
TN:
SF:/opt/lampp/htdocs/Cloud/Project-NL/liars-ask-react-deploy/client/src/client/asks/ModalPopup.js
FN:5,(anonymous_0)
FN:7,(anonymous_1)
FN:11,(anonymous_2)
FN:16,(anonymous_3)
FN:25,(anonymous_4)
FN:30,(anonymous_5)
FNF:6
FNH:0
FNDA:0,(anonymous_0)
FNDA:0,(anonymous_1)
FNDA:0,(anonymous_2)
FNDA:0,(anonymous_3)
FNDA:0,(anonymous_4)
FNDA:0,(anonymous_5)
DA:5,0
DA:7,0
DA:8,0
DA:11,0
DA:12,0
DA:16,0
DA:17,0
DA:18,0
DA:19,0
DA:21,0
DA:22,0
DA:25,0
DA:26,0
DA:27,0
DA:30,0
DA:36,0
LF:16
LH:0
BRF:0
BRH:0
end_of_record
TN:
SF:/opt/lampp/htdocs/Cloud/Project-NL/liars-ask-react-deploy/client/src/client/asks/Sidebar.js
FN:6,(anonymous_0)
FNF:1
FNH:0
FNDA:0,(anonymous_0)
DA:6,0
DA:7,0
LF:2
LH:0
BRF:0
BRH:0
end_of_record
TN:
SF:/opt/lampp/htdocs/Cloud/Project-NL/liars-ask-react-deploy/client/src/client/asks/SidebarWidget.js
FN:4,(anonymous_0)
FNF:1
FNH:0
FNDA:0,(anonymous_0)
DA:4,0
DA:5,0
LF:2
LH:0
BRF:0
BRH:0
end_of_record
TN:
SF:/opt/lampp/htdocs/Cloud/Project-NL/liars-ask-react-deploy/client/src/client/asks/SidebarWidgetItem.js
FN:5,(anonymous_0)
FNF:1
FNH:0
FNDA:0,(anonymous_0)
DA:6,0
LF:1
LH:0
BRF:0
BRH:0
end_of_record
TN:
SF:/opt/lampp/htdocs/Cloud/Project-NL/liars-ask-react-deploy/client/src/client/auth/Auth.js
FN:8,(anonymous_0)
FN:15,(anonymous_1)
FN:16,(anonymous_2)
FN:36,(anonymous_3)
FN:42,(anonymous_4)
FN:44,(anonymous_5)
FN:49,(anonymous_6)
FN:54,(anonymous_7)
FN:58,(anonymous_8)
FN:65,(anonymous_9)
FN:79,(anonymous_10)
FN:90,(anonymous_11)
FN:106,(anonymous_12)
FNF:13
FNH:0
FNDA:0,(anonymous_0)
FNDA:0,(anonymous_1)
FNDA:0,(anonymous_2)
FNDA:0,(anonymous_3)
FNDA:0,(anonymous_4)
FNDA:0,(anonymous_5)
FNDA:0,(anonymous_6)
FNDA:0,(anonymous_7)
FNDA:0,(anonymous_8)
FNDA:0,(anonymous_9)
FNDA:0,(anonymous_10)
FNDA:0,(anonymous_11)
FNDA:0,(anonymous_12)
DA:9,0
DA:10,0
DA:15,0
DA:16,0
DA:17,0
DA:18,0
DA:19,0
DA:20,0
DA:21,0
DA:22,0
DA:23,0
DA:24,0
DA:25,0
DA:26,0
DA:27,0
DA:29,0
DA:30,0
DA:31,0
DA:37,0
DA:38,0
DA:43,0
DA:44,0
DA:45,0
DA:49,0
DA:50,0
DA:51,0
DA:52,0
DA:53,0
DA:55,0
DA:56,0
DA:58,0
DA:59,0
DA:65,0
DA:66,0
DA:67,0
DA:69,0
DA:70,0
DA:71,0
DA:73,0
DA:74,0
DA:75,0
DA:76,0
DA:78,0
DA:80,0
DA:81,0
DA:84,0
DA:90,0
DA:91,0
DA:92,0
DA:93,0
DA:94,0
DA:95,0
DA:97,0
DA:98,0
DA:101,0
DA:107,0
LF:56
LH:0
BRDA:20,0,0,0
BRDA:20,0,1,0
BRDA:24,1,0,0
BRDA:24,1,1,0
BRDA:37,2,0,0
BRDA:37,2,1,0
BRDA:55,3,0,0
BRDA:55,3,1,0
BRDA:73,4,0,0
BRDA:73,4,1,0
BRDA:73,5,0,0
BRDA:73,5,1,0
BRDA:75,6,0,0
BRDA:75,6,1,0
BRDA:80,7,0,0
BRDA:80,7,1,0
BRDA:80,8,0,0
BRDA:80,8,1,0
BRDA:97,9,0,0
BRDA:97,9,1,0
BRF:20
BRH:0
end_of_record
TN:
SF:/opt/lampp/htdocs/Cloud/Project-NL/liars-ask-react-deploy/client/src/client/auth/ResetPassword.js
FN:5,(anonymous_0)
FN:12,(anonymous_1)
FN:17,(anonymous_2)
FNF:3
FNH:0
FNDA:0,(anonymous_0)
FNDA:0,(anonymous_1)
FNDA:0,(anonymous_2)
DA:5,0
DA:6,0
DA:7,0
DA:8,0
DA:9,0
DA:11,0
DA:13,0
DA:18,0
LF:8
LH:0
BRF:0
BRH:0
end_of_record
TN:
SF:/opt/lampp/htdocs/Cloud/Project-NL/liars-ask-react-deploy/client/src/client/blogs/Blogs.js
FN:8,(anonymous_0)
FN:15,(anonymous_1)
FN:17,(anonymous_2)
FN:22,(anonymous_3)
FNF:4
FNH:0
FNDA:0,(anonymous_0)
FNDA:0,(anonymous_1)
FNDA:0,(anonymous_2)
FNDA:0,(anonymous_3)
DA:9,0
DA:10,0
DA:16,0
DA:18,0
DA:23,0
DA:24,0
LF:6
LH:0
BRF:0
BRH:0
end_of_record
TN:
SF:/opt/lampp/htdocs/Cloud/Project-NL/liars-ask-react-deploy/client/src/client/blogs/EditBlog.js
FN:9,(anonymous_0)
FN:20,(anonymous_1)
FN:32,(anonymous_2)
FN:39,(anonymous_3)
FN:53,(anonymous_4)
FN:55,(anonymous_5)
FN:60,(anonymous_6)
FN:70,(anonymous_7)
FN:74,(anonymous_8)
FN:78,(anonymous_9)
FN:82,(anonymous_10)
FN:88,(anonymous_11)
FN:104,(anonymous_12)
FN:108,(anonymous_13)
FN:112,(anonymous_14)
FN:130,(anonymous_15)
FN:172,(anonymous_16)
FN:173,(anonymous_17)
FN:180,(anonymous_18)
FNF:19
FNH:0
FNDA:0,(anonymous_0)
FNDA:0,(anonymous_1)
FNDA:0,(anonymous_2)
FNDA:0,(anonymous_3)
FNDA:0,(anonymous_4)
FNDA:0,(anonymous_5)
FNDA:0,(anonymous_6)
FNDA:0,(anonymous_7)
FNDA:0,(anonymous_8)
FNDA:0,(anonymous_9)
FNDA:0,(anonymous_10)
FNDA:0,(anonymous_11)
FNDA:0,(anonymous_12)
FNDA:0,(anonymous_13)
FNDA:0,(anonymous_14)
FNDA:0,(anonymous_15)
FNDA:0,(anonymous_16)
FNDA:0,(anonymous_17)
FNDA:0,(anonymous_18)
DA:10,0
DA:11,0
DA:20,0
DA:21,0
DA:22,0
DA:23,0
DA:24,0
DA:25,0
DA:26,0
DA:27,0
DA:28,0
DA:30,0
DA:31,0
DA:32,0
DA:34,0
DA:35,0
DA:36,0
DA:38,0
DA:40,0
DA:41,0
DA:45,0
DA:48,0
DA:53,0
DA:54,0
DA:55,0
DA:56,0
DA:57,0
DA:60,0
DA:61,0
DA:62,0
DA:63,0
DA:64,0
DA:65,0
DA:66,0
DA:70,0
DA:71,0
DA:74,0
DA:75,0
DA:80,0
DA:81,0
DA:83,0
DA:84,0
DA:85,0
DA:87,0
DA:88,0
DA:89,0
DA:90,0
DA:95,0
DA:96,0
DA:97,0
DA:99,0
DA:101,0
DA:105,0
DA:106,0
DA:109,0
DA:113,0
DA:114,0
DA:130,0
DA:173,0
DA:180,0
LF:60
LH:0
BRDA:26,0,0,0
BRDA:26,0,1,0
BRDA:34,1,0,0
BRDA:34,1,1,0
BRDA:35,2,0,0
BRDA:35,2,1,0
BRDA:61,3,0,0
BRDA:61,3,1,0
BRDA:84,4,0,0
BRDA:84,4,1,0
BRDA:118,5,0,0
BRDA:118,5,1,0
BRDA:173,6,0,0
BRDA:173,6,1,0
BRF:14
BRH:0
end_of_record
TN:
SF:/opt/lampp/htdocs/Cloud/Project-NL/liars-ask-react-deploy/client/src/client/blogs/ListItem.js
FN:7,(anonymous_0)
FN:11,(anonymous_1)
FN:43,(anonymous_2)
FNF:3
FNH:0
FNDA:0,(anonymous_0)
FNDA:0,(anonymous_1)
FNDA:0,(anonymous_2)
DA:8,0
DA:12,0
DA:13,0
DA:44,0
LF:4
LH:0
BRDA:40,0,0,0
BRDA:40,0,1,0
BRDA:43,1,0,0
BRDA:43,1,1,0
BRF:4
BRH:0
end_of_record
TN:
SF:/opt/lampp/htdocs/Cloud/Project-NL/liars-ask-react-deploy/client/src/client/blogs/ListWrapper.js
FN:5,(anonymous_0)
FN:8,(anonymous_1)
FN:19,(anonymous_2)
FNF:3
FNH:0
FNDA:0,(anonymous_0)
FNDA:0,(anonymous_1)
FNDA:0,(anonymous_2)
DA:5,0
DA:6,0
DA:8,0
DA:9,0
DA:12,0
DA:13,0
DA:15,0
DA:20,0
LF:8
LH:0
BRDA:12,0,0,0
BRDA:12,0,1,0
BRDA:19,1,0,0
BRDA:19,1,1,0
BRF:4
BRH:0
end_of_record
TN:
SF:/opt/lampp/htdocs/Cloud/Project-NL/liars-ask-react-deploy/client/src/client/blogs/SingleBlogs.js
FN:10,(anonymous_0)
FN:17,(anonymous_1)
FN:20,(anonymous_2)
FN:28,(anonymous_3)
FN:32,(anonymous_4)
FN:40,(anonymous_5)
FN:60,(anonymous_6)
FNF:7
FNH:0
FNDA:0,(anonymous_0)
FNDA:0,(anonymous_1)
FNDA:0,(anonymous_2)
FNDA:0,(anonymous_3)
FNDA:0,(anonymous_4)
FNDA:0,(anonymous_5)
FNDA:0,(anonymous_6)
DA:11,0
DA:12,0
DA:18,0
DA:19,0
DA:21,0
DA:24,0
DA:29,0
DA:30,0
DA:31,0
DA:33,0
DA:36,0
DA:41,0
DA:42,0
DA:43,0
DA:45,0
DA:61,0
LF:16
LH:0
BRDA:21,0,0,0
BRDA:21,0,1,0
BRDA:33,1,0,0
BRDA:33,1,1,0
BRDA:42,2,0,0
BRDA:42,2,1,0
BRDA:60,3,0,0
BRDA:60,3,1,0
BRF:8
BRH:0
end_of_record
TN:
SF:/opt/lampp/htdocs/Cloud/Project-NL/liars-ask-react-deploy/client/src/client/blogs/WriteBlog.js
FN:10,(anonymous_0)
FN:20,(anonymous_1)
FN:32,(anonymous_2)
FN:36,(anonymous_3)
FN:51,(anonymous_4)
FN:53,(anonymous_5)
FN:58,(anonymous_6)
FN:68,(anonymous_7)
FN:72,(anonymous_8)
FN:80,(anonymous_9)
FN:84,(anonymous_10)
FN:89,(anonymous_11)
FN:144,(anonymous_12)
FN:145,(anonymous_13)
FN:152,(anonymous_14)
FNF:15
FNH:0
FNDA:0,(anonymous_0)
FNDA:0,(anonymous_1)
FNDA:0,(anonymous_2)
FNDA:0,(anonymous_3)
FNDA:0,(anonymous_4)
FNDA:0,(anonymous_5)
FNDA:0,(anonymous_6)
FNDA:0,(anonymous_7)
FNDA:0,(anonymous_8)
FNDA:0,(anonymous_9)
FNDA:0,(anonymous_10)
FNDA:0,(anonymous_11)
FNDA:0,(anonymous_12)
FNDA:0,(anonymous_13)
FNDA:0,(anonymous_14)
DA:11,0
DA:12,0
DA:20,0
DA:21,0
DA:22,0
DA:23,0
DA:24,0
DA:25,0
DA:26,0
DA:27,0
DA:28,0
DA:30,0
DA:31,0
DA:32,0
DA:34,0
DA:35,0
DA:37,0
DA:41,0
DA:45,0
DA:46,0
DA:51,0
DA:52,0
DA:53,0
DA:54,0
DA:55,0
DA:58,0
DA:59,0
DA:60,0
DA:61,0
DA:62,0
DA:63,0
DA:64,0
DA:68,0
DA:69,0
DA:74,0
DA:75,0
DA:76,0
DA:78,0
DA:81,0
DA:82,0
DA:85,0
DA:90,0
DA:91,0
DA:145,0
DA:152,0
LF:45
LH:0
BRDA:26,0,0,0
BRDA:26,0,1,0
BRDA:34,1,0,0
BRDA:34,1,1,0
BRDA:59,2,0,0
BRDA:59,2,1,0
BRDA:95,3,0,0
BRDA:95,3,1,0
BRDA:145,4,0,0
BRDA:145,4,1,0
BRF:10
BRH:0
end_of_record
TN:
SF:/opt/lampp/htdocs/Cloud/Project-NL/liars-ask-react-deploy/client/src/client/chats/PrivateChat.js
FN:6,(anonymous_0)
FNF:1
FNH:0
FNDA:0,(anonymous_0)
DA:7,0
LF:1
LH:0
BRF:0
BRH:0
end_of_record
TN:
SF:/opt/lampp/htdocs/Cloud/Project-NL/liars-ask-react-deploy/client/src/client/components/AskAQuestion.js
FN:4,(anonymous_0)
FNF:1
FNH:0
FNDA:0,(anonymous_0)
DA:4,0
DA:5,0
LF:2
LH:0
BRF:0
BRH:0
end_of_record
TN:
SF:/opt/lampp/htdocs/Cloud/Project-NL/liars-ask-react-deploy/client/src/client/components/Content.js
FN:6,(anonymous_0)
FNF:1
FNH:0
FNDA:0,(anonymous_0)
DA:6,0
DA:7,0
LF:2
LH:0
BRF:0
BRH:0
end_of_record
TN:
SF:/opt/lampp/htdocs/Cloud/Project-NL/liars-ask-react-deploy/client/src/client/components/Footer.js
FN:4,(anonymous_0)
FNF:1
FNH:0
FNDA:0,(anonymous_0)
DA:4,0
DA:6,0
LF:2
LH:0
BRF:0
BRH:0
end_of_record
TN:
SF:/opt/lampp/htdocs/Cloud/Project-NL/liars-ask-react-deploy/client/src/client/components/HeadMainbar.js
FN:4,(anonymous_0)
FNF:1
FNH:0
FNDA:0,(anonymous_0)
DA:4,0
DA:5,0
LF:2
LH:0
BRF:0
BRH:0
end_of_record
TN:
SF:/opt/lampp/htdocs/Cloud/Project-NL/liars-ask-react-deploy/client/src/client/components/ListItem.js
FN:5,(anonymous_0)
FNF:1
FNH:0
FNDA:0,(anonymous_0)
DA:6,0
LF:1
LH:0
BRF:0
BRH:0
end_of_record
TN:
SF:/opt/lampp/htdocs/Cloud/Project-NL/liars-ask-react-deploy/client/src/client/components/ListWrapper.js
FN:5,(anonymous_0)
FNF:1
FNH:0
FNDA:0,(anonymous_0)
DA:5,0
DA:6,0
LF:2
LH:0
BRF:0
BRH:0
end_of_record
TN:
SF:/opt/lampp/htdocs/Cloud/Project-NL/liars-ask-react-deploy/client/src/client/components/Mainbar.js
FN:7,(anonymous_0)
FNF:1
FNH:0
FNDA:0,(anonymous_0)
DA:8,0
LF:1
LH:0
BRF:0
BRH:0
end_of_record
TN:
SF:/opt/lampp/htdocs/Cloud/Project-NL/liars-ask-react-deploy/client/src/client/components/NotFound.js
FN:4,(anonymous_0)
FNF:1
FNH:0
FNDA:0,(anonymous_0)
DA:5,0
LF:1
LH:0
BRF:0
BRH:0
end_of_record
TN:
SF:/opt/lampp/htdocs/Cloud/Project-NL/liars-ask-react-deploy/client/src/client/components/Notify.js
FN:6,(anonymous_0)
FN:9,(anonymous_1)
FN:14,(anonymous_2)
FN:21,(anonymous_3)
FNF:4
FNH:0
FNDA:0,(anonymous_0)
FNDA:0,(anonymous_1)
FNDA:0,(anonymous_2)
FNDA:0,(anonymous_3)
DA:6,0
DA:7,0
DA:8,0
DA:9,0
DA:11,0
DA:14,0
DA:15,0
DA:16,0
DA:22,0
DA:23,0
DA:24,0
DA:25,0
DA:26,0
DA:28,0
LF:14
LH:0
BRDA:8,0,0,0
BRDA:8,0,1,0
BRDA:22,1,0,0
BRDA:22,1,1,0
BRF:4
BRH:0
end_of_record
TN:
SF:/opt/lampp/htdocs/Cloud/Project-NL/liars-ask-react-deploy/client/src/client/components/Sidebar.js
FN:6,(anonymous_0)
FNF:1
FNH:0
FNDA:0,(anonymous_0)
DA:6,0
DA:7,0
LF:2
LH:0
BRF:0
BRH:0
end_of_record
TN:
SF:/opt/lampp/htdocs/Cloud/Project-NL/liars-ask-react-deploy/client/src/client/components/SidebarWidget.js
FN:5,(anonymous_0)
FN:8,(anonymous_1)
FN:10,(anonymous_2)
FN:18,(anonymous_3)
FNF:4
FNH:0
FNDA:0,(anonymous_0)
FNDA:0,(anonymous_1)
FNDA:0,(anonymous_2)
FNDA:0,(anonymous_3)
DA:5,0
DA:6,0
DA:8,0
DA:9,0
DA:11,0
DA:15,0
DA:19,0
LF:7
LH:0
BRF:0
BRH:0
end_of_record
TN:
SF:/opt/lampp/htdocs/Cloud/Project-NL/liars-ask-react-deploy/client/src/client/components/SidebarWidgetItem.js
FN:5,(anonymous_0)
FNF:1
FNH:0
FNDA:0,(anonymous_0)
DA:6,0
LF:1
LH:0
BRF:0
BRH:0
end_of_record
TN:
SF:/opt/lampp/htdocs/Cloud/Project-NL/liars-ask-react-deploy/client/src/client/components/SingleTag.js
FN:3,(anonymous_0)
FNF:1
FNH:0
FNDA:0,(anonymous_0)
DA:3,0
DA:4,0
LF:2
LH:0
BRDA:7,0,0,0
BRDA:7,0,1,0
BRDA:9,1,0,0
BRDA:9,1,1,0
BRDA:11,2,0,0
BRDA:11,2,1,0
BRF:6
BRH:0
end_of_record
TN:
SF:/opt/lampp/htdocs/Cloud/Project-NL/liars-ask-react-deploy/client/src/client/components/Skeleton.js
FN:4,(anonymous_0)
FNF:1
FNH:0
FNDA:0,(anonymous_0)
DA:5,0
LF:1
LH:0
BRF:0
BRH:0
end_of_record
TN:
SF:/opt/lampp/htdocs/Cloud/Project-NL/liars-ask-react-deploy/client/src/client/components/SkeletonQues.js
FN:5,(anonymous_0)
FNF:1
FNH:0
FNDA:0,(anonymous_0)
DA:6,0
LF:1
LH:0
BRF:0
BRH:0
end_of_record
TN:
SF:/opt/lampp/htdocs/Cloud/Project-NL/liars-ask-react-deploy/client/src/client/components/Tag.js
FN:3,(anonymous_0)
FN:9,(anonymous_1)
FNF:2
FNH:0
FNDA:0,(anonymous_0)
FNDA:0,(anonymous_1)
DA:3,0
DA:4,0
DA:9,0
LF:3
LH:0
BRDA:8,0,0,0
BRDA:8,0,1,0
BRF:2
BRH:0
end_of_record
TN:
SF:/opt/lampp/htdocs/Cloud/Project-NL/liars-ask-react-deploy/client/src/client/components/Tags.js
FN:3,(anonymous_0)
FNF:1
FNH:0
FNDA:0,(anonymous_0)
DA:3,0
DA:4,0
LF:2
LH:0
BRDA:8,0,0,0
BRDA:8,0,1,0
BRF:2
BRH:0
end_of_record
TN:
SF:/opt/lampp/htdocs/Cloud/Project-NL/liars-ask-react-deploy/client/src/client/components/Header/Header.js
FN:15,(anonymous_0)
FN:24,(anonymous_1)
FN:38,(anonymous_2)
FN:43,(anonymous_3)
FN:45,(anonymous_4)
FN:51,(anonymous_5)
FNF:6
FNH:0
FNDA:0,(anonymous_0)
FNDA:0,(anonymous_1)
FNDA:0,(anonymous_2)
FNDA:0,(anonymous_3)
FNDA:0,(anonymous_4)
FNDA:0,(anonymous_5)
DA:16,0
DA:18,0
DA:24,0
DA:25,0
DA:26,0
DA:28,0
DA:30,0
DA:31,0
DA:32,0
DA:34,0
DA:35,0
DA:38,0
DA:39,0
DA:43,0
DA:44,0
DA:46,0
DA:47,0
DA:52,0
DA:53,0
LF:19
LH:0
BRDA:30,0,0,0
BRDA:30,0,1,0
BRDA:76,1,0,0
BRDA:76,1,1,0
BRF:4
BRH:0
end_of_record
TN:
SF:/opt/lampp/htdocs/Cloud/Project-NL/liars-ask-react-deploy/client/src/client/components/Header/FormSearch/FormSerach.js
FN:15,(anonymous_0)
FN:23,(anonymous_1)
FN:28,(anonymous_2)
FN:33,(anonymous_3)
FN:46,(anonymous_4)
FN:52,(anonymous_5)
FNF:6
FNH:0
FNDA:0,(anonymous_0)
FNDA:0,(anonymous_1)
FNDA:0,(anonymous_2)
FNDA:0,(anonymous_3)
FNDA:0,(anonymous_4)
FNDA:0,(anonymous_5)
DA:9,0
DA:15,0
DA:16,0
DA:17,0
DA:18,0
DA:20,0
DA:23,0
DA:24,0
DA:28,0
DA:29,0
DA:33,0
DA:34,0
DA:35,0
DA:36,0
DA:37,0
DA:38,0
DA:39,0
DA:40,0
DA:41,0
DA:46,0
DA:47,0
DA:48,0
DA:53,0
DA:54,0
LF:24
LH:0
BRDA:17,0,0,0
BRDA:17,0,1,0
BRDA:36,1,0,0
BRDA:36,1,1,0
BRDA:39,2,0,0
BRDA:39,2,1,0
BRDA:39,3,0,0
BRDA:39,3,1,0
BRDA:57,4,0,0
BRDA:57,4,1,0
BRF:10
BRH:0
end_of_record
TN:
SF:/opt/lampp/htdocs/Cloud/Project-NL/liars-ask-react-deploy/client/src/client/components/Header/FormSearch/SerachPayload.js
FN:4,(anonymous_0)
FN:8,(anonymous_1)
FNF:2
FNH:0
FNDA:0,(anonymous_0)
FNDA:0,(anonymous_1)
DA:4,1
DA:5,0
DA:9,0
LF:3
LH:1
BRF:0
BRH:0
end_of_record
TN:
SF:/opt/lampp/htdocs/Cloud/Project-NL/liars-ask-react-deploy/client/src/client/components/Header/ListRestItem/ListRestItem.js
FN:4,(anonymous_0)
FNF:1
FNH:0
FNDA:0,(anonymous_0)
DA:4,2
DA:5,0
LF:2
LH:1
BRF:0
BRH:0
end_of_record
TN:
SF:/opt/lampp/htdocs/Cloud/Project-NL/liars-ask-react-deploy/client/src/client/components/Header/NotifyDropdown/NotifyDropdown.js
FN:8,(anonymous_0)
FN:12,(anonymous_1)
FN:14,(anonymous_2)
FN:19,(anonymous_3)
FN:25,(anonymous_4)
FN:26,(anonymous_5)
FN:33,(anonymous_6)
FN:56,(anonymous_7)
FNF:8
FNH:0
FNDA:0,(anonymous_0)
FNDA:0,(anonymous_1)
FNDA:0,(anonymous_2)
FNDA:0,(anonymous_3)
FNDA:0,(anonymous_4)
FNDA:0,(anonymous_5)
FNDA:0,(anonymous_6)
FNDA:0,(anonymous_7)
DA:8,1
DA:9,0
DA:10,0
DA:12,0
DA:13,0
DA:15,0
DA:19,0
DA:20,0
DA:25,0
DA:26,0
DA:27,0
DA:28,0
DA:29,0
DA:33,0
DA:34,0
DA:35,0
DA:36,0
DA:37,0
DA:39,0
DA:40,0
DA:44,0
DA:57,0
LF:22
LH:1
BRDA:15,0,0,0
BRDA:15,0,1,0
BRDA:34,1,0,0
BRDA:34,1,1,0
BRDA:56,2,0,0
BRDA:56,2,1,0
BRDA:59,3,0,0
BRDA:59,3,1,0
BRDA:61,4,0,0
BRDA:61,4,1,0
BRF:10
BRH:0
end_of_record
TN:
SF:/opt/lampp/htdocs/Cloud/Project-NL/liars-ask-react-deploy/client/src/client/components/Header/ProductDropdown/ProductDropdown.js
FN:6,(anonymous_0)
FN:9,(anonymous_1)
FN:10,(anonymous_2)
FN:15,(anonymous_3)
FN:16,(anonymous_4)
FN:25,(anonymous_5)
FNF:6
FNH:0
FNDA:0,(anonymous_0)
FNDA:0,(anonymous_1)
FNDA:0,(anonymous_2)
FNDA:0,(anonymous_3)
FNDA:0,(anonymous_4)
FNDA:0,(anonymous_5)
DA:6,1
DA:7,0
DA:9,0
DA:10,0
DA:11,0
DA:15,0
DA:16,0
DA:17,0
DA:18,0
DA:19,0
DA:20,0
DA:25,0
DA:26,0
DA:27,0
DA:28,0
DA:29,0
DA:31,0
DA:32,0
DA:36,0
LF:19
LH:1
BRDA:26,0,0,0
BRDA:26,0,1,0
BRDA:48,1,0,0
BRDA:48,1,1,0
BRF:4
BRH:0
end_of_record
TN:
SF:/opt/lampp/htdocs/Cloud/Project-NL/liars-ask-react-deploy/client/src/client/components/Header/UserDropDown/ListRests.js
FN:6,(anonymous_0)
FNF:1
FNH:1
FNDA:2,(anonymous_0)
DA:6,2
DA:7,2
LF:2
LH:2
BRF:0
BRH:0
end_of_record
TN:
SF:/opt/lampp/htdocs/Cloud/Project-NL/liars-ask-react-deploy/client/src/client/components/Header/UserDropDown/UserDropdown.js
FN:7,(anonymous_0)
FN:10,(anonymous_1)
FN:11,(anonymous_2)
FN:18,(anonymous_3)
FN:29,(anonymous_4)
FN:30,(anonymous_5)
FNF:6
FNH:1
FNDA:2,(anonymous_0)
FNDA:0,(anonymous_1)
FNDA:0,(anonymous_2)
FNDA:0,(anonymous_3)
FNDA:0,(anonymous_4)
FNDA:0,(anonymous_5)
DA:7,2
DA:8,2
DA:10,2
DA:11,0
DA:12,0
DA:13,0
DA:14,0
DA:18,2
DA:19,0
DA:20,0
DA:21,0
DA:22,0
DA:24,0
DA:25,0
DA:29,2
DA:30,0
DA:31,0
DA:35,2
LF:18
LH:6
BRDA:19,0,0,0
BRDA:19,0,1,0
BRDA:41,1,0,2
BRDA:41,1,1,2
BRF:4
BRH:2
end_of_record
TN:
SF:/opt/lampp/htdocs/Cloud/Project-NL/liars-ask-react-deploy/client/src/client/components/LeftSidebar/LeftSidebar.js
FN:9,(anonymous_0)
FN:12,(anonymous_1)
FN:17,(anonymous_2)
FN:20,(anonymous_3)
FN:26,(anonymous_4)
FNF:5
FNH:0
FNDA:0,(anonymous_0)
FNDA:0,(anonymous_1)
FNDA:0,(anonymous_2)
FNDA:0,(anonymous_3)
FNDA:0,(anonymous_4)
DA:10,0
DA:11,0
DA:12,0
DA:13,0
DA:14,0
DA:18,0
DA:19,0
DA:20,0
DA:21,0
DA:22,0
DA:27,0
LF:11
LH:0
BRDA:11,0,0,0
BRDA:11,0,1,0
BRDA:13,1,0,0
BRDA:13,1,1,0
BRDA:19,2,0,0
BRDA:19,2,1,0
BRDA:21,3,0,0
BRDA:21,3,1,0
BRF:8
BRH:0
end_of_record
TN:
SF:/opt/lampp/htdocs/Cloud/Project-NL/liars-ask-react-deploy/client/src/client/components/LeftSidebar/NavItems/NavItems.js
FN:5,(anonymous_0)
FNF:1
FNH:1
FNDA:6,(anonymous_0)
DA:5,1
DA:7,6
LF:2
LH:2
BRDA:42,0,0,6
BRDA:42,0,1,1
BRDA:81,1,0,6
BRDA:81,1,1,1
BRF:4
BRH:4
end_of_record
TN:
SF:/opt/lampp/htdocs/Cloud/Project-NL/liars-ask-react-deploy/client/src/client/components/LeftSidebar/NavItems/NavItem/NavItem.js
FN:4,(anonymous_0)
FNF:1
FNH:1
FNDA:1,(anonymous_0)
DA:4,1
DA:5,1
LF:2
LH:2
BRF:0
BRH:0
end_of_record
TN:
SF:/opt/lampp/htdocs/Cloud/Project-NL/liars-ask-react-deploy/client/src/client/editor/CodeBlock.js
FN:18,(anonymous_0)
FNF:1
FNH:0
FNDA:0,(anonymous_0)
DA:9,0
DA:14,0
DA:19,0
DA:20,0
LF:4
LH:0
BRF:0
BRH:0
end_of_record
TN:
SF:/opt/lampp/htdocs/Cloud/Project-NL/liars-ask-react-deploy/client/src/client/editor/Mde.js
FN:13,Mde
FN:23,(anonymous_1)
FNF:2
FNH:0
FNDA:0,Mde
FNDA:0,(anonymous_1)
DA:6,0
DA:14,0
DA:15,0
DA:16,0
DA:24,0
LF:5
LH:0
BRDA:19,0,0,0
BRDA:19,0,1,0
BRF:2
BRH:0
end_of_record
TN:
SF:/opt/lampp/htdocs/Cloud/Project-NL/liars-ask-react-deploy/client/src/client/images-gallery/ImagesGallery.js
FN:14,(anonymous_0)
FN:22,(anonymous_1)
FN:26,(anonymous_2)
FN:30,(anonymous_3)
FN:61,(anonymous_4)
FN:65,(anonymous_5)
FN:67,(anonymous_6)
FN:72,(anonymous_7)
FN:83,(anonymous_8)
FN:98,(anonymous_9)
FN:110,(anonymous_10)
FN:126,(anonymous_11)
FN:130,(anonymous_12)
FN:136,(anonymous_13)
FN:142,(anonymous_14)
FNF:15
FNH:0
FNDA:0,(anonymous_0)
FNDA:0,(anonymous_1)
FNDA:0,(anonymous_2)
FNDA:0,(anonymous_3)
FNDA:0,(anonymous_4)
FNDA:0,(anonymous_5)
FNDA:0,(anonymous_6)
FNDA:0,(anonymous_7)
FNDA:0,(anonymous_8)
FNDA:0,(anonymous_9)
FNDA:0,(anonymous_10)
FNDA:0,(anonymous_11)
FNDA:0,(anonymous_12)
FNDA:0,(anonymous_13)
FNDA:0,(anonymous_14)
DA:15,0
DA:16,0
DA:22,0
DA:23,0
DA:26,0
DA:27,0
DA:31,0
DA:32,0
DA:34,0
DA:35,0
DA:36,0
DA:37,0
DA:40,0
DA:41,0
DA:42,0
DA:43,0
DA:44,0
DA:45,0
DA:46,0
DA:47,0
DA:48,0
DA:53,0
DA:54,0
DA:55,0
DA:56,0
DA:61,0
DA:62,0
DA:66,0
DA:72,0
DA:73,0
DA:74,0
DA:75,0
DA:76,0
DA:77,0
DA:78,0
DA:80,0
DA:81,0
DA:82,0
DA:84,0
DA:85,0
DA:87,0
DA:90,0
DA:91,0
DA:92,0
DA:93,0
DA:99,0
DA:101,0
DA:110,0
DA:127,0
DA:131,0
DA:132,0
DA:136,0
DA:142,0
LF:53
LH:0
BRDA:40,0,0,0
BRDA:40,0,1,0
BRDA:40,1,0,0
BRDA:40,1,1,0
BRDA:43,2,0,0
BRDA:43,2,1,0
BRDA:45,3,0,0
BRDA:45,3,1,0
BRDA:47,4,0,0
BRDA:47,4,1,0
BRDA:54,5,0,0
BRDA:54,5,1,0
BRDA:54,6,0,0
BRDA:54,6,1,0
BRDA:74,7,0,0
BRDA:74,7,1,0
BRDA:84,8,0,0
BRDA:84,8,1,0
BRDA:105,9,0,0
BRDA:105,9,1,0
BRF:20
BRH:0
end_of_record
TN:
SF:/opt/lampp/htdocs/Cloud/Project-NL/liars-ask-react-deploy/client/src/client/images-gallery/ModalPopup.js
FN:7,(anonymous_0)
FN:11,(anonymous_1)
FN:15,(anonymous_2)
FN:18,(anonymous_3)
FN:29,(anonymous_4)
FN:36,(anonymous_5)
FN:44,(anonymous_6)
FN:55,(anonymous_7)
FN:76,(anonymous_8)
FNF:9
FNH:0
FNDA:0,(anonymous_0)
FNDA:0,(anonymous_1)
FNDA:0,(anonymous_2)
FNDA:0,(anonymous_3)
FNDA:0,(anonymous_4)
FNDA:0,(anonymous_5)
FNDA:0,(anonymous_6)
FNDA:0,(anonymous_7)
FNDA:0,(anonymous_8)
DA:7,0
DA:8,0
DA:9,0
DA:11,0
DA:12,0
DA:15,0
DA:16,0
DA:17,0
DA:18,0
DA:19,0
DA:21,0
DA:22,0
DA:23,0
DA:29,0
DA:30,0
DA:31,0
DA:32,0
DA:33,0
DA:34,0
DA:35,0
DA:37,0
DA:38,0
DA:39,0
DA:40,0
DA:42,0
DA:45,0
DA:46,0
DA:49,0
DA:50,0
DA:55,0
DA:62,0
DA:76,0
LF:32
LH:0
BRDA:34,0,0,0
BRDA:34,0,1,0
BRDA:37,1,0,0
BRDA:37,1,1,0
BRDA:65,2,0,0
BRDA:65,2,1,0
BRF:6
BRH:0
end_of_record
TN:
SF:/opt/lampp/htdocs/Cloud/Project-NL/liars-ask-react-deploy/client/src/client/questions/AnswerItem.js
FN:11,(anonymous_0)
FN:19,(anonymous_1)
FN:23,(anonymous_2)
FN:31,(anonymous_3)
FN:41,(anonymous_4)
FNF:5
FNH:0
FNDA:0,(anonymous_0)
FNDA:0,(anonymous_1)
FNDA:0,(anonymous_2)
FNDA:0,(anonymous_3)
FNDA:0,(anonymous_4)
DA:12,0
DA:13,0
DA:20,0
DA:23,0
DA:24,0
DA:25,0
DA:27,0
DA:28,0
DA:29,0
DA:30,0
DA:32,0
DA:33,0
DA:34,0
DA:35,0
DA:36,0
DA:42,0
DA:43,0
DA:44,0
DA:45,0
DA:46,0
DA:48,0
LF:21
LH:0
BRDA:24,0,0,0
BRDA:24,0,1,0
BRDA:33,1,0,0
BRDA:33,1,1,0
BRDA:35,2,0,0
BRDA:35,2,1,0
BRDA:45,3,0,0
BRDA:45,3,1,0
BRDA:46,4,0,0
BRDA:46,4,1,0
BRF:10
BRH:0
end_of_record
TN:
SF:/opt/lampp/htdocs/Cloud/Project-NL/liars-ask-react-deploy/client/src/client/questions/ListItem.js
FN:9,(anonymous_0)
FN:13,(anonymous_1)
FN:46,(anonymous_2)
FNF:3
FNH:0
FNDA:0,(anonymous_0)
FNDA:0,(anonymous_1)
FNDA:0,(anonymous_2)
DA:10,0
DA:14,0
DA:15,0
DA:47,0
LF:4
LH:0
BRDA:43,0,0,0
BRDA:43,0,1,0
BRDA:46,1,0,0
BRDA:46,1,1,0
BRF:4
BRH:0
end_of_record
TN:
SF:/opt/lampp/htdocs/Cloud/Project-NL/liars-ask-react-deploy/client/src/client/questions/ListWrapper.js
FN:5,(anonymous_0)
FN:8,(anonymous_1)
FN:20,(anonymous_2)
FNF:3
FNH:0
FNDA:0,(anonymous_0)
FNDA:0,(anonymous_1)
FNDA:0,(anonymous_2)
DA:5,0
DA:6,0
DA:8,0
DA:9,0
DA:12,0
DA:13,0
DA:15,0
DA:21,0
LF:8
LH:0
BRDA:12,0,0,0
BRDA:12,0,1,0
BRDA:20,1,0,0
BRDA:20,1,1,0
BRF:4
BRH:0
end_of_record
TN:
SF:/opt/lampp/htdocs/Cloud/Project-NL/liars-ask-react-deploy/client/src/client/questions/Post.js
FN:6,(anonymous_0)
FN:13,(anonymous_1)
FN:17,(anonymous_2)
FN:39,(anonymous_3)
FNF:4
FNH:0
FNDA:0,(anonymous_0)
FNDA:0,(anonymous_1)
FNDA:0,(anonymous_2)
FNDA:0,(anonymous_3)
DA:7,0
DA:8,0
DA:14,0
DA:18,0
DA:19,0
DA:20,0
DA:40,0
LF:7
LH:0
BRDA:39,0,0,0
BRDA:39,0,1,0
BRF:2
BRH:0
end_of_record
TN:
SF:/opt/lampp/htdocs/Cloud/Project-NL/liars-ask-react-deploy/client/src/client/questions/Question.js
FN:29,(anonymous_0)
FNF:1
FNH:0
FNDA:0,(anonymous_0)
DA:10,0
DA:31,0
LF:2
LH:0
BRF:0
BRH:0
end_of_record
TN:
SF:/opt/lampp/htdocs/Cloud/Project-NL/liars-ask-react-deploy/client/src/client/questions/Questions.js
FN:7,(anonymous_0)
FN:14,(anonymous_1)
FN:16,(anonymous_2)
FN:21,(anonymous_3)
FNF:4
FNH:0
FNDA:0,(anonymous_0)
FNDA:0,(anonymous_1)
FNDA:0,(anonymous_2)
FNDA:0,(anonymous_3)
DA:8,0
DA:9,0
DA:15,0
DA:17,0
DA:22,0
DA:23,0
LF:6
LH:0
BRF:0
BRH:0
end_of_record
TN:
SF:/opt/lampp/htdocs/Cloud/Project-NL/liars-ask-react-deploy/client/src/client/questions/SingleQuestion.js
FN:15,(anonymous_0)
FN:23,(anonymous_1)
FN:32,(anonymous_2)
FN:36,(anonymous_3)
FN:84,(anonymous_4)
FNF:5
FNH:0
FNDA:0,(anonymous_0)
FNDA:0,(anonymous_1)
FNDA:0,(anonymous_2)
FNDA:0,(anonymous_3)
FNDA:0,(anonymous_4)
DA:16,0
DA:17,0
DA:24,0
DA:25,0
DA:26,0
DA:28,0
DA:32,0
DA:33,0
DA:37,0
DA:38,0
DA:39,0
DA:41,0
DA:85,0
LF:13
LH:0
BRDA:25,0,0,0
BRDA:25,0,1,0
BRDA:38,1,0,0
BRDA:38,1,1,0
BRF:4
BRH:0
end_of_record
TN:
SF:/opt/lampp/htdocs/Cloud/Project-NL/liars-ask-react-deploy/client/src/client/questions/YourAnswer.js
FN:10,(anonymous_0)
FN:17,(anonymous_1)
FN:27,(anonymous_2)
FN:51,(anonymous_3)
FN:55,(anonymous_4)
FNF:5
FNH:0
FNDA:0,(anonymous_0)
FNDA:0,(anonymous_1)
FNDA:0,(anonymous_2)
FNDA:0,(anonymous_3)
FNDA:0,(anonymous_4)
DA:11,0
DA:12,0
DA:17,0
DA:18,0
DA:19,0
DA:20,0
DA:21,0
DA:22,0
DA:23,0
DA:24,0
DA:26,0
DA:28,0
DA:29,0
DA:30,0
DA:31,0
DA:32,0
DA:33,0
DA:47,0
DA:51,0
DA:52,0
DA:56,0
DA:57,0
LF:22
LH:0
BRDA:18,0,0,0
BRDA:18,0,1,0
BRDA:20,1,0,0
BRDA:20,1,1,0
BRDA:20,2,0,0
BRDA:20,2,1,0
BRDA:29,3,0,0
BRDA:29,3,1,0
BRDA:60,4,0,0
BRDA:60,4,1,0
BRF:10
BRH:0
end_of_record
TN:
SF:/opt/lampp/htdocs/Cloud/Project-NL/liars-ask-react-deploy/client/src/client/request/ActiveUpgrade.js
FN:6,(anonymous_0)
FN:11,(anonymous_1)
FN:14,(anonymous_2)
FNF:3
FNH:0
FNDA:0,(anonymous_0)
FNDA:0,(anonymous_1)
FNDA:0,(anonymous_2)
DA:7,0
DA:8,0
DA:10,0
DA:11,0
DA:15,0
LF:5
LH:0
BRF:0
BRH:0
end_of_record
TN:
SF:/opt/lampp/htdocs/Cloud/Project-NL/liars-ask-react-deploy/client/src/client/search/AdvanceSerach.js
FN:9,(anonymous_0)
FN:21,(anonymous_1)
FN:28,(anonymous_2)
FN:30,(anonymous_3)
FN:34,(anonymous_4)
FN:44,(anonymous_5)
FN:70,(anonymous_6)
FN:102,(anonymous_7)
FN:138,(anonymous_8)
FNF:9
FNH:0
FNDA:0,(anonymous_0)
FNDA:0,(anonymous_1)
FNDA:0,(anonymous_2)
FNDA:0,(anonymous_3)
FNDA:0,(anonymous_4)
FNDA:0,(anonymous_5)
FNDA:0,(anonymous_6)
FNDA:0,(anonymous_7)
FNDA:0,(anonymous_8)
DA:10,0
DA:11,0
DA:21,0
DA:22,0
DA:23,0
DA:24,0
DA:28,0
DA:29,0
DA:30,0
DA:34,0
DA:35,0
DA:36,0
DA:37,0
DA:38,0
DA:41,0
DA:44,0
DA:45,0
DA:46,0
DA:47,0
DA:48,0
DA:49,0
DA:50,0
DA:51,0
DA:52,0
DA:54,0
DA:56,0
DA:58,0
DA:59,0
DA:60,0
DA:61,0
DA:62,0
DA:65,0
DA:66,0
DA:71,0
DA:72,0
DA:103,0
DA:139,0
LF:37
LH:0
BRDA:22,0,0,0
BRDA:22,0,1,0
BRDA:37,1,0,0
BRDA:37,1,1,0
BRDA:60,2,0,0
BRDA:60,2,1,0
BRDA:61,3,0,0
BRDA:61,3,1,0
BRDA:77,4,0,0
BRDA:77,4,1,0
BRDA:135,5,0,0
BRDA:135,5,1,0
BRF:12
BRH:0
end_of_record
TN:
SF:/opt/lampp/htdocs/Cloud/Project-NL/liars-ask-react-deploy/client/src/client/tags/TagsComponent.js
FN:8,(anonymous_0)
FN:15,(anonymous_1)
FN:17,(anonymous_2)
FN:22,(anonymous_3)
FN:50,(anonymous_4)
FNF:5
FNH:0
FNDA:0,(anonymous_0)
FNDA:0,(anonymous_1)
FNDA:0,(anonymous_2)
FNDA:0,(anonymous_3)
FNDA:0,(anonymous_4)
DA:9,0
DA:10,0
DA:16,0
DA:18,0
DA:23,0
DA:24,0
DA:51,0
LF:7
LH:0
BRF:0
BRH:0
end_of_record
TN:
SF:/opt/lampp/htdocs/Cloud/Project-NL/liars-ask-react-deploy/client/src/client/users/ModalPopup.js
FN:7,(anonymous_0)
FN:11,(anonymous_1)
FN:15,(anonymous_2)
FN:18,(anonymous_3)
FN:29,(anonymous_4)
FN:36,(anonymous_5)
FN:44,(anonymous_6)
FN:55,(anonymous_7)
FN:76,(anonymous_8)
FNF:9
FNH:0
FNDA:0,(anonymous_0)
FNDA:0,(anonymous_1)
FNDA:0,(anonymous_2)
FNDA:0,(anonymous_3)
FNDA:0,(anonymous_4)
FNDA:0,(anonymous_5)
FNDA:0,(anonymous_6)
FNDA:0,(anonymous_7)
FNDA:0,(anonymous_8)
DA:7,0
DA:8,0
DA:9,0
DA:11,0
DA:12,0
DA:15,0
DA:16,0
DA:17,0
DA:18,0
DA:19,0
DA:21,0
DA:22,0
DA:23,0
DA:29,0
DA:30,0
DA:31,0
DA:32,0
DA:33,0
DA:34,0
DA:35,0
DA:37,0
DA:38,0
DA:39,0
DA:40,0
DA:42,0
DA:45,0
DA:46,0
DA:49,0
DA:50,0
DA:55,0
DA:62,0
DA:76,0
LF:32
LH:0
BRDA:34,0,0,0
BRDA:34,0,1,0
BRDA:37,1,0,0
BRDA:37,1,1,0
BRDA:65,2,0,0
BRDA:65,2,1,0
BRF:6
BRH:0
end_of_record
TN:
SF:/opt/lampp/htdocs/Cloud/Project-NL/liars-ask-react-deploy/client/src/client/users/RequestUpgrade.js
FN:8,(anonymous_0)
FN:17,(anonymous_1)
FN:20,(anonymous_2)
FN:31,(anonymous_3)
FN:43,(anonymous_4)
FN:57,(anonymous_5)
FN:61,(anonymous_6)
FN:97,(anonymous_7)
FNF:8
FNH:0
FNDA:0,(anonymous_0)
FNDA:0,(anonymous_1)
FNDA:0,(anonymous_2)
FNDA:0,(anonymous_3)
FNDA:0,(anonymous_4)
FNDA:0,(anonymous_5)
FNDA:0,(anonymous_6)
FNDA:0,(anonymous_7)
DA:9,0
DA:10,0
DA:14,0
DA:17,0
DA:18,0
DA:19,0
DA:20,0
DA:21,0
DA:23,0
DA:24,0
DA:25,0
DA:31,0
DA:32,0
DA:33,0
DA:34,0
DA:38,0
DA:39,0
DA:40,0
DA:41,0
DA:42,0
DA:44,0
DA:47,0
DA:57,0
DA:58,0
DA:62,0
DA:63,0
DA:97,0
LF:27
LH:0
BRDA:72,0,0,0
BRDA:72,0,1,0
BRF:2
BRH:0
end_of_record
TN:
SF:/opt/lampp/htdocs/Cloud/Project-NL/liars-ask-react-deploy/client/src/client/users/UserDetail.js
FN:14,(anonymous_0)
FN:26,(anonymous_1)
FN:49,(anonymous_2)
FN:50,(anonymous_3)
FN:54,(anonymous_4)
FN:62,(anonymous_5)
FN:66,(anonymous_6)
FN:70,(anonymous_7)
FN:74,(anonymous_8)
FN:78,(anonymous_9)
FN:209,(anonymous_10)
FN:212,(anonymous_11)
FN:231,(anonymous_12)
FN:234,(anonymous_13)
FN:253,(anonymous_14)
FN:271,(anonymous_15)
FNF:16
FNH:0
FNDA:0,(anonymous_0)
FNDA:0,(anonymous_1)
FNDA:0,(anonymous_2)
FNDA:0,(anonymous_3)
FNDA:0,(anonymous_4)
FNDA:0,(anonymous_5)
FNDA:0,(anonymous_6)
FNDA:0,(anonymous_7)
FNDA:0,(anonymous_8)
FNDA:0,(anonymous_9)
FNDA:0,(anonymous_10)
FNDA:0,(anonymous_11)
FNDA:0,(anonymous_12)
FNDA:0,(anonymous_13)
FNDA:0,(anonymous_14)
FNDA:0,(anonymous_15)
DA:15,0
DA:16,0
DA:27,0
DA:28,0
DA:29,0
DA:30,0
DA:33,0
DA:34,0
DA:35,0
DA:39,0
DA:41,0
DA:43,0
DA:45,0
DA:49,0
DA:50,0
DA:51,0
DA:52,0
DA:54,0
DA:56,0
DA:58,0
DA:62,0
DA:63,0
DA:64,0
DA:65,0
DA:66,0
DA:70,0
DA:71,0
DA:72,0
DA:73,0
DA:74,0
DA:79,0
DA:80,0
DA:81,0
DA:210,0
DA:212,0
DA:232,0
DA:234,0
DA:254,0
DA:272,0
LF:39
LH:0
BRDA:34,0,0,0
BRDA:34,0,1,0
BRDA:64,1,0,0
BRDA:64,1,1,0
BRDA:72,2,0,0
BRDA:72,2,1,0
BRDA:92,3,0,0
BRDA:92,3,1,0
BRDA:100,4,0,0
BRDA:100,4,1,0
BRDA:100,5,0,0
BRDA:100,5,1,0
BRDA:256,6,0,0
BRDA:256,6,1,0
BRDA:274,7,0,0
BRDA:274,7,1,0
BRF:16
BRH:0
end_of_record
TN:
SF:/opt/lampp/htdocs/Cloud/Project-NL/liars-ask-react-deploy/client/src/client/users/UserDetailBasic.js
FN:7,(anonymous_0)
FN:19,(anonymous_1)
FN:28,(anonymous_2)
FN:32,(anonymous_3)
FN:44,(anonymous_4)
FN:48,(anonymous_5)
FN:50,(anonymous_6)
FN:65,(anonymous_7)
FN:95,(anonymous_8)
FN:107,(anonymous_9)
FNF:10
FNH:0
FNDA:0,(anonymous_0)
FNDA:0,(anonymous_1)
FNDA:0,(anonymous_2)
FNDA:0,(anonymous_3)
FNDA:0,(anonymous_4)
FNDA:0,(anonymous_5)
FNDA:0,(anonymous_6)
FNDA:0,(anonymous_7)
FNDA:0,(anonymous_8)
FNDA:0,(anonymous_9)
DA:7,0
DA:8,0
DA:10,0
DA:11,0
DA:13,0
DA:14,0
DA:15,0
DA:17,0
DA:19,0
DA:20,0
DA:21,0
DA:22,0
DA:23,0
DA:24,0
DA:25,0
DA:26,0
DA:27,0
DA:29,0
DA:30,0
DA:33,0
DA:34,0
DA:38,0
DA:39,0
DA:40,0
DA:44,0
DA:45,0
DA:48,0
DA:49,0
DA:50,0
DA:51,0
DA:52,0
DA:54,0
DA:55,0
DA:59,0
DA:65,0
DA:95,0
DA:107,0
LF:37
LH:0
BRDA:62,0,0,0
BRDA:62,0,1,0
BRDA:66,1,0,0
BRDA:66,1,1,0
BRF:4
BRH:0
end_of_record
TN:
SF:/opt/lampp/htdocs/Cloud/Project-NL/liars-ask-react-deploy/client/src/client/users/UserDetailStory.js
FN:8,(anonymous_0)
FN:14,(anonymous_1)
FN:24,(anonymous_2)
FN:28,(anonymous_3)
FN:40,(anonymous_4)
FN:60,(anonymous_5)
FNF:6
FNH:0
FNDA:0,(anonymous_0)
FNDA:0,(anonymous_1)
FNDA:0,(anonymous_2)
FNDA:0,(anonymous_3)
FNDA:0,(anonymous_4)
FNDA:0,(anonymous_5)
DA:8,0
DA:10,0
DA:11,0
DA:12,0
DA:14,0
DA:15,0
DA:16,0
DA:17,0
DA:18,0
DA:19,0
DA:20,0
DA:22,0
DA:23,0
DA:25,0
DA:26,0
DA:29,0
DA:30,0
DA:34,0
DA:35,0
DA:36,0
DA:40,0
DA:41,0
DA:42,0
DA:43,0
DA:45,0
DA:48,0
DA:60,0
LF:27
LH:0
BRDA:19,0,0,0
BRDA:19,0,1,0
BRDA:50,1,0,0
BRDA:50,1,1,0
BRF:4
BRH:0
end_of_record
TN:
SF:/opt/lampp/htdocs/Cloud/Project-NL/liars-ask-react-deploy/client/src/client/users/UserInfo.js
FN:5,(anonymous_0)
FNF:1
FNH:0
FNDA:0,(anonymous_0)
DA:5,0
DA:6,0
LF:2
LH:0
BRDA:10,0,0,0
BRDA:10,0,1,0
BRF:2
BRH:0
end_of_record
TN:
SF:/opt/lampp/htdocs/Cloud/Project-NL/liars-ask-react-deploy/client/src/client/users/UsersComponent.js
FN:10,(anonymous_0)
FN:17,(anonymous_1)
FN:23,(anonymous_2)
FN:51,(anonymous_3)
FNF:4
FNH:0
FNDA:0,(anonymous_0)
FNDA:0,(anonymous_1)
FNDA:0,(anonymous_2)
FNDA:0,(anonymous_3)
DA:11,0
DA:12,0
DA:18,0
DA:19,0
DA:24,0
DA:25,0
DA:26,0
DA:52,0
LF:8
LH:0
BRDA:56,0,0,0
BRDA:56,0,1,0
BRF:2
BRH:0
end_of_record
TN:
SF:/opt/lampp/htdocs/Cloud/Project-NL/liars-ask-react-deploy/client/src/client/users/ViewUserDetail.js
FN:12,(anonymous_0)
FN:21,(anonymous_1)
FN:41,(anonymous_2)
FN:151,(anonymous_3)
FN:171,(anonymous_4)
FNF:5
FNH:0
FNDA:0,(anonymous_0)
FNDA:0,(anonymous_1)
FNDA:0,(anonymous_2)
FNDA:0,(anonymous_3)
FNDA:0,(anonymous_4)
DA:13,0
DA:14,0
DA:22,0
DA:23,0
DA:26,0
DA:27,0
DA:28,0
DA:31,0
DA:33,0
DA:35,0
DA:37,0
DA:42,0
DA:44,0
DA:45,0
DA:152,0
DA:172,0
LF:16
LH:0
BRDA:27,0,0,0
BRDA:27,0,1,0
BRF:2
BRH:0
end_of_record
TN:
SF:/opt/lampp/htdocs/Cloud/Project-NL/liars-ask-react-deploy/client/src/client/users/ViewUserDetailBasic.js
FN:7,(anonymous_0)
FN:22,(anonymous_1)
FN:27,(anonymous_2)
FN:35,(anonymous_3)
FN:41,(anonymous_4)
FN:46,(anonymous_5)
FN:51,(anonymous_6)
FNF:7
FNH:0
FNDA:0,(anonymous_0)
FNDA:0,(anonymous_1)
FNDA:0,(anonymous_2)
FNDA:0,(anonymous_3)
FNDA:0,(anonymous_4)
FNDA:0,(anonymous_5)
FNDA:0,(anonymous_6)
DA:8,0
DA:9,0
DA:23,0
DA:24,0
DA:26,0
DA:27,0
DA:29,0
DA:30,0
DA:31,0
DA:32,0
DA:35,0
DA:36,0
DA:37,0
DA:38,0
DA:40,0
DA:42,0
DA:46,0
DA:47,0
DA:52,0
DA:53,0
LF:20
LH:0
BRDA:30,0,0,0
BRDA:30,0,1,0
BRDA:31,1,0,0
BRDA:31,1,1,0
BRDA:38,2,0,0
BRDA:38,2,1,0
BRDA:38,3,0,0
BRDA:38,3,1,0
BRDA:56,4,0,0
BRDA:56,4,1,0
BRDA:60,5,0,0
BRDA:60,5,1,0
BRF:12
BRH:0
end_of_record
TN:
SF:/opt/lampp/htdocs/Cloud/Project-NL/liars-ask-react-deploy/client/src/client/users/ViewUserDetailStory.js
FN:8,(anonymous_0)
FN:14,(anonymous_1)
FNF:2
FNH:0
FNDA:0,(anonymous_0)
FNDA:0,(anonymous_1)
DA:8,0
DA:10,0
DA:11,0
DA:14,0
DA:17,0
LF:5
LH:0
BRDA:19,0,0,0
BRDA:19,0,1,0
BRF:2
BRH:0
end_of_record
TN:
SF:/opt/lampp/htdocs/Cloud/Project-NL/liars-ask-react-deploy/client/src/controllers/announcementController.js
FN:2,(anonymous_0)
FN:12,(anonymous_1)
FN:15,(anonymous_2)
FN:20,(anonymous_3)
FN:30,(anonymous_4)
FN:33,(anonymous_5)
FN:38,(anonymous_6)
FN:47,(anonymous_7)
FN:50,(anonymous_8)
FN:55,(anonymous_9)
FN:63,(anonymous_10)
FN:66,(anonymous_11)
FN:71,(anonymous_12)
FN:79,(anonymous_13)
FN:82,(anonymous_14)
FN:87,(anonymous_15)
FN:94,(anonymous_16)
FN:97,(anonymous_17)
FNF:18
FNH:0
FNDA:0,(anonymous_0)
FNDA:0,(anonymous_1)
FNDA:0,(anonymous_2)
FNDA:0,(anonymous_3)
FNDA:0,(anonymous_4)
FNDA:0,(anonymous_5)
FNDA:0,(anonymous_6)
FNDA:0,(anonymous_7)
FNDA:0,(anonymous_8)
FNDA:0,(anonymous_9)
FNDA:0,(anonymous_10)
FNDA:0,(anonymous_11)
FNDA:0,(anonymous_12)
FNDA:0,(anonymous_13)
FNDA:0,(anonymous_14)
FNDA:0,(anonymous_15)
FNDA:0,(anonymous_16)
FNDA:0,(anonymous_17)
DA:2,0
DA:3,0
DA:13,0
DA:16,0
DA:20,0
DA:21,0
DA:31,0
DA:34,0
DA:38,0
DA:39,0
DA:48,0
DA:51,0
DA:55,0
DA:56,0
DA:64,0
DA:67,0
DA:71,0
DA:72,0
DA:80,0
DA:83,0
DA:87,0
DA:88,0
DA:95,0
DA:98,0
LF:24
LH:0
BRF:0
BRH:0
end_of_record
TN:
SF:/opt/lampp/htdocs/Cloud/Project-NL/liars-ask-react-deploy/client/src/controllers/askController.js
FN:1,(anonymous_0)
FN:9,(anonymous_1)
FN:12,(anonymous_2)
FN:18,(anonymous_3)
FN:28,(anonymous_4)
FN:31,(anonymous_5)
FN:36,(anonymous_6)
FN:44,(anonymous_7)
FN:47,(anonymous_8)
FN:52,(anonymous_9)
FN:60,(anonymous_10)
FN:63,(anonymous_11)
FN:68,(anonymous_12)
FN:76,(anonymous_13)
FN:79,(anonymous_14)
FN:84,(anonymous_15)
FN:92,(anonymous_16)
FN:95,(anonymous_17)
FN:102,(anonymous_18)
FN:112,(anonymous_19)
FN:115,(anonymous_20)
FN:120,(anonymous_21)
FN:128,(anonymous_22)
FN:131,(anonymous_23)
FN:136,(anonymous_24)
FN:146,(anonymous_25)
FN:149,(anonymous_26)
FN:154,(anonymous_27)
FN:163,(anonymous_28)
FN:166,(anonymous_29)
FNF:30
FNH:0
FNDA:0,(anonymous_0)
FNDA:0,(anonymous_1)
FNDA:0,(anonymous_2)
FNDA:0,(anonymous_3)
FNDA:0,(anonymous_4)
FNDA:0,(anonymous_5)
FNDA:0,(anonymous_6)
FNDA:0,(anonymous_7)
FNDA:0,(anonymous_8)
FNDA:0,(anonymous_9)
FNDA:0,(anonymous_10)
FNDA:0,(anonymous_11)
FNDA:0,(anonymous_12)
FNDA:0,(anonymous_13)
FNDA:0,(anonymous_14)
FNDA:0,(anonymous_15)
FNDA:0,(anonymous_16)
FNDA:0,(anonymous_17)
FNDA:0,(anonymous_18)
FNDA:0,(anonymous_19)
FNDA:0,(anonymous_20)
FNDA:0,(anonymous_21)
FNDA:0,(anonymous_22)
FNDA:0,(anonymous_23)
FNDA:0,(anonymous_24)
FNDA:0,(anonymous_25)
FNDA:0,(anonymous_26)
FNDA:0,(anonymous_27)
FNDA:0,(anonymous_28)
FNDA:0,(anonymous_29)
DA:1,1
DA:2,0
DA:10,0
DA:13,0
DA:18,1
DA:19,0
DA:29,0
DA:32,0
DA:36,1
DA:37,0
DA:45,0
DA:48,0
DA:52,1
DA:53,0
DA:61,0
DA:64,0
DA:68,1
DA:69,0
DA:77,0
DA:80,0
DA:84,1
DA:85,0
DA:93,0
DA:96,0
DA:102,1
DA:103,0
DA:113,0
DA:116,0
DA:120,1
DA:121,0
DA:129,0
DA:132,0
DA:136,1
DA:137,0
DA:147,0
DA:150,0
DA:154,1
DA:155,0
DA:164,0
DA:167,0
LF:40
LH:10
BRF:0
BRH:0
end_of_record
TN:
SF:/opt/lampp/htdocs/Cloud/Project-NL/liars-ask-react-deploy/client/src/controllers/authController.js
FN:1,(anonymous_0)
FN:10,(anonymous_1)
FN:13,(anonymous_2)
FN:18,(anonymous_3)
FN:26,(anonymous_4)
FN:29,(anonymous_5)
FN:34,(anonymous_6)
FN:43,(anonymous_7)
FN:46,(anonymous_8)
FNF:9
FNH:0
FNDA:0,(anonymous_0)
FNDA:0,(anonymous_1)
FNDA:0,(anonymous_2)
FNDA:0,(anonymous_3)
FNDA:0,(anonymous_4)
FNDA:0,(anonymous_5)
FNDA:0,(anonymous_6)
FNDA:0,(anonymous_7)
FNDA:0,(anonymous_8)
DA:1,0
DA:2,0
DA:11,0
DA:14,0
DA:18,0
DA:19,0
DA:27,0
DA:30,0
DA:34,0
DA:35,0
DA:44,0
DA:47,0
LF:12
LH:0
BRF:0
BRH:0
end_of_record
TN:
SF:/opt/lampp/htdocs/Cloud/Project-NL/liars-ask-react-deploy/client/src/controllers/blogController.js
FN:2,(anonymous_0)
FN:12,(anonymous_1)
FN:15,(anonymous_2)
FN:20,(anonymous_3)
FN:28,(anonymous_4)
FN:31,(anonymous_5)
FN:36,(anonymous_6)
FN:44,(anonymous_7)
FN:47,(anonymous_8)
FN:52,(anonymous_9)
FN:60,(anonymous_10)
FN:63,(anonymous_11)
FN:69,(anonymous_12)
FN:77,(anonymous_13)
FN:80,(anonymous_14)
FN:85,(anonymous_15)
FN:93,(anonymous_16)
FN:96,(anonymous_17)
FN:101,(anonymous_18)
FN:111,(anonymous_19)
FN:114,(anonymous_20)
FN:119,(anonymous_21)
FN:128,(anonymous_22)
FN:131,(anonymous_23)
FNF:24
FNH:0
FNDA:0,(anonymous_0)
FNDA:0,(anonymous_1)
FNDA:0,(anonymous_2)
FNDA:0,(anonymous_3)
FNDA:0,(anonymous_4)
FNDA:0,(anonymous_5)
FNDA:0,(anonymous_6)
FNDA:0,(anonymous_7)
FNDA:0,(anonymous_8)
FNDA:0,(anonymous_9)
FNDA:0,(anonymous_10)
FNDA:0,(anonymous_11)
FNDA:0,(anonymous_12)
FNDA:0,(anonymous_13)
FNDA:0,(anonymous_14)
FNDA:0,(anonymous_15)
FNDA:0,(anonymous_16)
FNDA:0,(anonymous_17)
FNDA:0,(anonymous_18)
FNDA:0,(anonymous_19)
FNDA:0,(anonymous_20)
FNDA:0,(anonymous_21)
FNDA:0,(anonymous_22)
FNDA:0,(anonymous_23)
DA:2,0
DA:3,0
DA:13,0
DA:16,0
DA:20,0
DA:21,0
DA:29,0
DA:32,0
DA:36,0
DA:37,0
DA:45,0
DA:48,0
DA:52,0
DA:53,0
DA:61,0
DA:64,0
DA:69,0
DA:70,0
DA:78,0
DA:81,0
DA:85,0
DA:86,0
DA:94,0
DA:97,0
DA:101,0
DA:102,0
DA:112,0
DA:115,0
DA:119,0
DA:120,0
DA:129,0
DA:132,0
LF:32
LH:0
BRDA:20,0,0,0
BRF:1
BRH:0
end_of_record
TN:
SF:/opt/lampp/htdocs/Cloud/Project-NL/liars-ask-react-deploy/client/src/controllers/galleryController.js
FN:2,(anonymous_0)
FN:11,(anonymous_1)
FN:14,(anonymous_2)
FN:19,(anonymous_3)
FN:27,(anonymous_4)
FN:30,(anonymous_5)
FN:35,(anonymous_6)
FN:45,(anonymous_7)
FN:48,(anonymous_8)
FNF:9
FNH:0
FNDA:0,(anonymous_0)
FNDA:0,(anonymous_1)
FNDA:0,(anonymous_2)
FNDA:0,(anonymous_3)
FNDA:0,(anonymous_4)
FNDA:0,(anonymous_5)
FNDA:0,(anonymous_6)
FNDA:0,(anonymous_7)
FNDA:0,(anonymous_8)
DA:2,0
DA:3,0
DA:12,0
DA:15,0
DA:19,0
DA:20,0
DA:28,0
DA:31,0
DA:35,0
DA:36,0
DA:46,0
DA:49,0
LF:12
LH:0
BRF:0
BRH:0
end_of_record
TN:
SF:/opt/lampp/htdocs/Cloud/Project-NL/liars-ask-react-deploy/client/src/controllers/notifyController.js
FN:1,(anonymous_0)
FN:10,(anonymous_1)
FN:13,(anonymous_2)
FNF:3
FNH:0
FNDA:0,(anonymous_0)
FNDA:0,(anonymous_1)
FNDA:0,(anonymous_2)
DA:1,1
DA:2,0
DA:11,0
DA:14,0
LF:4
LH:1
BRF:0
BRH:0
end_of_record
TN:
SF:/opt/lampp/htdocs/Cloud/Project-NL/liars-ask-react-deploy/client/src/controllers/requestUpgrade.js
FN:1,(anonymous_0)
FN:10,(anonymous_1)
FN:13,(anonymous_2)
FN:18,(anonymous_3)
FN:27,(anonymous_4)
FN:30,(anonymous_5)
FN:35,(anonymous_6)
FN:46,(anonymous_7)
FN:49,(anonymous_8)
FN:54,(anonymous_9)
FN:64,(anonymous_10)
FN:67,(anonymous_11)
FN:72,(anonymous_12)
FN:80,(anonymous_13)
FN:83,(anonymous_14)
FNF:15
FNH:0
FNDA:0,(anonymous_0)
FNDA:0,(anonymous_1)
FNDA:0,(anonymous_2)
FNDA:0,(anonymous_3)
FNDA:0,(anonymous_4)
FNDA:0,(anonymous_5)
FNDA:0,(anonymous_6)
FNDA:0,(anonymous_7)
FNDA:0,(anonymous_8)
FNDA:0,(anonymous_9)
FNDA:0,(anonymous_10)
FNDA:0,(anonymous_11)
FNDA:0,(anonymous_12)
FNDA:0,(anonymous_13)
FNDA:0,(anonymous_14)
DA:1,0
DA:2,0
DA:11,0
DA:14,0
DA:18,0
DA:19,0
DA:28,0
DA:31,0
DA:35,0
DA:36,0
DA:37,0
DA:47,0
DA:50,0
DA:54,0
DA:55,0
DA:65,0
DA:68,0
DA:72,0
DA:73,0
DA:81,0
DA:84,0
LF:21
LH:0
BRF:0
BRH:0
end_of_record
TN:
SF:/opt/lampp/htdocs/Cloud/Project-NL/liars-ask-react-deploy/client/src/controllers/searchController.js
FN:1,(anonymous_0)
FN:9,(anonymous_1)
FN:12,(anonymous_2)
FNF:3
FNH:0
FNDA:0,(anonymous_0)
FNDA:0,(anonymous_1)
FNDA:0,(anonymous_2)
DA:1,0
DA:2,0
DA:10,0
DA:13,0
LF:4
LH:0
BRF:0
BRH:0
end_of_record
TN:
SF:/opt/lampp/htdocs/Cloud/Project-NL/liars-ask-react-deploy/client/src/controllers/tagController.js
FN:2,(anonymous_0)
FN:12,(anonymous_1)
FN:15,(anonymous_2)
FN:20,(anonymous_3)
FN:28,(anonymous_4)
FN:31,(anonymous_5)
FNF:6
FNH:0
FNDA:0,(anonymous_0)
FNDA:0,(anonymous_1)
FNDA:0,(anonymous_2)
FNDA:0,(anonymous_3)
FNDA:0,(anonymous_4)
FNDA:0,(anonymous_5)
DA:2,0
DA:3,0
DA:13,0
DA:16,0
DA:20,0
DA:21,0
DA:29,0
DA:32,0
LF:8
LH:0
BRF:0
BRH:0
end_of_record
TN:
SF:/opt/lampp/htdocs/Cloud/Project-NL/liars-ask-react-deploy/client/src/controllers/userController.js
FN:1,(anonymous_0)
FN:9,(anonymous_1)
FN:12,(anonymous_2)
FN:17,(anonymous_3)
FN:25,(anonymous_4)
FN:28,(anonymous_5)
FN:33,(anonymous_6)
FN:42,(anonymous_7)
FN:45,(anonymous_8)
FN:50,(anonymous_9)
FN:58,(anonymous_10)
FN:61,(anonymous_11)
FN:67,(anonymous_12)
FN:76,(anonymous_13)
FN:79,(anonymous_14)
FN:84,(anonymous_15)
FN:93,(anonymous_16)
FN:96,(anonymous_17)
FN:101,(anonymous_18)
FN:106,(anonymous_19)
FN:113,(anonymous_20)
FN:122,(anonymous_21)
FN:125,(anonymous_22)
FN:130,(anonymous_23)
FN:139,(anonymous_24)
FN:142,(anonymous_25)
FN:147,(anonymous_26)
FN:155,(anonymous_27)
FN:158,(anonymous_28)
FN:163,(anonymous_29)
FN:173,(anonymous_30)
FN:176,(anonymous_31)
FN:181,(anonymous_32)
FN:189,(anonymous_33)
FN:192,(anonymous_34)
FN:197,(anonymous_35)
FN:205,(anonymous_36)
FN:208,(anonymous_37)
FN:213,(anonymous_38)
FN:223,(anonymous_39)
FN:226,(anonymous_40)
FNF:41
FNH:0
FNDA:0,(anonymous_0)
FNDA:0,(anonymous_1)
FNDA:0,(anonymous_2)
FNDA:0,(anonymous_3)
FNDA:0,(anonymous_4)
FNDA:0,(anonymous_5)
FNDA:0,(anonymous_6)
FNDA:0,(anonymous_7)
FNDA:0,(anonymous_8)
FNDA:0,(anonymous_9)
FNDA:0,(anonymous_10)
FNDA:0,(anonymous_11)
FNDA:0,(anonymous_12)
FNDA:0,(anonymous_13)
FNDA:0,(anonymous_14)
FNDA:0,(anonymous_15)
FNDA:0,(anonymous_16)
FNDA:0,(anonymous_17)
FNDA:0,(anonymous_18)
FNDA:0,(anonymous_19)
FNDA:0,(anonymous_20)
FNDA:0,(anonymous_21)
FNDA:0,(anonymous_22)
FNDA:0,(anonymous_23)
FNDA:0,(anonymous_24)
FNDA:0,(anonymous_25)
FNDA:0,(anonymous_26)
FNDA:0,(anonymous_27)
FNDA:0,(anonymous_28)
FNDA:0,(anonymous_29)
FNDA:0,(anonymous_30)
FNDA:0,(anonymous_31)
FNDA:0,(anonymous_32)
FNDA:0,(anonymous_33)
FNDA:0,(anonymous_34)
FNDA:0,(anonymous_35)
FNDA:0,(anonymous_36)
FNDA:0,(anonymous_37)
FNDA:0,(anonymous_38)
FNDA:0,(anonymous_39)
FNDA:0,(anonymous_40)
DA:1,1
DA:2,0
DA:10,0
DA:13,0
DA:17,1
DA:18,0
DA:26,0
DA:29,0
DA:33,1
DA:34,0
DA:43,0
DA:46,0
DA:50,1
DA:51,0
DA:59,0
DA:62,0
DA:67,1
DA:68,0
DA:77,0
DA:80,0
DA:84,1
DA:85,0
DA:94,0
DA:97,0
DA:101,1
DA:102,0
DA:103,0
DA:106,1
DA:107,0
DA:108,0
DA:110,0
DA:113,1
DA:114,0
DA:123,0
DA:126,0
DA:130,1
DA:131,0
DA:140,0
DA:143,0
DA:147,1
DA:148,0
DA:156,0
DA:159,0
DA:163,1
DA:164,0
DA:165,0
DA:174,0
DA:177,0
DA:181,1
DA:182,0
DA:190,0
DA:193,0
DA:197,1
DA:198,0
DA:206,0
DA:209,0
DA:213,1
DA:214,0
DA:224,0
DA:227,0
LF:60
LH:15
BRDA:107,0,0,0
BRDA:107,0,1,0
BRF:2
BRH:0
end_of_record
TN:
SF:/opt/lampp/htdocs/Cloud/Project-NL/liars-ask-react-deploy/client/src/controllers/voteController.js
FN:2,(anonymous_0)
FN:12,(anonymous_1)
FN:15,(anonymous_2)
FN:21,(anonymous_3)
FN:31,(anonymous_4)
FN:34,(anonymous_5)
FNF:6
FNH:0
FNDA:0,(anonymous_0)
FNDA:0,(anonymous_1)
FNDA:0,(anonymous_2)
FNDA:0,(anonymous_3)
FNDA:0,(anonymous_4)
FNDA:0,(anonymous_5)
DA:2,0
DA:3,0
DA:13,0
DA:16,0
DA:21,0
DA:22,0
DA:32,0
DA:35,0
LF:8
LH:0
BRF:0
BRH:0
end_of_record
TN:
SF:/opt/lampp/htdocs/Cloud/Project-NL/liars-ask-react-deploy/client/src/utilities/helper.js
FN:1,(anonymous_0)
FN:4,executedFn
FN:9,(anonymous_2)
FNF:3
FNH:0
FNDA:0,(anonymous_0)
FNDA:0,executedFn
FNDA:0,(anonymous_2)
DA:1,0
DA:4,0
DA:5,0
DA:6,0
DA:7,0
DA:9,0
DA:10,0
DA:11,0
DA:14,0
DA:15,0
DA:17,0
DA:19,0
LF:12
LH:0
BRDA:11,0,0,0
BRDA:11,0,1,0
BRDA:15,1,0,0
BRDA:15,1,1,0
BRDA:19,2,0,0
BRDA:19,2,1,0
BRF:6
BRH:0
end_of_record
